Building DAG of jobs...
Using shell: /usr/local/bin/bash
Provided cluster nodes: 5000
Job counts:
	count	jobs
	1	all
	26	full_ilastik_probs
	15	training_ilastik_probs
	42

[Sat Mar  6 17:54:12 2021]
rule full_ilastik_probs:
    input: /hps/research1/birney/users/ian/opto_res/videos/20210203/h5s/20210301_5_7dpi4dpi_cabcr5inj2_W50_sp0.6_op50_GW_MMStack_Default.h5
    output: /hps/research1/birney/users/ian/opto_res/videos/20210203/h5s/20210301_5_7dpi4dpi_cabcr5inj2_W50_sp0.6_op50_GW_MMStack_Default_Probabilities.h5
    jobid: 152
    wildcards: sample=20210301_5_7dpi4dpi_cabcr5inj2_W50_sp0.6_op50_GW_MMStack_Default

/ilastik-release/run_ilastik.sh           --headless           --project=../ilastik/projects/20210107_test_pixclass.ilp           --readonly           --raw_data=/hps/research1/birney/users/ian/opto_res/videos/20210203/h5s/20210301_5_7dpi4dpi_cabcr5inj2_W50_sp0.6_op50_GW_MMStack_Default.h5           --export_source="Probabilities"           --output_filename_format=/hps/research1/birney/users/ian/opto_res/videos/20210203/h5s/20210301_5_7dpi4dpi_cabcr5inj2_W50_sp0.6_op50_GW_MMStack_Default_Probabilities.h5
Submitted job 152 with external jobid 'Job <1049986> is submitted to default queue <research-rh74>.'.

[Sat Mar  6 17:54:12 2021]
rule full_ilastik_probs:
    input: /hps/research1/birney/users/ian/opto_res/videos/20210203/h5s/20210227_5_5dpi2dpi_cabcr5inj2_W50_sp1_op80_LGG_MMStack_Default.h5
    output: /hps/research1/birney/users/ian/opto_res/videos/20210203/h5s/20210227_5_5dpi2dpi_cabcr5inj2_W50_sp1_op80_LGG_MMStack_Default_Probabilities.h5
    jobid: 141
    wildcards: sample=20210227_5_5dpi2dpi_cabcr5inj2_W50_sp1_op80_LGG_MMStack_Default

/ilastik-release/run_ilastik.sh           --headless           --project=../ilastik/projects/20210107_test_pixclass.ilp           --readonly           --raw_data=/hps/research1/birney/users/ian/opto_res/videos/20210203/h5s/20210227_5_5dpi2dpi_cabcr5inj2_W50_sp1_op80_LGG_MMStack_Default.h5           --export_source="Probabilities"           --output_filename_format=/hps/research1/birney/users/ian/opto_res/videos/20210203/h5s/20210227_5_5dpi2dpi_cabcr5inj2_W50_sp1_op80_LGG_MMStack_Default_Probabilities.h5
Submitted job 141 with external jobid 'Job <1049987> is submitted to default queue <research-rh74>.'.

[Sat Mar  6 17:54:12 2021]
rule full_ilastik_probs:
    input: /hps/research1/birney/users/ian/opto_res/videos/20210203/h5s/20210227_1_5dpi2dpi_cabcr5inj2_W50_sp0.6_op80_GW_MMStack_Default.h5
    output: /hps/research1/birney/users/ian/opto_res/videos/20210203/h5s/20210227_1_5dpi2dpi_cabcr5inj2_W50_sp0.6_op80_GW_MMStack_Default_Probabilities.h5
    jobid: 137
    wildcards: sample=20210227_1_5dpi2dpi_cabcr5inj2_W50_sp0.6_op80_GW_MMStack_Default

/ilastik-release/run_ilastik.sh           --headless           --project=../ilastik/projects/20210107_test_pixclass.ilp           --readonly           --raw_data=/hps/research1/birney/users/ian/opto_res/videos/20210203/h5s/20210227_1_5dpi2dpi_cabcr5inj2_W50_sp0.6_op80_GW_MMStack_Default.h5           --export_source="Probabilities"           --output_filename_format=/hps/research1/birney/users/ian/opto_res/videos/20210203/h5s/20210227_1_5dpi2dpi_cabcr5inj2_W50_sp0.6_op80_GW_MMStack_Default_Probabilities.h5
Submitted job 137 with external jobid 'Job <1049988> is submitted to default queue <research-rh74>.'.

[Sat Mar  6 17:54:12 2021]
rule training_ilastik_probs:
    input: /hps/research1/birney/users/ian/opto_res/ilastik/training/20210306/h5s/20210301_1_7dpi4dpi_cabcr5inj2_W50_sp0.6_op80_GW_MMStack_Default.h5
    output: /hps/research1/birney/users/ian/opto_res/ilastik/training/20210306/h5s/20210301_1_7dpi4dpi_cabcr5inj2_W50_sp0.6_op80_GW_MMStack_Default_Probabilities.h5
    jobid: 117
    wildcards: sample=20210301_1_7dpi4dpi_cabcr5inj2_W50_sp0.6_op80_GW_MMStack_Default

/ilastik-release/run_ilastik.sh           --headless           --project=../ilastik/projects/20210107_test_pixclass.ilp           --readonly           --raw_data=/hps/research1/birney/users/ian/opto_res/ilastik/training/20210306/h5s/20210301_1_7dpi4dpi_cabcr5inj2_W50_sp0.6_op80_GW_MMStack_Default.h5           --export_source="Probabilities"           --output_filename_format=/hps/research1/birney/users/ian/opto_res/ilastik/training/20210306/h5s/20210301_1_7dpi4dpi_cabcr5inj2_W50_sp0.6_op80_GW_MMStack_Default_Probabilities.h5
Submitted job 117 with external jobid 'Job <1049989> is submitted to default queue <research-rh74>.'.

[Sat Mar  6 17:54:12 2021]
rule training_ilastik_probs:
    input: /hps/research1/birney/users/ian/opto_res/ilastik/training/20210306/h5s/20210301_9_7dpi4dpi_cabcr5inj2_W50_sp0.6_op100_GW_MMStack_Default.h5
    output: /hps/research1/birney/users/ian/opto_res/ilastik/training/20210306/h5s/20210301_9_7dpi4dpi_cabcr5inj2_W50_sp0.6_op100_GW_MMStack_Default_Probabilities.h5
    jobid: 130
    wildcards: sample=20210301_9_7dpi4dpi_cabcr5inj2_W50_sp0.6_op100_GW_MMStack_Default

/ilastik-release/run_ilastik.sh           --headless           --project=../ilastik/projects/20210107_test_pixclass.ilp           --readonly           --raw_data=/hps/research1/birney/users/ian/opto_res/ilastik/training/20210306/h5s/20210301_9_7dpi4dpi_cabcr5inj2_W50_sp0.6_op100_GW_MMStack_Default.h5           --export_source="Probabilities"           --output_filename_format=/hps/research1/birney/users/ian/opto_res/ilastik/training/20210306/h5s/20210301_9_7dpi4dpi_cabcr5inj2_W50_sp0.6_op100_GW_MMStack_Default_Probabilities.h5
Submitted job 130 with external jobid 'Job <1049990> is submitted to default queue <research-rh74>.'.

[Sat Mar  6 17:54:13 2021]
rule full_ilastik_probs:
    input: /hps/research1/birney/users/ian/opto_res/videos/20210203/h5s/20210301_9_7dpi4dpi_cabcr5inj2_W50_sp0.6_op100_GW_MMStack_Default.h5
    output: /hps/research1/birney/users/ian/opto_res/videos/20210203/h5s/20210301_9_7dpi4dpi_cabcr5inj2_W50_sp0.6_op100_GW_MMStack_Default_Probabilities.h5
    jobid: 156
    wildcards: sample=20210301_9_7dpi4dpi_cabcr5inj2_W50_sp0.6_op100_GW_MMStack_Default

/ilastik-release/run_ilastik.sh           --headless           --project=../ilastik/projects/20210107_test_pixclass.ilp           --readonly           --raw_data=/hps/research1/birney/users/ian/opto_res/videos/20210203/h5s/20210301_9_7dpi4dpi_cabcr5inj2_W50_sp0.6_op100_GW_MMStack_Default.h5           --export_source="Probabilities"           --output_filename_format=/hps/research1/birney/users/ian/opto_res/videos/20210203/h5s/20210301_9_7dpi4dpi_cabcr5inj2_W50_sp0.6_op100_GW_MMStack_Default_Probabilities.h5
Submitted job 156 with external jobid 'Job <1049991> is submitted to default queue <research-rh74>.'.

[Sat Mar  6 17:54:13 2021]
rule training_ilastik_probs:
    input: /hps/research1/birney/users/ian/opto_res/ilastik/training/20210306/h5s/20210226_2_4dpi1dpi_cabcr5inj2_W50_sp0.93_op80_GW_MMStack_Default.h5
    output: /hps/research1/birney/users/ian/opto_res/ilastik/training/20210306/h5s/20210226_2_4dpi1dpi_cabcr5inj2_W50_sp0.93_op80_GW_MMStack_Default_Probabilities.h5
    jobid: 106
    wildcards: sample=20210226_2_4dpi1dpi_cabcr5inj2_W50_sp0.93_op80_GW_MMStack_Default

/ilastik-release/run_ilastik.sh           --headless           --project=../ilastik/projects/20210107_test_pixclass.ilp           --readonly           --raw_data=/hps/research1/birney/users/ian/opto_res/ilastik/training/20210306/h5s/20210226_2_4dpi1dpi_cabcr5inj2_W50_sp0.93_op80_GW_MMStack_Default.h5           --export_source="Probabilities"           --output_filename_format=/hps/research1/birney/users/ian/opto_res/ilastik/training/20210306/h5s/20210226_2_4dpi1dpi_cabcr5inj2_W50_sp0.93_op80_GW_MMStack_Default_Probabilities.h5
Submitted job 106 with external jobid 'Job <1049992> is submitted to default queue <research-rh74>.'.

[Sat Mar  6 17:54:13 2021]
rule training_ilastik_probs:
    input: /hps/research1/birney/users/ian/opto_res/ilastik/training/20210306/h5s/20210301_11_7dpi4dpi_cabcr5inj2_W50_sp0.6_op100_GW_MMStack_Default.h5
    output: /hps/research1/birney/users/ian/opto_res/ilastik/training/20210306/h5s/20210301_11_7dpi4dpi_cabcr5inj2_W50_sp0.6_op100_GW_MMStack_Default_Probabilities.h5
    jobid: 119
    wildcards: sample=20210301_11_7dpi4dpi_cabcr5inj2_W50_sp0.6_op100_GW_MMStack_Default

/ilastik-release/run_ilastik.sh           --headless           --project=../ilastik/projects/20210107_test_pixclass.ilp           --readonly           --raw_data=/hps/research1/birney/users/ian/opto_res/ilastik/training/20210306/h5s/20210301_11_7dpi4dpi_cabcr5inj2_W50_sp0.6_op100_GW_MMStack_Default.h5           --export_source="Probabilities"           --output_filename_format=/hps/research1/birney/users/ian/opto_res/ilastik/training/20210306/h5s/20210301_11_7dpi4dpi_cabcr5inj2_W50_sp0.6_op100_GW_MMStack_Default_Probabilities.h5
Submitted job 119 with external jobid 'Job <1049993> is submitted to default queue <research-rh74>.'.

[Sat Mar  6 17:54:13 2021]
rule training_ilastik_probs:
    input: /hps/research1/birney/users/ian/opto_res/ilastik/training/20210306/h5s/20210301_13_7dpi4dpi_cabcr5inj2_W50_sp0.6_op80_LGG_MMStack_Default.h5
    output: /hps/research1/birney/users/ian/opto_res/ilastik/training/20210306/h5s/20210301_13_7dpi4dpi_cabcr5inj2_W50_sp0.6_op80_LGG_MMStack_Default_Probabilities.h5
    jobid: 121
    wildcards: sample=20210301_13_7dpi4dpi_cabcr5inj2_W50_sp0.6_op80_LGG_MMStack_Default

/ilastik-release/run_ilastik.sh           --headless           --project=../ilastik/projects/20210107_test_pixclass.ilp           --readonly           --raw_data=/hps/research1/birney/users/ian/opto_res/ilastik/training/20210306/h5s/20210301_13_7dpi4dpi_cabcr5inj2_W50_sp0.6_op80_LGG_MMStack_Default.h5           --export_source="Probabilities"           --output_filename_format=/hps/research1/birney/users/ian/opto_res/ilastik/training/20210306/h5s/20210301_13_7dpi4dpi_cabcr5inj2_W50_sp0.6_op80_LGG_MMStack_Default_Probabilities.h5
Submitted job 121 with external jobid 'Job <1049994> is submitted to default queue <research-rh74>.'.

[Sat Mar  6 17:54:13 2021]
rule full_ilastik_probs:
    input: /hps/research1/birney/users/ian/opto_res/videos/20210203/h5s/20210226_4_4dpi1dpi_cabcr5inj2_W50_sp1_op50_GW_MMStack_Default.h5
    output: /hps/research1/birney/users/ian/opto_res/videos/20210203/h5s/20210226_4_4dpi1dpi_cabcr5inj2_W50_sp1_op50_GW_MMStack_Default_Probabilities.h5
    jobid: 134
    wildcards: sample=20210226_4_4dpi1dpi_cabcr5inj2_W50_sp1_op50_GW_MMStack_Default

/ilastik-release/run_ilastik.sh           --headless           --project=../ilastik/projects/20210107_test_pixclass.ilp           --readonly           --raw_data=/hps/research1/birney/users/ian/opto_res/videos/20210203/h5s/20210226_4_4dpi1dpi_cabcr5inj2_W50_sp1_op50_GW_MMStack_Default.h5           --export_source="Probabilities"           --output_filename_format=/hps/research1/birney/users/ian/opto_res/videos/20210203/h5s/20210226_4_4dpi1dpi_cabcr5inj2_W50_sp1_op50_GW_MMStack_Default_Probabilities.h5
Submitted job 134 with external jobid 'Job <1049995> is submitted to default queue <research-rh74>.'.

[Sat Mar  6 17:54:14 2021]
rule full_ilastik_probs:
    input: /hps/research1/birney/users/ian/opto_res/videos/20210203/h5s/20210301_11_7dpi4dpi_cabcr5inj2_W50_sp0.6_op100_GW_MMStack_Default.h5
    output: /hps/research1/birney/users/ian/opto_res/videos/20210203/h5s/20210301_11_7dpi4dpi_cabcr5inj2_W50_sp0.6_op100_GW_MMStack_Default_Probabilities.h5
    jobid: 145
    wildcards: sample=20210301_11_7dpi4dpi_cabcr5inj2_W50_sp0.6_op100_GW_MMStack_Default

/ilastik-release/run_ilastik.sh           --headless           --project=../ilastik/projects/20210107_test_pixclass.ilp           --readonly           --raw_data=/hps/research1/birney/users/ian/opto_res/videos/20210203/h5s/20210301_11_7dpi4dpi_cabcr5inj2_W50_sp0.6_op100_GW_MMStack_Default.h5           --export_source="Probabilities"           --output_filename_format=/hps/research1/birney/users/ian/opto_res/videos/20210203/h5s/20210301_11_7dpi4dpi_cabcr5inj2_W50_sp0.6_op100_GW_MMStack_Default_Probabilities.h5
Submitted job 145 with external jobid 'Job <1049996> is submitted to default queue <research-rh74>.'.

[Sat Mar  6 17:54:14 2021]
rule full_ilastik_probs:
    input: /hps/research1/birney/users/ian/opto_res/videos/20210203/h5s/20210301_2_7dpi4dpi_cabcr5inj2_W50_sp0.6_op80_GW_MMStack_Default.h5
    output: /hps/research1/birney/users/ian/opto_res/videos/20210203/h5s/20210301_2_7dpi4dpi_cabcr5inj2_W50_sp0.6_op80_GW_MMStack_Default_Probabilities.h5
    jobid: 149
    wildcards: sample=20210301_2_7dpi4dpi_cabcr5inj2_W50_sp0.6_op80_GW_MMStack_Default

/ilastik-release/run_ilastik.sh           --headless           --project=../ilastik/projects/20210107_test_pixclass.ilp           --readonly           --raw_data=/hps/research1/birney/users/ian/opto_res/videos/20210203/h5s/20210301_2_7dpi4dpi_cabcr5inj2_W50_sp0.6_op80_GW_MMStack_Default.h5           --export_source="Probabilities"           --output_filename_format=/hps/research1/birney/users/ian/opto_res/videos/20210203/h5s/20210301_2_7dpi4dpi_cabcr5inj2_W50_sp0.6_op80_GW_MMStack_Default_Probabilities.h5
Submitted job 149 with external jobid 'Job <1049997> is submitted to default queue <research-rh74>.'.

[Sat Mar  6 17:54:14 2021]
rule training_ilastik_probs:
    input: /hps/research1/birney/users/ian/opto_res/ilastik/training/20210306/h5s/20210226_4_4dpi1dpi_cabcr5inj2_W50_sp1_op50_GW_MMStack_Default.h5
    output: /hps/research1/birney/users/ian/opto_res/ilastik/training/20210306/h5s/20210226_4_4dpi1dpi_cabcr5inj2_W50_sp1_op50_GW_MMStack_Default_Probabilities.h5
    jobid: 108
    wildcards: sample=20210226_4_4dpi1dpi_cabcr5inj2_W50_sp1_op50_GW_MMStack_Default

/ilastik-release/run_ilastik.sh           --headless           --project=../ilastik/projects/20210107_test_pixclass.ilp           --readonly           --raw_data=/hps/research1/birney/users/ian/opto_res/ilastik/training/20210306/h5s/20210226_4_4dpi1dpi_cabcr5inj2_W50_sp1_op50_GW_MMStack_Default.h5           --export_source="Probabilities"           --output_filename_format=/hps/research1/birney/users/ian/opto_res/ilastik/training/20210306/h5s/20210226_4_4dpi1dpi_cabcr5inj2_W50_sp1_op50_GW_MMStack_Default_Probabilities.h5
Submitted job 108 with external jobid 'Job <1049998> is submitted to default queue <research-rh74>.'.

[Sat Mar  6 17:54:14 2021]
rule training_ilastik_probs:
    input: /hps/research1/birney/users/ian/opto_res/ilastik/training/20210306/h5s/20210301_2_7dpi4dpi_cabcr5inj2_W50_sp0.6_op80_GW_MMStack_Default.h5
    output: /hps/research1/birney/users/ian/opto_res/ilastik/training/20210306/h5s/20210301_2_7dpi4dpi_cabcr5inj2_W50_sp0.6_op80_GW_MMStack_Default_Probabilities.h5
    jobid: 123
    wildcards: sample=20210301_2_7dpi4dpi_cabcr5inj2_W50_sp0.6_op80_GW_MMStack_Default

/ilastik-release/run_ilastik.sh           --headless           --project=../ilastik/projects/20210107_test_pixclass.ilp           --readonly           --raw_data=/hps/research1/birney/users/ian/opto_res/ilastik/training/20210306/h5s/20210301_2_7dpi4dpi_cabcr5inj2_W50_sp0.6_op80_GW_MMStack_Default.h5           --export_source="Probabilities"           --output_filename_format=/hps/research1/birney/users/ian/opto_res/ilastik/training/20210306/h5s/20210301_2_7dpi4dpi_cabcr5inj2_W50_sp0.6_op80_GW_MMStack_Default_Probabilities.h5
Submitted job 123 with external jobid 'Job <1049999> is submitted to default queue <research-rh74>.'.

[Sat Mar  6 17:54:14 2021]
rule full_ilastik_probs:
    input: /hps/research1/birney/users/ian/opto_res/videos/20210203/h5s/20210227_2_5dpi2dpi_cabcr5inj2_W50_sp0.6_op80_GW_MMStack_Default.h5
    output: /hps/research1/birney/users/ian/opto_res/videos/20210203/h5s/20210227_2_5dpi2dpi_cabcr5inj2_W50_sp0.6_op80_GW_MMStack_Default_Probabilities.h5
    jobid: 138
    wildcards: sample=20210227_2_5dpi2dpi_cabcr5inj2_W50_sp0.6_op80_GW_MMStack_Default

/ilastik-release/run_ilastik.sh           --headless           --project=../ilastik/projects/20210107_test_pixclass.ilp           --readonly           --raw_data=/hps/research1/birney/users/ian/opto_res/videos/20210203/h5s/20210227_2_5dpi2dpi_cabcr5inj2_W50_sp0.6_op80_GW_MMStack_Default.h5           --export_source="Probabilities"           --output_filename_format=/hps/research1/birney/users/ian/opto_res/videos/20210203/h5s/20210227_2_5dpi2dpi_cabcr5inj2_W50_sp0.6_op80_GW_MMStack_Default_Probabilities.h5
Submitted job 138 with external jobid 'Job <1050000> is submitted to default queue <research-rh74>.'.

[Sat Mar  6 17:54:15 2021]
rule full_ilastik_probs:
    input: /hps/research1/birney/users/ian/opto_res/videos/20210203/h5s/20210227_6_5dpi2dpi_cabcr5inj2_W50_sp1_op80_LGG_MMStack_Default.h5
    output: /hps/research1/birney/users/ian/opto_res/videos/20210203/h5s/20210227_6_5dpi2dpi_cabcr5inj2_W50_sp1_op80_LGG_MMStack_Default_Probabilities.h5
    jobid: 142
    wildcards: sample=20210227_6_5dpi2dpi_cabcr5inj2_W50_sp1_op80_LGG_MMStack_Default

/ilastik-release/run_ilastik.sh           --headless           --project=../ilastik/projects/20210107_test_pixclass.ilp           --readonly           --raw_data=/hps/research1/birney/users/ian/opto_res/videos/20210203/h5s/20210227_6_5dpi2dpi_cabcr5inj2_W50_sp1_op80_LGG_MMStack_Default.h5           --export_source="Probabilities"           --output_filename_format=/hps/research1/birney/users/ian/opto_res/videos/20210203/h5s/20210227_6_5dpi2dpi_cabcr5inj2_W50_sp1_op80_LGG_MMStack_Default_Probabilities.h5
Submitted job 142 with external jobid 'Job <1050001> is submitted to default queue <research-rh74>.'.

[Sat Mar  6 17:54:15 2021]
rule full_ilastik_probs:
    input: /hps/research1/birney/users/ian/opto_res/videos/20210203/h5s/20210301_6_7dpi4dpi_cabcr5inj2_W50_sp0.6_op20_GW_MMStack_Default.h5
    output: /hps/research1/birney/users/ian/opto_res/videos/20210203/h5s/20210301_6_7dpi4dpi_cabcr5inj2_W50_sp0.6_op20_GW_MMStack_Default_Probabilities.h5
    jobid: 153
    wildcards: sample=20210301_6_7dpi4dpi_cabcr5inj2_W50_sp0.6_op20_GW_MMStack_Default

/ilastik-release/run_ilastik.sh           --headless           --project=../ilastik/projects/20210107_test_pixclass.ilp           --readonly           --raw_data=/hps/research1/birney/users/ian/opto_res/videos/20210203/h5s/20210301_6_7dpi4dpi_cabcr5inj2_W50_sp0.6_op20_GW_MMStack_Default.h5           --export_source="Probabilities"           --output_filename_format=/hps/research1/birney/users/ian/opto_res/videos/20210203/h5s/20210301_6_7dpi4dpi_cabcr5inj2_W50_sp0.6_op20_GW_MMStack_Default_Probabilities.h5
Submitted job 153 with external jobid 'Job <1050002> is submitted to default queue <research-rh74>.'.

[Sat Mar  6 17:54:15 2021]
rule training_ilastik_probs:
    input: /hps/research1/birney/users/ian/opto_res/ilastik/training/20210306/h5s/20210301_8_7dpi4dpi_cabcr5inj2_W50_sp0.6_op20_GW_MMStack_Default.h5
    output: /hps/research1/birney/users/ian/opto_res/ilastik/training/20210306/h5s/20210301_8_7dpi4dpi_cabcr5inj2_W50_sp0.6_op20_GW_MMStack_Default_Probabilities.h5
    jobid: 129
    wildcards: sample=20210301_8_7dpi4dpi_cabcr5inj2_W50_sp0.6_op20_GW_MMStack_Default

/ilastik-release/run_ilastik.sh           --headless           --project=../ilastik/projects/20210107_test_pixclass.ilp           --readonly           --raw_data=/hps/research1/birney/users/ian/opto_res/ilastik/training/20210306/h5s/20210301_8_7dpi4dpi_cabcr5inj2_W50_sp0.6_op20_GW_MMStack_Default.h5           --export_source="Probabilities"           --output_filename_format=/hps/research1/birney/users/ian/opto_res/ilastik/training/20210306/h5s/20210301_8_7dpi4dpi_cabcr5inj2_W50_sp0.6_op20_GW_MMStack_Default_Probabilities.h5
Submitted job 129 with external jobid 'Job <1050003> is submitted to default queue <research-rh74>.'.

[Sat Mar  6 17:54:15 2021]
rule full_ilastik_probs:
    input: /hps/research1/birney/users/ian/opto_res/videos/20210203/h5s/20210226_1_4dpi1dpi_cabcr5inj2_W50_sp0.93_op80_GW_MMStack_Default.h5
    output: /hps/research1/birney/users/ian/opto_res/videos/20210203/h5s/20210226_1_4dpi1dpi_cabcr5inj2_W50_sp0.93_op80_GW_MMStack_Default_Probabilities.h5
    jobid: 131
    wildcards: sample=20210226_1_4dpi1dpi_cabcr5inj2_W50_sp0.93_op80_GW_MMStack_Default

/ilastik-release/run_ilastik.sh           --headless           --project=../ilastik/projects/20210107_test_pixclass.ilp           --readonly           --raw_data=/hps/research1/birney/users/ian/opto_res/videos/20210203/h5s/20210226_1_4dpi1dpi_cabcr5inj2_W50_sp0.93_op80_GW_MMStack_Default.h5           --export_source="Probabilities"           --output_filename_format=/hps/research1/birney/users/ian/opto_res/videos/20210203/h5s/20210226_1_4dpi1dpi_cabcr5inj2_W50_sp0.93_op80_GW_MMStack_Default_Probabilities.h5
Submitted job 131 with external jobid 'Job <1050004> is submitted to default queue <research-rh74>.'.

[Sat Mar  6 17:54:15 2021]
rule full_ilastik_probs:
    input: /hps/research1/birney/users/ian/opto_res/videos/20210203/h5s/20210226_5_4dpi1dpi_cabcr5inj2_W50_sp1_op80_LGG_MMStack_Default.h5
    output: /hps/research1/birney/users/ian/opto_res/videos/20210203/h5s/20210226_5_4dpi1dpi_cabcr5inj2_W50_sp1_op80_LGG_MMStack_Default_Probabilities.h5
    jobid: 135
    wildcards: sample=20210226_5_4dpi1dpi_cabcr5inj2_W50_sp1_op80_LGG_MMStack_Default

/ilastik-release/run_ilastik.sh           --headless           --project=../ilastik/projects/20210107_test_pixclass.ilp           --readonly           --raw_data=/hps/research1/birney/users/ian/opto_res/videos/20210203/h5s/20210226_5_4dpi1dpi_cabcr5inj2_W50_sp1_op80_LGG_MMStack_Default.h5           --export_source="Probabilities"           --output_filename_format=/hps/research1/birney/users/ian/opto_res/videos/20210203/h5s/20210226_5_4dpi1dpi_cabcr5inj2_W50_sp1_op80_LGG_MMStack_Default_Probabilities.h5
Submitted job 135 with external jobid 'Job <1050005> is submitted to default queue <research-rh74>.'.

[Sat Mar  6 17:54:15 2021]
rule full_ilastik_probs:
    input: /hps/research1/birney/users/ian/opto_res/videos/20210203/h5s/20210301_12_7dpi4dpi_cabcr5inj2_W50_sp0.6_op80_LGG_MMStack_Default.h5
    output: /hps/research1/birney/users/ian/opto_res/videos/20210203/h5s/20210301_12_7dpi4dpi_cabcr5inj2_W50_sp0.6_op80_LGG_MMStack_Default_Probabilities.h5
    jobid: 146
    wildcards: sample=20210301_12_7dpi4dpi_cabcr5inj2_W50_sp0.6_op80_LGG_MMStack_Default

/ilastik-release/run_ilastik.sh           --headless           --project=../ilastik/projects/20210107_test_pixclass.ilp           --readonly           --raw_data=/hps/research1/birney/users/ian/opto_res/videos/20210203/h5s/20210301_12_7dpi4dpi_cabcr5inj2_W50_sp0.6_op80_LGG_MMStack_Default.h5           --export_source="Probabilities"           --output_filename_format=/hps/research1/birney/users/ian/opto_res/videos/20210203/h5s/20210301_12_7dpi4dpi_cabcr5inj2_W50_sp0.6_op80_LGG_MMStack_Default_Probabilities.h5
Submitted job 146 with external jobid 'Job <1050006> is submitted to default queue <research-rh74>.'.

[Sat Mar  6 17:54:15 2021]
rule full_ilastik_probs:
    input: /hps/research1/birney/users/ian/opto_res/videos/20210203/h5s/20210301_3_7dpi4dpi_cabcr5inj2_W50_sp0.6_op50_GW_MMStack_Default.h5
    output: /hps/research1/birney/users/ian/opto_res/videos/20210203/h5s/20210301_3_7dpi4dpi_cabcr5inj2_W50_sp0.6_op50_GW_MMStack_Default_Probabilities.h5
    jobid: 150
    wildcards: sample=20210301_3_7dpi4dpi_cabcr5inj2_W50_sp0.6_op50_GW_MMStack_Default

/ilastik-release/run_ilastik.sh           --headless           --project=../ilastik/projects/20210107_test_pixclass.ilp           --readonly           --raw_data=/hps/research1/birney/users/ian/opto_res/videos/20210203/h5s/20210301_3_7dpi4dpi_cabcr5inj2_W50_sp0.6_op50_GW_MMStack_Default.h5           --export_source="Probabilities"           --output_filename_format=/hps/research1/birney/users/ian/opto_res/videos/20210203/h5s/20210301_3_7dpi4dpi_cabcr5inj2_W50_sp0.6_op50_GW_MMStack_Default_Probabilities.h5
Submitted job 150 with external jobid 'Job <1050007> is submitted to default queue <research-rh74>.'.

[Sat Mar  6 17:54:15 2021]
rule training_ilastik_probs:
    input: /hps/research1/birney/users/ian/opto_res/ilastik/training/20210306/h5s/20210301_10_7dpi4dpi_cabcr5inj2_W50_sp0.6_op100_GW_MMStack_Default.h5
    output: /hps/research1/birney/users/ian/opto_res/ilastik/training/20210306/h5s/20210301_10_7dpi4dpi_cabcr5inj2_W50_sp0.6_op100_GW_MMStack_Default_Probabilities.h5
    jobid: 118
    wildcards: sample=20210301_10_7dpi4dpi_cabcr5inj2_W50_sp0.6_op100_GW_MMStack_Default

/ilastik-release/run_ilastik.sh           --headless           --project=../ilastik/projects/20210107_test_pixclass.ilp           --readonly           --raw_data=/hps/research1/birney/users/ian/opto_res/ilastik/training/20210306/h5s/20210301_10_7dpi4dpi_cabcr5inj2_W50_sp0.6_op100_GW_MMStack_Default.h5           --export_source="Probabilities"           --output_filename_format=/hps/research1/birney/users/ian/opto_res/ilastik/training/20210306/h5s/20210301_10_7dpi4dpi_cabcr5inj2_W50_sp0.6_op100_GW_MMStack_Default_Probabilities.h5
Submitted job 118 with external jobid 'Job <1050008> is submitted to default queue <research-rh74>.'.

[Sat Mar  6 17:54:16 2021]
rule full_ilastik_probs:
    input: /hps/research1/birney/users/ian/opto_res/videos/20210203/h5s/20210227_3_5dpi2dpi_cabcr5inj2_W50_sp1_op50_GW_MMStack_Default.h5
    output: /hps/research1/birney/users/ian/opto_res/videos/20210203/h5s/20210227_3_5dpi2dpi_cabcr5inj2_W50_sp1_op50_GW_MMStack_Default_Probabilities.h5
    jobid: 139
    wildcards: sample=20210227_3_5dpi2dpi_cabcr5inj2_W50_sp1_op50_GW_MMStack_Default

/ilastik-release/run_ilastik.sh           --headless           --project=../ilastik/projects/20210107_test_pixclass.ilp           --readonly           --raw_data=/hps/research1/birney/users/ian/opto_res/videos/20210203/h5s/20210227_3_5dpi2dpi_cabcr5inj2_W50_sp1_op50_GW_MMStack_Default.h5           --export_source="Probabilities"           --output_filename_format=/hps/research1/birney/users/ian/opto_res/videos/20210203/h5s/20210227_3_5dpi2dpi_cabcr5inj2_W50_sp1_op50_GW_MMStack_Default_Probabilities.h5
Submitted job 139 with external jobid 'Job <1050009> is submitted to default queue <research-rh74>.'.

[Sat Mar  6 17:54:16 2021]
rule full_ilastik_probs:
    input: /hps/research1/birney/users/ian/opto_res/videos/20210203/h5s/20210301_1_7dpi4dpi_cabcr5inj2_W50_sp0.6_op80_GW_MMStack_Default.h5
    output: /hps/research1/birney/users/ian/opto_res/videos/20210203/h5s/20210301_1_7dpi4dpi_cabcr5inj2_W50_sp0.6_op80_GW_MMStack_Default_Probabilities.h5
    jobid: 143
    wildcards: sample=20210301_1_7dpi4dpi_cabcr5inj2_W50_sp0.6_op80_GW_MMStack_Default

/ilastik-release/run_ilastik.sh           --headless           --project=../ilastik/projects/20210107_test_pixclass.ilp           --readonly           --raw_data=/hps/research1/birney/users/ian/opto_res/videos/20210203/h5s/20210301_1_7dpi4dpi_cabcr5inj2_W50_sp0.6_op80_GW_MMStack_Default.h5           --export_source="Probabilities"           --output_filename_format=/hps/research1/birney/users/ian/opto_res/videos/20210203/h5s/20210301_1_7dpi4dpi_cabcr5inj2_W50_sp0.6_op80_GW_MMStack_Default_Probabilities.h5
Submitted job 143 with external jobid 'Job <1050010> is submitted to default queue <research-rh74>.'.

[Sat Mar  6 17:54:16 2021]
rule full_ilastik_probs:
    input: /hps/research1/birney/users/ian/opto_res/videos/20210203/h5s/20210301_7_7dpi4dpi_cabcr5inj2_W50_sp0.6_op20_GW_MMStack_Default.h5
    output: /hps/research1/birney/users/ian/opto_res/videos/20210203/h5s/20210301_7_7dpi4dpi_cabcr5inj2_W50_sp0.6_op20_GW_MMStack_Default_Probabilities.h5
    jobid: 154
    wildcards: sample=20210301_7_7dpi4dpi_cabcr5inj2_W50_sp0.6_op20_GW_MMStack_Default

/ilastik-release/run_ilastik.sh           --headless           --project=../ilastik/projects/20210107_test_pixclass.ilp           --readonly           --raw_data=/hps/research1/birney/users/ian/opto_res/videos/20210203/h5s/20210301_7_7dpi4dpi_cabcr5inj2_W50_sp0.6_op20_GW_MMStack_Default.h5           --export_source="Probabilities"           --output_filename_format=/hps/research1/birney/users/ian/opto_res/videos/20210203/h5s/20210301_7_7dpi4dpi_cabcr5inj2_W50_sp0.6_op20_GW_MMStack_Default_Probabilities.h5
Submitted job 154 with external jobid 'Job <1050011> is submitted to default queue <research-rh74>.'.

[Sat Mar  6 17:54:16 2021]
rule training_ilastik_probs:
    input: /hps/research1/birney/users/ian/opto_res/ilastik/training/20210306/h5s/20210226_3_4dpi1dpi_cabcr5inj2_W50_sp1_op50_GW_MMStack_Default.h5
    output: /hps/research1/birney/users/ian/opto_res/ilastik/training/20210306/h5s/20210226_3_4dpi1dpi_cabcr5inj2_W50_sp1_op50_GW_MMStack_Default_Probabilities.h5
    jobid: 107
    wildcards: sample=20210226_3_4dpi1dpi_cabcr5inj2_W50_sp1_op50_GW_MMStack_Default

/ilastik-release/run_ilastik.sh           --headless           --project=../ilastik/projects/20210107_test_pixclass.ilp           --readonly           --raw_data=/hps/research1/birney/users/ian/opto_res/ilastik/training/20210306/h5s/20210226_3_4dpi1dpi_cabcr5inj2_W50_sp1_op50_GW_MMStack_Default.h5           --export_source="Probabilities"           --output_filename_format=/hps/research1/birney/users/ian/opto_res/ilastik/training/20210306/h5s/20210226_3_4dpi1dpi_cabcr5inj2_W50_sp1_op50_GW_MMStack_Default_Probabilities.h5
Submitted job 107 with external jobid 'Job <1050012> is submitted to default queue <research-rh74>.'.

[Sat Mar  6 17:54:16 2021]
rule training_ilastik_probs:
    input: /hps/research1/birney/users/ian/opto_res/ilastik/training/20210306/h5s/20210301_12_7dpi4dpi_cabcr5inj2_W50_sp0.6_op80_LGG_MMStack_Default.h5
    output: /hps/research1/birney/users/ian/opto_res/ilastik/training/20210306/h5s/20210301_12_7dpi4dpi_cabcr5inj2_W50_sp0.6_op80_LGG_MMStack_Default_Probabilities.h5
    jobid: 120
    wildcards: sample=20210301_12_7dpi4dpi_cabcr5inj2_W50_sp0.6_op80_LGG_MMStack_Default

/ilastik-release/run_ilastik.sh           --headless           --project=../ilastik/projects/20210107_test_pixclass.ilp           --readonly           --raw_data=/hps/research1/birney/users/ian/opto_res/ilastik/training/20210306/h5s/20210301_12_7dpi4dpi_cabcr5inj2_W50_sp0.6_op80_LGG_MMStack_Default.h5           --export_source="Probabilities"           --output_filename_format=/hps/research1/birney/users/ian/opto_res/ilastik/training/20210306/h5s/20210301_12_7dpi4dpi_cabcr5inj2_W50_sp0.6_op80_LGG_MMStack_Default_Probabilities.h5
Submitted job 120 with external jobid 'Job <1050013> is submitted to default queue <research-rh74>.'.

[Sat Mar  6 17:54:17 2021]
rule full_ilastik_probs:
    input: /hps/research1/birney/users/ian/opto_res/videos/20210203/h5s/20210226_2_4dpi1dpi_cabcr5inj2_W50_sp0.93_op80_GW_MMStack_Default.h5
    output: /hps/research1/birney/users/ian/opto_res/videos/20210203/h5s/20210226_2_4dpi1dpi_cabcr5inj2_W50_sp0.93_op80_GW_MMStack_Default_Probabilities.h5
    jobid: 132
    wildcards: sample=20210226_2_4dpi1dpi_cabcr5inj2_W50_sp0.93_op80_GW_MMStack_Default

/ilastik-release/run_ilastik.sh           --headless           --project=../ilastik/projects/20210107_test_pixclass.ilp           --readonly           --raw_data=/hps/research1/birney/users/ian/opto_res/videos/20210203/h5s/20210226_2_4dpi1dpi_cabcr5inj2_W50_sp0.93_op80_GW_MMStack_Default.h5           --export_source="Probabilities"           --output_filename_format=/hps/research1/birney/users/ian/opto_res/videos/20210203/h5s/20210226_2_4dpi1dpi_cabcr5inj2_W50_sp0.93_op80_GW_MMStack_Default_Probabilities.h5
Submitted job 132 with external jobid 'Job <1050014> is submitted to default queue <research-rh74>.'.

[Sat Mar  6 17:54:17 2021]
rule full_ilastik_probs:
    input: /hps/research1/birney/users/ian/opto_res/videos/20210203/h5s/20210226_6_4dpi1dpi_cabcr5inj2_W50_sp1_op80_LGG_MMStack_Default.h5
    output: /hps/research1/birney/users/ian/opto_res/videos/20210203/h5s/20210226_6_4dpi1dpi_cabcr5inj2_W50_sp1_op80_LGG_MMStack_Default_Probabilities.h5
    jobid: 136
    wildcards: sample=20210226_6_4dpi1dpi_cabcr5inj2_W50_sp1_op80_LGG_MMStack_Default

/ilastik-release/run_ilastik.sh           --headless           --project=../ilastik/projects/20210107_test_pixclass.ilp           --readonly           --raw_data=/hps/research1/birney/users/ian/opto_res/videos/20210203/h5s/20210226_6_4dpi1dpi_cabcr5inj2_W50_sp1_op80_LGG_MMStack_Default.h5           --export_source="Probabilities"           --output_filename_format=/hps/research1/birney/users/ian/opto_res/videos/20210203/h5s/20210226_6_4dpi1dpi_cabcr5inj2_W50_sp1_op80_LGG_MMStack_Default_Probabilities.h5
Submitted job 136 with external jobid 'Job <1050015> is submitted to default queue <research-rh74>.'.

[Sat Mar  6 17:54:17 2021]
rule full_ilastik_probs:
    input: /hps/research1/birney/users/ian/opto_res/videos/20210203/h5s/20210301_13_7dpi4dpi_cabcr5inj2_W50_sp0.6_op80_LGG_MMStack_Default.h5
    output: /hps/research1/birney/users/ian/opto_res/videos/20210203/h5s/20210301_13_7dpi4dpi_cabcr5inj2_W50_sp0.6_op80_LGG_MMStack_Default_Probabilities.h5
    jobid: 147
    wildcards: sample=20210301_13_7dpi4dpi_cabcr5inj2_W50_sp0.6_op80_LGG_MMStack_Default

/ilastik-release/run_ilastik.sh           --headless           --project=../ilastik/projects/20210107_test_pixclass.ilp           --readonly           --raw_data=/hps/research1/birney/users/ian/opto_res/videos/20210203/h5s/20210301_13_7dpi4dpi_cabcr5inj2_W50_sp0.6_op80_LGG_MMStack_Default.h5           --export_source="Probabilities"           --output_filename_format=/hps/research1/birney/users/ian/opto_res/videos/20210203/h5s/20210301_13_7dpi4dpi_cabcr5inj2_W50_sp0.6_op80_LGG_MMStack_Default_Probabilities.h5
Submitted job 147 with external jobid 'Job <1050016> is submitted to default queue <research-rh74>.'.

[Sat Mar  6 17:54:17 2021]
rule full_ilastik_probs:
    input: /hps/research1/birney/users/ian/opto_res/videos/20210203/h5s/20210301_4_7dpi4dpi_cabcr5inj2_W50_sp0.6_op50_GW_MMStack_Default.h5
    output: /hps/research1/birney/users/ian/opto_res/videos/20210203/h5s/20210301_4_7dpi4dpi_cabcr5inj2_W50_sp0.6_op50_GW_MMStack_Default_Probabilities.h5
    jobid: 151
    wildcards: sample=20210301_4_7dpi4dpi_cabcr5inj2_W50_sp0.6_op50_GW_MMStack_Default

/ilastik-release/run_ilastik.sh           --headless           --project=../ilastik/projects/20210107_test_pixclass.ilp           --readonly           --raw_data=/hps/research1/birney/users/ian/opto_res/videos/20210203/h5s/20210301_4_7dpi4dpi_cabcr5inj2_W50_sp0.6_op50_GW_MMStack_Default.h5           --export_source="Probabilities"           --output_filename_format=/hps/research1/birney/users/ian/opto_res/videos/20210203/h5s/20210301_4_7dpi4dpi_cabcr5inj2_W50_sp0.6_op50_GW_MMStack_Default_Probabilities.h5
Submitted job 151 with external jobid 'Job <1050017> is submitted to default queue <research-rh74>.'.

[Sat Mar  6 17:54:17 2021]
rule training_ilastik_probs:
    input: /hps/research1/birney/users/ian/opto_res/ilastik/training/20210306/h5s/20210227_1_5dpi2dpi_cabcr5inj2_W50_sp0.6_op80_GW_MMStack_Default.h5
    output: /hps/research1/birney/users/ian/opto_res/ilastik/training/20210306/h5s/20210227_1_5dpi2dpi_cabcr5inj2_W50_sp0.6_op80_GW_MMStack_Default_Probabilities.h5
    jobid: 111
    wildcards: sample=20210227_1_5dpi2dpi_cabcr5inj2_W50_sp0.6_op80_GW_MMStack_Default

/ilastik-release/run_ilastik.sh           --headless           --project=../ilastik/projects/20210107_test_pixclass.ilp           --readonly           --raw_data=/hps/research1/birney/users/ian/opto_res/ilastik/training/20210306/h5s/20210227_1_5dpi2dpi_cabcr5inj2_W50_sp0.6_op80_GW_MMStack_Default.h5           --export_source="Probabilities"           --output_filename_format=/hps/research1/birney/users/ian/opto_res/ilastik/training/20210306/h5s/20210227_1_5dpi2dpi_cabcr5inj2_W50_sp0.6_op80_GW_MMStack_Default_Probabilities.h5
Submitted job 111 with external jobid 'Job <1050018> is submitted to default queue <research-rh74>.'.

[Sat Mar  6 17:54:17 2021]
rule training_ilastik_probs:
    input: /hps/research1/birney/users/ian/opto_res/ilastik/training/20210306/h5s/20210301_3_7dpi4dpi_cabcr5inj2_W50_sp0.6_op50_GW_MMStack_Default.h5
    output: /hps/research1/birney/users/ian/opto_res/ilastik/training/20210306/h5s/20210301_3_7dpi4dpi_cabcr5inj2_W50_sp0.6_op50_GW_MMStack_Default_Probabilities.h5
    jobid: 124
    wildcards: sample=20210301_3_7dpi4dpi_cabcr5inj2_W50_sp0.6_op50_GW_MMStack_Default

/ilastik-release/run_ilastik.sh           --headless           --project=../ilastik/projects/20210107_test_pixclass.ilp           --readonly           --raw_data=/hps/research1/birney/users/ian/opto_res/ilastik/training/20210306/h5s/20210301_3_7dpi4dpi_cabcr5inj2_W50_sp0.6_op50_GW_MMStack_Default.h5           --export_source="Probabilities"           --output_filename_format=/hps/research1/birney/users/ian/opto_res/ilastik/training/20210306/h5s/20210301_3_7dpi4dpi_cabcr5inj2_W50_sp0.6_op50_GW_MMStack_Default_Probabilities.h5
Submitted job 124 with external jobid 'Job <1050019> is submitted to default queue <research-rh74>.'.

[Sat Mar  6 17:54:18 2021]
rule training_ilastik_probs:
    input: /hps/research1/birney/users/ian/opto_res/ilastik/training/20210306/h5s/20210301_5_7dpi4dpi_cabcr5inj2_W50_sp0.6_op50_GW_MMStack_Default.h5
    output: /hps/research1/birney/users/ian/opto_res/ilastik/training/20210306/h5s/20210301_5_7dpi4dpi_cabcr5inj2_W50_sp0.6_op50_GW_MMStack_Default_Probabilities.h5
    jobid: 126
    wildcards: sample=20210301_5_7dpi4dpi_cabcr5inj2_W50_sp0.6_op50_GW_MMStack_Default

/ilastik-release/run_ilastik.sh           --headless           --project=../ilastik/projects/20210107_test_pixclass.ilp           --readonly           --raw_data=/hps/research1/birney/users/ian/opto_res/ilastik/training/20210306/h5s/20210301_5_7dpi4dpi_cabcr5inj2_W50_sp0.6_op50_GW_MMStack_Default.h5           --export_source="Probabilities"           --output_filename_format=/hps/research1/birney/users/ian/opto_res/ilastik/training/20210306/h5s/20210301_5_7dpi4dpi_cabcr5inj2_W50_sp0.6_op50_GW_MMStack_Default_Probabilities.h5
Submitted job 126 with external jobid 'Job <1050020> is submitted to default queue <research-rh74>.'.

[Sat Mar  6 17:54:18 2021]
rule full_ilastik_probs:
    input: /hps/research1/birney/users/ian/opto_res/videos/20210203/h5s/20210227_4_5dpi2dpi_cabcr5inj2_W50_sp1_op50_GW_MMStack_Default.h5
    output: /hps/research1/birney/users/ian/opto_res/videos/20210203/h5s/20210227_4_5dpi2dpi_cabcr5inj2_W50_sp1_op50_GW_MMStack_Default_Probabilities.h5
    jobid: 140
    wildcards: sample=20210227_4_5dpi2dpi_cabcr5inj2_W50_sp1_op50_GW_MMStack_Default

/ilastik-release/run_ilastik.sh           --headless           --project=../ilastik/projects/20210107_test_pixclass.ilp           --readonly           --raw_data=/hps/research1/birney/users/ian/opto_res/videos/20210203/h5s/20210227_4_5dpi2dpi_cabcr5inj2_W50_sp1_op50_GW_MMStack_Default.h5           --export_source="Probabilities"           --output_filename_format=/hps/research1/birney/users/ian/opto_res/videos/20210203/h5s/20210227_4_5dpi2dpi_cabcr5inj2_W50_sp1_op50_GW_MMStack_Default_Probabilities.h5
Submitted job 140 with external jobid 'Job <1050021> is submitted to default queue <research-rh74>.'.

[Sat Mar  6 17:54:18 2021]
rule full_ilastik_probs:
    input: /hps/research1/birney/users/ian/opto_res/videos/20210203/h5s/20210301_10_7dpi4dpi_cabcr5inj2_W50_sp0.6_op100_GW_MMStack_Default.h5
    output: /hps/research1/birney/users/ian/opto_res/videos/20210203/h5s/20210301_10_7dpi4dpi_cabcr5inj2_W50_sp0.6_op100_GW_MMStack_Default_Probabilities.h5
    jobid: 144
    wildcards: sample=20210301_10_7dpi4dpi_cabcr5inj2_W50_sp0.6_op100_GW_MMStack_Default

/ilastik-release/run_ilastik.sh           --headless           --project=../ilastik/projects/20210107_test_pixclass.ilp           --readonly           --raw_data=/hps/research1/birney/users/ian/opto_res/videos/20210203/h5s/20210301_10_7dpi4dpi_cabcr5inj2_W50_sp0.6_op100_GW_MMStack_Default.h5           --export_source="Probabilities"           --output_filename_format=/hps/research1/birney/users/ian/opto_res/videos/20210203/h5s/20210301_10_7dpi4dpi_cabcr5inj2_W50_sp0.6_op100_GW_MMStack_Default_Probabilities.h5
Submitted job 144 with external jobid 'Job <1050022> is submitted to default queue <research-rh74>.'.

[Sat Mar  6 17:54:18 2021]
rule full_ilastik_probs:
    input: /hps/research1/birney/users/ian/opto_res/videos/20210203/h5s/20210301_8_7dpi4dpi_cabcr5inj2_W50_sp0.6_op20_GW_MMStack_Default.h5
    output: /hps/research1/birney/users/ian/opto_res/videos/20210203/h5s/20210301_8_7dpi4dpi_cabcr5inj2_W50_sp0.6_op20_GW_MMStack_Default_Probabilities.h5
    jobid: 155
    wildcards: sample=20210301_8_7dpi4dpi_cabcr5inj2_W50_sp0.6_op20_GW_MMStack_Default

/ilastik-release/run_ilastik.sh           --headless           --project=../ilastik/projects/20210107_test_pixclass.ilp           --readonly           --raw_data=/hps/research1/birney/users/ian/opto_res/videos/20210203/h5s/20210301_8_7dpi4dpi_cabcr5inj2_W50_sp0.6_op20_GW_MMStack_Default.h5           --export_source="Probabilities"           --output_filename_format=/hps/research1/birney/users/ian/opto_res/videos/20210203/h5s/20210301_8_7dpi4dpi_cabcr5inj2_W50_sp0.6_op20_GW_MMStack_Default_Probabilities.h5
Submitted job 155 with external jobid 'Job <1050023> is submitted to default queue <research-rh74>.'.

[Sat Mar  6 17:54:18 2021]
rule full_ilastik_probs:
    input: /hps/research1/birney/users/ian/opto_res/videos/20210203/h5s/20210226_3_4dpi1dpi_cabcr5inj2_W50_sp1_op50_GW_MMStack_Default.h5
    output: /hps/research1/birney/users/ian/opto_res/videos/20210203/h5s/20210226_3_4dpi1dpi_cabcr5inj2_W50_sp1_op50_GW_MMStack_Default_Probabilities.h5
    jobid: 133
    wildcards: sample=20210226_3_4dpi1dpi_cabcr5inj2_W50_sp1_op50_GW_MMStack_Default

/ilastik-release/run_ilastik.sh           --headless           --project=../ilastik/projects/20210107_test_pixclass.ilp           --readonly           --raw_data=/hps/research1/birney/users/ian/opto_res/videos/20210203/h5s/20210226_3_4dpi1dpi_cabcr5inj2_W50_sp1_op50_GW_MMStack_Default.h5           --export_source="Probabilities"           --output_filename_format=/hps/research1/birney/users/ian/opto_res/videos/20210203/h5s/20210226_3_4dpi1dpi_cabcr5inj2_W50_sp1_op50_GW_MMStack_Default_Probabilities.h5
Submitted job 133 with external jobid 'Job <1050024> is submitted to default queue <research-rh74>.'.

[Sat Mar  6 17:54:18 2021]
rule training_ilastik_probs:
    input: /hps/research1/birney/users/ian/opto_res/ilastik/training/20210306/h5s/20210301_7_7dpi4dpi_cabcr5inj2_W50_sp0.6_op20_GW_MMStack_Default.h5
    output: /hps/research1/birney/users/ian/opto_res/ilastik/training/20210306/h5s/20210301_7_7dpi4dpi_cabcr5inj2_W50_sp0.6_op20_GW_MMStack_Default_Probabilities.h5
    jobid: 128
    wildcards: sample=20210301_7_7dpi4dpi_cabcr5inj2_W50_sp0.6_op20_GW_MMStack_Default

/ilastik-release/run_ilastik.sh           --headless           --project=../ilastik/projects/20210107_test_pixclass.ilp           --readonly           --raw_data=/hps/research1/birney/users/ian/opto_res/ilastik/training/20210306/h5s/20210301_7_7dpi4dpi_cabcr5inj2_W50_sp0.6_op20_GW_MMStack_Default.h5           --export_source="Probabilities"           --output_filename_format=/hps/research1/birney/users/ian/opto_res/ilastik/training/20210306/h5s/20210301_7_7dpi4dpi_cabcr5inj2_W50_sp0.6_op20_GW_MMStack_Default_Probabilities.h5
Submitted job 128 with external jobid 'Job <1050025> is submitted to default queue <research-rh74>.'.

[Sat Mar  6 17:54:19 2021]
rule full_ilastik_probs:
    input: /hps/research1/birney/users/ian/opto_res/videos/20210203/h5s/20210301_14_7dpi4dpi_cabcr5inj2_W50_sp0.6_op80_LGG_MMStack_Default.h5
    output: /hps/research1/birney/users/ian/opto_res/videos/20210203/h5s/20210301_14_7dpi4dpi_cabcr5inj2_W50_sp0.6_op80_LGG_MMStack_Default_Probabilities.h5
    jobid: 148
    wildcards: sample=20210301_14_7dpi4dpi_cabcr5inj2_W50_sp0.6_op80_LGG_MMStack_Default

/ilastik-release/run_ilastik.sh           --headless           --project=../ilastik/projects/20210107_test_pixclass.ilp           --readonly           --raw_data=/hps/research1/birney/users/ian/opto_res/videos/20210203/h5s/20210301_14_7dpi4dpi_cabcr5inj2_W50_sp0.6_op80_LGG_MMStack_Default.h5           --export_source="Probabilities"           --output_filename_format=/hps/research1/birney/users/ian/opto_res/videos/20210203/h5s/20210301_14_7dpi4dpi_cabcr5inj2_W50_sp0.6_op80_LGG_MMStack_Default_Probabilities.h5
Submitted job 148 with external jobid 'Job <1050026> is submitted to default queue <research-rh74>.'.
[Sat Mar  6 17:55:18 2021]
Error in rule full_ilastik_probs:
    jobid: 134
    output: /hps/research1/birney/users/ian/opto_res/videos/20210203/h5s/20210226_4_4dpi1dpi_cabcr5inj2_W50_sp1_op50_GW_MMStack_Default_Probabilities.h5
    shell:
        /ilastik-release/run_ilastik.sh           --headless           --project=../ilastik/projects/20210107_test_pixclass.ilp           --readonly           --raw_data=/hps/research1/birney/users/ian/opto_res/videos/20210203/h5s/20210226_4_4dpi1dpi_cabcr5inj2_W50_sp1_op50_GW_MMStack_Default.h5           --export_source="Probabilities"           --output_filename_format=/hps/research1/birney/users/ian/opto_res/videos/20210203/h5s/20210226_4_4dpi1dpi_cabcr5inj2_W50_sp1_op50_GW_MMStack_Default_Probabilities.h5
        (one of the commands exited with non-zero exit code; note that snakemake uses bash strict mode!)
    cluster_jobid: Job <1049995> is submitted to default queue <research-rh74>.

Error executing rule full_ilastik_probs on cluster (jobid: 134, external: Job <1049995> is submitted to default queue <research-rh74>., jobscript: /hps/research1/birney/users/ian/opto_res/cos_opto_res/.snakemake/tmp.15gl08ey/snakejob.full_ilastik_probs.134.sh). For error details see the cluster log and the log files of the involved rule(s).
Job failed, going on with independent jobs.
[Sat Mar  6 17:55:32 2021]
Error in rule full_ilastik_probs:
    jobid: 152
    output: /hps/research1/birney/users/ian/opto_res/videos/20210203/h5s/20210301_5_7dpi4dpi_cabcr5inj2_W50_sp0.6_op50_GW_MMStack_Default_Probabilities.h5
    shell:
        /ilastik-release/run_ilastik.sh           --headless           --project=../ilastik/projects/20210107_test_pixclass.ilp           --readonly           --raw_data=/hps/research1/birney/users/ian/opto_res/videos/20210203/h5s/20210301_5_7dpi4dpi_cabcr5inj2_W50_sp0.6_op50_GW_MMStack_Default.h5           --export_source="Probabilities"           --output_filename_format=/hps/research1/birney/users/ian/opto_res/videos/20210203/h5s/20210301_5_7dpi4dpi_cabcr5inj2_W50_sp0.6_op50_GW_MMStack_Default_Probabilities.h5
        (one of the commands exited with non-zero exit code; note that snakemake uses bash strict mode!)
    cluster_jobid: Job <1049986> is submitted to default queue <research-rh74>.

Error executing rule full_ilastik_probs on cluster (jobid: 152, external: Job <1049986> is submitted to default queue <research-rh74>., jobscript: /hps/research1/birney/users/ian/opto_res/cos_opto_res/.snakemake/tmp.15gl08ey/snakejob.full_ilastik_probs.152.sh). For error details see the cluster log and the log files of the involved rule(s).
Job failed, going on with independent jobs.
[Sat Mar  6 17:55:32 2021]
Error in rule full_ilastik_probs:
    jobid: 141
    output: /hps/research1/birney/users/ian/opto_res/videos/20210203/h5s/20210227_5_5dpi2dpi_cabcr5inj2_W50_sp1_op80_LGG_MMStack_Default_Probabilities.h5
    shell:
        /ilastik-release/run_ilastik.sh           --headless           --project=../ilastik/projects/20210107_test_pixclass.ilp           --readonly           --raw_data=/hps/research1/birney/users/ian/opto_res/videos/20210203/h5s/20210227_5_5dpi2dpi_cabcr5inj2_W50_sp1_op80_LGG_MMStack_Default.h5           --export_source="Probabilities"           --output_filename_format=/hps/research1/birney/users/ian/opto_res/videos/20210203/h5s/20210227_5_5dpi2dpi_cabcr5inj2_W50_sp1_op80_LGG_MMStack_Default_Probabilities.h5
        (one of the commands exited with non-zero exit code; note that snakemake uses bash strict mode!)
    cluster_jobid: Job <1049987> is submitted to default queue <research-rh74>.

Error executing rule full_ilastik_probs on cluster (jobid: 141, external: Job <1049987> is submitted to default queue <research-rh74>., jobscript: /hps/research1/birney/users/ian/opto_res/cos_opto_res/.snakemake/tmp.15gl08ey/snakejob.full_ilastik_probs.141.sh). For error details see the cluster log and the log files of the involved rule(s).
Job failed, going on with independent jobs.
[Sat Mar  6 17:55:32 2021]
Error in rule full_ilastik_probs:
    jobid: 137
    output: /hps/research1/birney/users/ian/opto_res/videos/20210203/h5s/20210227_1_5dpi2dpi_cabcr5inj2_W50_sp0.6_op80_GW_MMStack_Default_Probabilities.h5
    shell:
        /ilastik-release/run_ilastik.sh           --headless           --project=../ilastik/projects/20210107_test_pixclass.ilp           --readonly           --raw_data=/hps/research1/birney/users/ian/opto_res/videos/20210203/h5s/20210227_1_5dpi2dpi_cabcr5inj2_W50_sp0.6_op80_GW_MMStack_Default.h5           --export_source="Probabilities"           --output_filename_format=/hps/research1/birney/users/ian/opto_res/videos/20210203/h5s/20210227_1_5dpi2dpi_cabcr5inj2_W50_sp0.6_op80_GW_MMStack_Default_Probabilities.h5
        (one of the commands exited with non-zero exit code; note that snakemake uses bash strict mode!)
    cluster_jobid: Job <1049988> is submitted to default queue <research-rh74>.

Error executing rule full_ilastik_probs on cluster (jobid: 137, external: Job <1049988> is submitted to default queue <research-rh74>., jobscript: /hps/research1/birney/users/ian/opto_res/cos_opto_res/.snakemake/tmp.15gl08ey/snakejob.full_ilastik_probs.137.sh). For error details see the cluster log and the log files of the involved rule(s).
Job failed, going on with independent jobs.
[Sat Mar  6 17:55:32 2021]
Error in rule full_ilastik_probs:
    jobid: 156
    output: /hps/research1/birney/users/ian/opto_res/videos/20210203/h5s/20210301_9_7dpi4dpi_cabcr5inj2_W50_sp0.6_op100_GW_MMStack_Default_Probabilities.h5
    shell:
        /ilastik-release/run_ilastik.sh           --headless           --project=../ilastik/projects/20210107_test_pixclass.ilp           --readonly           --raw_data=/hps/research1/birney/users/ian/opto_res/videos/20210203/h5s/20210301_9_7dpi4dpi_cabcr5inj2_W50_sp0.6_op100_GW_MMStack_Default.h5           --export_source="Probabilities"           --output_filename_format=/hps/research1/birney/users/ian/opto_res/videos/20210203/h5s/20210301_9_7dpi4dpi_cabcr5inj2_W50_sp0.6_op100_GW_MMStack_Default_Probabilities.h5
        (one of the commands exited with non-zero exit code; note that snakemake uses bash strict mode!)
    cluster_jobid: Job <1049991> is submitted to default queue <research-rh74>.

Error executing rule full_ilastik_probs on cluster (jobid: 156, external: Job <1049991> is submitted to default queue <research-rh74>., jobscript: /hps/research1/birney/users/ian/opto_res/cos_opto_res/.snakemake/tmp.15gl08ey/snakejob.full_ilastik_probs.156.sh). For error details see the cluster log and the log files of the involved rule(s).
Job failed, going on with independent jobs.
[Sat Mar  6 17:55:32 2021]
Error in rule full_ilastik_probs:
    jobid: 145
    output: /hps/research1/birney/users/ian/opto_res/videos/20210203/h5s/20210301_11_7dpi4dpi_cabcr5inj2_W50_sp0.6_op100_GW_MMStack_Default_Probabilities.h5
    shell:
        /ilastik-release/run_ilastik.sh           --headless           --project=../ilastik/projects/20210107_test_pixclass.ilp           --readonly           --raw_data=/hps/research1/birney/users/ian/opto_res/videos/20210203/h5s/20210301_11_7dpi4dpi_cabcr5inj2_W50_sp0.6_op100_GW_MMStack_Default.h5           --export_source="Probabilities"           --output_filename_format=/hps/research1/birney/users/ian/opto_res/videos/20210203/h5s/20210301_11_7dpi4dpi_cabcr5inj2_W50_sp0.6_op100_GW_MMStack_Default_Probabilities.h5
        (one of the commands exited with non-zero exit code; note that snakemake uses bash strict mode!)
    cluster_jobid: Job <1049996> is submitted to default queue <research-rh74>.

Error executing rule full_ilastik_probs on cluster (jobid: 145, external: Job <1049996> is submitted to default queue <research-rh74>., jobscript: /hps/research1/birney/users/ian/opto_res/cos_opto_res/.snakemake/tmp.15gl08ey/snakejob.full_ilastik_probs.145.sh). For error details see the cluster log and the log files of the involved rule(s).
Job failed, going on with independent jobs.
[Sat Mar  6 17:55:33 2021]
Error in rule full_ilastik_probs:
    jobid: 149
    output: /hps/research1/birney/users/ian/opto_res/videos/20210203/h5s/20210301_2_7dpi4dpi_cabcr5inj2_W50_sp0.6_op80_GW_MMStack_Default_Probabilities.h5
    shell:
        /ilastik-release/run_ilastik.sh           --headless           --project=../ilastik/projects/20210107_test_pixclass.ilp           --readonly           --raw_data=/hps/research1/birney/users/ian/opto_res/videos/20210203/h5s/20210301_2_7dpi4dpi_cabcr5inj2_W50_sp0.6_op80_GW_MMStack_Default.h5           --export_source="Probabilities"           --output_filename_format=/hps/research1/birney/users/ian/opto_res/videos/20210203/h5s/20210301_2_7dpi4dpi_cabcr5inj2_W50_sp0.6_op80_GW_MMStack_Default_Probabilities.h5
        (one of the commands exited with non-zero exit code; note that snakemake uses bash strict mode!)
    cluster_jobid: Job <1049997> is submitted to default queue <research-rh74>.

Error executing rule full_ilastik_probs on cluster (jobid: 149, external: Job <1049997> is submitted to default queue <research-rh74>., jobscript: /hps/research1/birney/users/ian/opto_res/cos_opto_res/.snakemake/tmp.15gl08ey/snakejob.full_ilastik_probs.149.sh). For error details see the cluster log and the log files of the involved rule(s).
Job failed, going on with independent jobs.
[Sat Mar  6 17:55:33 2021]
Error in rule full_ilastik_probs:
    jobid: 138
    output: /hps/research1/birney/users/ian/opto_res/videos/20210203/h5s/20210227_2_5dpi2dpi_cabcr5inj2_W50_sp0.6_op80_GW_MMStack_Default_Probabilities.h5
    shell:
        /ilastik-release/run_ilastik.sh           --headless           --project=../ilastik/projects/20210107_test_pixclass.ilp           --readonly           --raw_data=/hps/research1/birney/users/ian/opto_res/videos/20210203/h5s/20210227_2_5dpi2dpi_cabcr5inj2_W50_sp0.6_op80_GW_MMStack_Default.h5           --export_source="Probabilities"           --output_filename_format=/hps/research1/birney/users/ian/opto_res/videos/20210203/h5s/20210227_2_5dpi2dpi_cabcr5inj2_W50_sp0.6_op80_GW_MMStack_Default_Probabilities.h5
        (one of the commands exited with non-zero exit code; note that snakemake uses bash strict mode!)
    cluster_jobid: Job <1050000> is submitted to default queue <research-rh74>.

Error executing rule full_ilastik_probs on cluster (jobid: 138, external: Job <1050000> is submitted to default queue <research-rh74>., jobscript: /hps/research1/birney/users/ian/opto_res/cos_opto_res/.snakemake/tmp.15gl08ey/snakejob.full_ilastik_probs.138.sh). For error details see the cluster log and the log files of the involved rule(s).
Job failed, going on with independent jobs.
[Sat Mar  6 17:55:33 2021]
Error in rule full_ilastik_probs:
    jobid: 146
    output: /hps/research1/birney/users/ian/opto_res/videos/20210203/h5s/20210301_12_7dpi4dpi_cabcr5inj2_W50_sp0.6_op80_LGG_MMStack_Default_Probabilities.h5
    shell:
        /ilastik-release/run_ilastik.sh           --headless           --project=../ilastik/projects/20210107_test_pixclass.ilp           --readonly           --raw_data=/hps/research1/birney/users/ian/opto_res/videos/20210203/h5s/20210301_12_7dpi4dpi_cabcr5inj2_W50_sp0.6_op80_LGG_MMStack_Default.h5           --export_source="Probabilities"           --output_filename_format=/hps/research1/birney/users/ian/opto_res/videos/20210203/h5s/20210301_12_7dpi4dpi_cabcr5inj2_W50_sp0.6_op80_LGG_MMStack_Default_Probabilities.h5
        (one of the commands exited with non-zero exit code; note that snakemake uses bash strict mode!)
    cluster_jobid: Job <1050006> is submitted to default queue <research-rh74>.

Error executing rule full_ilastik_probs on cluster (jobid: 146, external: Job <1050006> is submitted to default queue <research-rh74>., jobscript: /hps/research1/birney/users/ian/opto_res/cos_opto_res/.snakemake/tmp.15gl08ey/snakejob.full_ilastik_probs.146.sh). For error details see the cluster log and the log files of the involved rule(s).
Job failed, going on with independent jobs.
[Sat Mar  6 17:55:34 2021]
Error in rule full_ilastik_probs:
    jobid: 150
    output: /hps/research1/birney/users/ian/opto_res/videos/20210203/h5s/20210301_3_7dpi4dpi_cabcr5inj2_W50_sp0.6_op50_GW_MMStack_Default_Probabilities.h5
    shell:
        /ilastik-release/run_ilastik.sh           --headless           --project=../ilastik/projects/20210107_test_pixclass.ilp           --readonly           --raw_data=/hps/research1/birney/users/ian/opto_res/videos/20210203/h5s/20210301_3_7dpi4dpi_cabcr5inj2_W50_sp0.6_op50_GW_MMStack_Default.h5           --export_source="Probabilities"           --output_filename_format=/hps/research1/birney/users/ian/opto_res/videos/20210203/h5s/20210301_3_7dpi4dpi_cabcr5inj2_W50_sp0.6_op50_GW_MMStack_Default_Probabilities.h5
        (one of the commands exited with non-zero exit code; note that snakemake uses bash strict mode!)
    cluster_jobid: Job <1050007> is submitted to default queue <research-rh74>.

Error executing rule full_ilastik_probs on cluster (jobid: 150, external: Job <1050007> is submitted to default queue <research-rh74>., jobscript: /hps/research1/birney/users/ian/opto_res/cos_opto_res/.snakemake/tmp.15gl08ey/snakejob.full_ilastik_probs.150.sh). For error details see the cluster log and the log files of the involved rule(s).
Job failed, going on with independent jobs.
[Sat Mar  6 17:55:34 2021]
Error in rule full_ilastik_probs:
    jobid: 143
    output: /hps/research1/birney/users/ian/opto_res/videos/20210203/h5s/20210301_1_7dpi4dpi_cabcr5inj2_W50_sp0.6_op80_GW_MMStack_Default_Probabilities.h5
    shell:
        /ilastik-release/run_ilastik.sh           --headless           --project=../ilastik/projects/20210107_test_pixclass.ilp           --readonly           --raw_data=/hps/research1/birney/users/ian/opto_res/videos/20210203/h5s/20210301_1_7dpi4dpi_cabcr5inj2_W50_sp0.6_op80_GW_MMStack_Default.h5           --export_source="Probabilities"           --output_filename_format=/hps/research1/birney/users/ian/opto_res/videos/20210203/h5s/20210301_1_7dpi4dpi_cabcr5inj2_W50_sp0.6_op80_GW_MMStack_Default_Probabilities.h5
        (one of the commands exited with non-zero exit code; note that snakemake uses bash strict mode!)
    cluster_jobid: Job <1050010> is submitted to default queue <research-rh74>.

Error executing rule full_ilastik_probs on cluster (jobid: 143, external: Job <1050010> is submitted to default queue <research-rh74>., jobscript: /hps/research1/birney/users/ian/opto_res/cos_opto_res/.snakemake/tmp.15gl08ey/snakejob.full_ilastik_probs.143.sh). For error details see the cluster log and the log files of the involved rule(s).
Job failed, going on with independent jobs.
[Sat Mar  6 17:55:34 2021]
Error in rule full_ilastik_probs:
    jobid: 154
    output: /hps/research1/birney/users/ian/opto_res/videos/20210203/h5s/20210301_7_7dpi4dpi_cabcr5inj2_W50_sp0.6_op20_GW_MMStack_Default_Probabilities.h5
    shell:
        /ilastik-release/run_ilastik.sh           --headless           --project=../ilastik/projects/20210107_test_pixclass.ilp           --readonly           --raw_data=/hps/research1/birney/users/ian/opto_res/videos/20210203/h5s/20210301_7_7dpi4dpi_cabcr5inj2_W50_sp0.6_op20_GW_MMStack_Default.h5           --export_source="Probabilities"           --output_filename_format=/hps/research1/birney/users/ian/opto_res/videos/20210203/h5s/20210301_7_7dpi4dpi_cabcr5inj2_W50_sp0.6_op20_GW_MMStack_Default_Probabilities.h5
        (one of the commands exited with non-zero exit code; note that snakemake uses bash strict mode!)
    cluster_jobid: Job <1050011> is submitted to default queue <research-rh74>.

Error executing rule full_ilastik_probs on cluster (jobid: 154, external: Job <1050011> is submitted to default queue <research-rh74>., jobscript: /hps/research1/birney/users/ian/opto_res/cos_opto_res/.snakemake/tmp.15gl08ey/snakejob.full_ilastik_probs.154.sh). For error details see the cluster log and the log files of the involved rule(s).
Job failed, going on with independent jobs.
[Sat Mar  6 17:55:34 2021]
Error in rule full_ilastik_probs:
    jobid: 132
    output: /hps/research1/birney/users/ian/opto_res/videos/20210203/h5s/20210226_2_4dpi1dpi_cabcr5inj2_W50_sp0.93_op80_GW_MMStack_Default_Probabilities.h5
    shell:
        /ilastik-release/run_ilastik.sh           --headless           --project=../ilastik/projects/20210107_test_pixclass.ilp           --readonly           --raw_data=/hps/research1/birney/users/ian/opto_res/videos/20210203/h5s/20210226_2_4dpi1dpi_cabcr5inj2_W50_sp0.93_op80_GW_MMStack_Default.h5           --export_source="Probabilities"           --output_filename_format=/hps/research1/birney/users/ian/opto_res/videos/20210203/h5s/20210226_2_4dpi1dpi_cabcr5inj2_W50_sp0.93_op80_GW_MMStack_Default_Probabilities.h5
        (one of the commands exited with non-zero exit code; note that snakemake uses bash strict mode!)
    cluster_jobid: Job <1050014> is submitted to default queue <research-rh74>.

Error executing rule full_ilastik_probs on cluster (jobid: 132, external: Job <1050014> is submitted to default queue <research-rh74>., jobscript: /hps/research1/birney/users/ian/opto_res/cos_opto_res/.snakemake/tmp.15gl08ey/snakejob.full_ilastik_probs.132.sh). For error details see the cluster log and the log files of the involved rule(s).
Job failed, going on with independent jobs.
[Sat Mar  6 17:55:34 2021]
Error in rule full_ilastik_probs:
    jobid: 147
    output: /hps/research1/birney/users/ian/opto_res/videos/20210203/h5s/20210301_13_7dpi4dpi_cabcr5inj2_W50_sp0.6_op80_LGG_MMStack_Default_Probabilities.h5
    shell:
        /ilastik-release/run_ilastik.sh           --headless           --project=../ilastik/projects/20210107_test_pixclass.ilp           --readonly           --raw_data=/hps/research1/birney/users/ian/opto_res/videos/20210203/h5s/20210301_13_7dpi4dpi_cabcr5inj2_W50_sp0.6_op80_LGG_MMStack_Default.h5           --export_source="Probabilities"           --output_filename_format=/hps/research1/birney/users/ian/opto_res/videos/20210203/h5s/20210301_13_7dpi4dpi_cabcr5inj2_W50_sp0.6_op80_LGG_MMStack_Default_Probabilities.h5
        (one of the commands exited with non-zero exit code; note that snakemake uses bash strict mode!)
    cluster_jobid: Job <1050016> is submitted to default queue <research-rh74>.

Error executing rule full_ilastik_probs on cluster (jobid: 147, external: Job <1050016> is submitted to default queue <research-rh74>., jobscript: /hps/research1/birney/users/ian/opto_res/cos_opto_res/.snakemake/tmp.15gl08ey/snakejob.full_ilastik_probs.147.sh). For error details see the cluster log and the log files of the involved rule(s).
Job failed, going on with independent jobs.
[Sat Mar  6 17:55:35 2021]
Error in rule full_ilastik_probs:
    jobid: 151
    output: /hps/research1/birney/users/ian/opto_res/videos/20210203/h5s/20210301_4_7dpi4dpi_cabcr5inj2_W50_sp0.6_op50_GW_MMStack_Default_Probabilities.h5
    shell:
        /ilastik-release/run_ilastik.sh           --headless           --project=../ilastik/projects/20210107_test_pixclass.ilp           --readonly           --raw_data=/hps/research1/birney/users/ian/opto_res/videos/20210203/h5s/20210301_4_7dpi4dpi_cabcr5inj2_W50_sp0.6_op50_GW_MMStack_Default.h5           --export_source="Probabilities"           --output_filename_format=/hps/research1/birney/users/ian/opto_res/videos/20210203/h5s/20210301_4_7dpi4dpi_cabcr5inj2_W50_sp0.6_op50_GW_MMStack_Default_Probabilities.h5
        (one of the commands exited with non-zero exit code; note that snakemake uses bash strict mode!)
    cluster_jobid: Job <1050017> is submitted to default queue <research-rh74>.

Error executing rule full_ilastik_probs on cluster (jobid: 151, external: Job <1050017> is submitted to default queue <research-rh74>., jobscript: /hps/research1/birney/users/ian/opto_res/cos_opto_res/.snakemake/tmp.15gl08ey/snakejob.full_ilastik_probs.151.sh). For error details see the cluster log and the log files of the involved rule(s).
Job failed, going on with independent jobs.
[Sat Mar  6 17:55:46 2021]
Error in rule full_ilastik_probs:
    jobid: 153
    output: /hps/research1/birney/users/ian/opto_res/videos/20210203/h5s/20210301_6_7dpi4dpi_cabcr5inj2_W50_sp0.6_op20_GW_MMStack_Default_Probabilities.h5
    shell:
        /ilastik-release/run_ilastik.sh           --headless           --project=../ilastik/projects/20210107_test_pixclass.ilp           --readonly           --raw_data=/hps/research1/birney/users/ian/opto_res/videos/20210203/h5s/20210301_6_7dpi4dpi_cabcr5inj2_W50_sp0.6_op20_GW_MMStack_Default.h5           --export_source="Probabilities"           --output_filename_format=/hps/research1/birney/users/ian/opto_res/videos/20210203/h5s/20210301_6_7dpi4dpi_cabcr5inj2_W50_sp0.6_op20_GW_MMStack_Default_Probabilities.h5
        (one of the commands exited with non-zero exit code; note that snakemake uses bash strict mode!)
    cluster_jobid: Job <1050002> is submitted to default queue <research-rh74>.

Error executing rule full_ilastik_probs on cluster (jobid: 153, external: Job <1050002> is submitted to default queue <research-rh74>., jobscript: /hps/research1/birney/users/ian/opto_res/cos_opto_res/.snakemake/tmp.15gl08ey/snakejob.full_ilastik_probs.153.sh). For error details see the cluster log and the log files of the involved rule(s).
Job failed, going on with independent jobs.
[Sat Mar  6 17:55:47 2021]
Error in rule full_ilastik_probs:
    jobid: 131
    output: /hps/research1/birney/users/ian/opto_res/videos/20210203/h5s/20210226_1_4dpi1dpi_cabcr5inj2_W50_sp0.93_op80_GW_MMStack_Default_Probabilities.h5
    shell:
        /ilastik-release/run_ilastik.sh           --headless           --project=../ilastik/projects/20210107_test_pixclass.ilp           --readonly           --raw_data=/hps/research1/birney/users/ian/opto_res/videos/20210203/h5s/20210226_1_4dpi1dpi_cabcr5inj2_W50_sp0.93_op80_GW_MMStack_Default.h5           --export_source="Probabilities"           --output_filename_format=/hps/research1/birney/users/ian/opto_res/videos/20210203/h5s/20210226_1_4dpi1dpi_cabcr5inj2_W50_sp0.93_op80_GW_MMStack_Default_Probabilities.h5
        (one of the commands exited with non-zero exit code; note that snakemake uses bash strict mode!)
    cluster_jobid: Job <1050004> is submitted to default queue <research-rh74>.

Error executing rule full_ilastik_probs on cluster (jobid: 131, external: Job <1050004> is submitted to default queue <research-rh74>., jobscript: /hps/research1/birney/users/ian/opto_res/cos_opto_res/.snakemake/tmp.15gl08ey/snakejob.full_ilastik_probs.131.sh). For error details see the cluster log and the log files of the involved rule(s).
Job failed, going on with independent jobs.
[Sat Mar  6 17:55:47 2021]
Error in rule full_ilastik_probs:
    jobid: 135
    output: /hps/research1/birney/users/ian/opto_res/videos/20210203/h5s/20210226_5_4dpi1dpi_cabcr5inj2_W50_sp1_op80_LGG_MMStack_Default_Probabilities.h5
    shell:
        /ilastik-release/run_ilastik.sh           --headless           --project=../ilastik/projects/20210107_test_pixclass.ilp           --readonly           --raw_data=/hps/research1/birney/users/ian/opto_res/videos/20210203/h5s/20210226_5_4dpi1dpi_cabcr5inj2_W50_sp1_op80_LGG_MMStack_Default.h5           --export_source="Probabilities"           --output_filename_format=/hps/research1/birney/users/ian/opto_res/videos/20210203/h5s/20210226_5_4dpi1dpi_cabcr5inj2_W50_sp1_op80_LGG_MMStack_Default_Probabilities.h5
        (one of the commands exited with non-zero exit code; note that snakemake uses bash strict mode!)
    cluster_jobid: Job <1050005> is submitted to default queue <research-rh74>.

Error executing rule full_ilastik_probs on cluster (jobid: 135, external: Job <1050005> is submitted to default queue <research-rh74>., jobscript: /hps/research1/birney/users/ian/opto_res/cos_opto_res/.snakemake/tmp.15gl08ey/snakejob.full_ilastik_probs.135.sh). For error details see the cluster log and the log files of the involved rule(s).
Job failed, going on with independent jobs.
[Sat Mar  6 17:55:47 2021]
Error in rule full_ilastik_probs:
    jobid: 139
    output: /hps/research1/birney/users/ian/opto_res/videos/20210203/h5s/20210227_3_5dpi2dpi_cabcr5inj2_W50_sp1_op50_GW_MMStack_Default_Probabilities.h5
    shell:
        /ilastik-release/run_ilastik.sh           --headless           --project=../ilastik/projects/20210107_test_pixclass.ilp           --readonly           --raw_data=/hps/research1/birney/users/ian/opto_res/videos/20210203/h5s/20210227_3_5dpi2dpi_cabcr5inj2_W50_sp1_op50_GW_MMStack_Default.h5           --export_source="Probabilities"           --output_filename_format=/hps/research1/birney/users/ian/opto_res/videos/20210203/h5s/20210227_3_5dpi2dpi_cabcr5inj2_W50_sp1_op50_GW_MMStack_Default_Probabilities.h5
        (one of the commands exited with non-zero exit code; note that snakemake uses bash strict mode!)
    cluster_jobid: Job <1050009> is submitted to default queue <research-rh74>.

Error executing rule full_ilastik_probs on cluster (jobid: 139, external: Job <1050009> is submitted to default queue <research-rh74>., jobscript: /hps/research1/birney/users/ian/opto_res/cos_opto_res/.snakemake/tmp.15gl08ey/snakejob.full_ilastik_probs.139.sh). For error details see the cluster log and the log files of the involved rule(s).
Job failed, going on with independent jobs.
[Sat Mar  6 17:55:47 2021]
Error in rule full_ilastik_probs:
    jobid: 136
    output: /hps/research1/birney/users/ian/opto_res/videos/20210203/h5s/20210226_6_4dpi1dpi_cabcr5inj2_W50_sp1_op80_LGG_MMStack_Default_Probabilities.h5
    shell:
        /ilastik-release/run_ilastik.sh           --headless           --project=../ilastik/projects/20210107_test_pixclass.ilp           --readonly           --raw_data=/hps/research1/birney/users/ian/opto_res/videos/20210203/h5s/20210226_6_4dpi1dpi_cabcr5inj2_W50_sp1_op80_LGG_MMStack_Default.h5           --export_source="Probabilities"           --output_filename_format=/hps/research1/birney/users/ian/opto_res/videos/20210203/h5s/20210226_6_4dpi1dpi_cabcr5inj2_W50_sp1_op80_LGG_MMStack_Default_Probabilities.h5
        (one of the commands exited with non-zero exit code; note that snakemake uses bash strict mode!)
    cluster_jobid: Job <1050015> is submitted to default queue <research-rh74>.

Error executing rule full_ilastik_probs on cluster (jobid: 136, external: Job <1050015> is submitted to default queue <research-rh74>., jobscript: /hps/research1/birney/users/ian/opto_res/cos_opto_res/.snakemake/tmp.15gl08ey/snakejob.full_ilastik_probs.136.sh). For error details see the cluster log and the log files of the involved rule(s).
Job failed, going on with independent jobs.
[Sat Mar  6 17:55:48 2021]
Error in rule full_ilastik_probs:
    jobid: 140
    output: /hps/research1/birney/users/ian/opto_res/videos/20210203/h5s/20210227_4_5dpi2dpi_cabcr5inj2_W50_sp1_op50_GW_MMStack_Default_Probabilities.h5
    shell:
        /ilastik-release/run_ilastik.sh           --headless           --project=../ilastik/projects/20210107_test_pixclass.ilp           --readonly           --raw_data=/hps/research1/birney/users/ian/opto_res/videos/20210203/h5s/20210227_4_5dpi2dpi_cabcr5inj2_W50_sp1_op50_GW_MMStack_Default.h5           --export_source="Probabilities"           --output_filename_format=/hps/research1/birney/users/ian/opto_res/videos/20210203/h5s/20210227_4_5dpi2dpi_cabcr5inj2_W50_sp1_op50_GW_MMStack_Default_Probabilities.h5
        (one of the commands exited with non-zero exit code; note that snakemake uses bash strict mode!)
    cluster_jobid: Job <1050021> is submitted to default queue <research-rh74>.

Error executing rule full_ilastik_probs on cluster (jobid: 140, external: Job <1050021> is submitted to default queue <research-rh74>., jobscript: /hps/research1/birney/users/ian/opto_res/cos_opto_res/.snakemake/tmp.15gl08ey/snakejob.full_ilastik_probs.140.sh). For error details see the cluster log and the log files of the involved rule(s).
Job failed, going on with independent jobs.
[Sat Mar  6 17:56:11 2021]
Error in rule full_ilastik_probs:
    jobid: 144
    output: /hps/research1/birney/users/ian/opto_res/videos/20210203/h5s/20210301_10_7dpi4dpi_cabcr5inj2_W50_sp0.6_op100_GW_MMStack_Default_Probabilities.h5
    shell:
        /ilastik-release/run_ilastik.sh           --headless           --project=../ilastik/projects/20210107_test_pixclass.ilp           --readonly           --raw_data=/hps/research1/birney/users/ian/opto_res/videos/20210203/h5s/20210301_10_7dpi4dpi_cabcr5inj2_W50_sp0.6_op100_GW_MMStack_Default.h5           --export_source="Probabilities"           --output_filename_format=/hps/research1/birney/users/ian/opto_res/videos/20210203/h5s/20210301_10_7dpi4dpi_cabcr5inj2_W50_sp0.6_op100_GW_MMStack_Default_Probabilities.h5
        (one of the commands exited with non-zero exit code; note that snakemake uses bash strict mode!)
    cluster_jobid: Job <1050022> is submitted to default queue <research-rh74>.

Error executing rule full_ilastik_probs on cluster (jobid: 144, external: Job <1050022> is submitted to default queue <research-rh74>., jobscript: /hps/research1/birney/users/ian/opto_res/cos_opto_res/.snakemake/tmp.15gl08ey/snakejob.full_ilastik_probs.144.sh). For error details see the cluster log and the log files of the involved rule(s).
Job failed, going on with independent jobs.
[Sat Mar  6 17:56:11 2021]
Error in rule full_ilastik_probs:
    jobid: 155
    output: /hps/research1/birney/users/ian/opto_res/videos/20210203/h5s/20210301_8_7dpi4dpi_cabcr5inj2_W50_sp0.6_op20_GW_MMStack_Default_Probabilities.h5
    shell:
        /ilastik-release/run_ilastik.sh           --headless           --project=../ilastik/projects/20210107_test_pixclass.ilp           --readonly           --raw_data=/hps/research1/birney/users/ian/opto_res/videos/20210203/h5s/20210301_8_7dpi4dpi_cabcr5inj2_W50_sp0.6_op20_GW_MMStack_Default.h5           --export_source="Probabilities"           --output_filename_format=/hps/research1/birney/users/ian/opto_res/videos/20210203/h5s/20210301_8_7dpi4dpi_cabcr5inj2_W50_sp0.6_op20_GW_MMStack_Default_Probabilities.h5
        (one of the commands exited with non-zero exit code; note that snakemake uses bash strict mode!)
    cluster_jobid: Job <1050023> is submitted to default queue <research-rh74>.

Error executing rule full_ilastik_probs on cluster (jobid: 155, external: Job <1050023> is submitted to default queue <research-rh74>., jobscript: /hps/research1/birney/users/ian/opto_res/cos_opto_res/.snakemake/tmp.15gl08ey/snakejob.full_ilastik_probs.155.sh). For error details see the cluster log and the log files of the involved rule(s).
Job failed, going on with independent jobs.
[Sat Mar  6 17:56:11 2021]
Error in rule full_ilastik_probs:
    jobid: 133
    output: /hps/research1/birney/users/ian/opto_res/videos/20210203/h5s/20210226_3_4dpi1dpi_cabcr5inj2_W50_sp1_op50_GW_MMStack_Default_Probabilities.h5
    shell:
        /ilastik-release/run_ilastik.sh           --headless           --project=../ilastik/projects/20210107_test_pixclass.ilp           --readonly           --raw_data=/hps/research1/birney/users/ian/opto_res/videos/20210203/h5s/20210226_3_4dpi1dpi_cabcr5inj2_W50_sp1_op50_GW_MMStack_Default.h5           --export_source="Probabilities"           --output_filename_format=/hps/research1/birney/users/ian/opto_res/videos/20210203/h5s/20210226_3_4dpi1dpi_cabcr5inj2_W50_sp1_op50_GW_MMStack_Default_Probabilities.h5
        (one of the commands exited with non-zero exit code; note that snakemake uses bash strict mode!)
    cluster_jobid: Job <1050024> is submitted to default queue <research-rh74>.

Error executing rule full_ilastik_probs on cluster (jobid: 133, external: Job <1050024> is submitted to default queue <research-rh74>., jobscript: /hps/research1/birney/users/ian/opto_res/cos_opto_res/.snakemake/tmp.15gl08ey/snakejob.full_ilastik_probs.133.sh). For error details see the cluster log and the log files of the involved rule(s).
Job failed, going on with independent jobs.
[Sat Mar  6 17:56:11 2021]
Error in rule full_ilastik_probs:
    jobid: 148
    output: /hps/research1/birney/users/ian/opto_res/videos/20210203/h5s/20210301_14_7dpi4dpi_cabcr5inj2_W50_sp0.6_op80_LGG_MMStack_Default_Probabilities.h5
    shell:
        /ilastik-release/run_ilastik.sh           --headless           --project=../ilastik/projects/20210107_test_pixclass.ilp           --readonly           --raw_data=/hps/research1/birney/users/ian/opto_res/videos/20210203/h5s/20210301_14_7dpi4dpi_cabcr5inj2_W50_sp0.6_op80_LGG_MMStack_Default.h5           --export_source="Probabilities"           --output_filename_format=/hps/research1/birney/users/ian/opto_res/videos/20210203/h5s/20210301_14_7dpi4dpi_cabcr5inj2_W50_sp0.6_op80_LGG_MMStack_Default_Probabilities.h5
        (one of the commands exited with non-zero exit code; note that snakemake uses bash strict mode!)
    cluster_jobid: Job <1050026> is submitted to default queue <research-rh74>.

Error executing rule full_ilastik_probs on cluster (jobid: 148, external: Job <1050026> is submitted to default queue <research-rh74>., jobscript: /hps/research1/birney/users/ian/opto_res/cos_opto_res/.snakemake/tmp.15gl08ey/snakejob.full_ilastik_probs.148.sh). For error details see the cluster log and the log files of the involved rule(s).
Job failed, going on with independent jobs.
[Sat Mar  6 18:02:53 2021]
Finished job 129.
1 of 42 steps (2%) done
[Sat Mar  6 18:03:49 2021]
Finished job 120.
2 of 42 steps (5%) done
[Sat Mar  6 18:03:59 2021]
Finished job 117.
3 of 42 steps (7%) done
[Sat Mar  6 18:04:23 2021]
Finished job 124.
4 of 42 steps (10%) done
[Sat Mar  6 18:04:33 2021]
Finished job 111.
5 of 42 steps (12%) done
[Sat Mar  6 18:04:44 2021]
Finished job 107.
6 of 42 steps (14%) done
[Sat Mar  6 18:04:55 2021]
Finished job 108.
7 of 42 steps (17%) done
[Sat Mar  6 18:05:16 2021]
Finished job 128.
8 of 42 steps (19%) done
[Sat Mar  6 18:06:17 2021]
Finished job 106.
9 of 42 steps (21%) done
[Sat Mar  6 18:06:17 2021]
Finished job 119.
10 of 42 steps (24%) done
[Sat Mar  6 18:06:27 2021]
Finished job 121.
11 of 42 steps (26%) done
[Sat Mar  6 18:06:37 2021]
Finished job 123.
12 of 42 steps (29%) done
[Sat Mar  6 18:06:57 2021]
Finished job 126.
13 of 42 steps (31%) done
[Sat Mar  6 18:07:17 2021]
Finished job 118.
14 of 42 steps (33%) done
[Sat Mar  6 18:12:28 2021]
Finished job 130.
15 of 42 steps (36%) done
