Building DAG of jobs...
Using shell: /usr/local/bin/bash
Provided cluster nodes: 5000
Job counts:
	count	jobs
	1	all
	26	full_ilastik_probs
	26	training_ilastik_probs
	53

[Sat Mar  6 17:50:37 2021]
rule training_ilastik_probs:
    input: /hps/research1/birney/users/ian/opto_res/ilastik/training/20210306/h5s/20210301_11_7dpi4dpi_cabcr5inj2_W50_sp0.6_op100_GW_MMStack_Default.h5
    output: /hps/research1/birney/users/ian/opto_res/ilastik/training/20210306/h5s/20210301_11_7dpi4dpi_cabcr5inj2_W50_sp0.6_op100_GW_MMStack_Default_Probabilities.h5
    jobid: 119
    wildcards: sample=20210301_11_7dpi4dpi_cabcr5inj2_W50_sp0.6_op100_GW_MMStack_Default

/ilastik-release/run_ilastik.sh           --headless           --project=../ilastik/projects/20210107_test_pixclass.ilp           --readonly           --raw_data=/hps/research1/birney/users/ian/opto_res/ilastik/training/20210306/h5s/20210301_11_7dpi4dpi_cabcr5inj2_W50_sp0.6_op100_GW_MMStack_Default.h5           --export_source="Probabilities"           --output_filename_format=/hps/research1/birney/users/ian/opto_res/ilastik/training/20210306/h5s/20210301_11_7dpi4dpi_cabcr5inj2_W50_sp0.6_op100_GW_MMStack_Default_Probabilities.h5
Submitted job 119 with external jobid 'Job <1049890> is submitted to default queue <research-rh74>.'.

[Sat Mar  6 17:50:37 2021]
rule training_ilastik_probs:
    input: /hps/research1/birney/users/ian/opto_res/ilastik/training/20210306/h5s/20210301_13_7dpi4dpi_cabcr5inj2_W50_sp0.6_op80_LGG_MMStack_Default.h5
    output: /hps/research1/birney/users/ian/opto_res/ilastik/training/20210306/h5s/20210301_13_7dpi4dpi_cabcr5inj2_W50_sp0.6_op80_LGG_MMStack_Default_Probabilities.h5
    jobid: 121
    wildcards: sample=20210301_13_7dpi4dpi_cabcr5inj2_W50_sp0.6_op80_LGG_MMStack_Default

/ilastik-release/run_ilastik.sh           --headless           --project=../ilastik/projects/20210107_test_pixclass.ilp           --readonly           --raw_data=/hps/research1/birney/users/ian/opto_res/ilastik/training/20210306/h5s/20210301_13_7dpi4dpi_cabcr5inj2_W50_sp0.6_op80_LGG_MMStack_Default.h5           --export_source="Probabilities"           --output_filename_format=/hps/research1/birney/users/ian/opto_res/ilastik/training/20210306/h5s/20210301_13_7dpi4dpi_cabcr5inj2_W50_sp0.6_op80_LGG_MMStack_Default_Probabilities.h5
Submitted job 121 with external jobid 'Job <1049891> is submitted to default queue <research-rh74>.'.

[Sat Mar  6 17:50:38 2021]
rule training_ilastik_probs:
    input: /hps/research1/birney/users/ian/opto_res/ilastik/training/20210306/h5s/20210226_2_4dpi1dpi_cabcr5inj2_W50_sp0.93_op80_GW_MMStack_Default.h5
    output: /hps/research1/birney/users/ian/opto_res/ilastik/training/20210306/h5s/20210226_2_4dpi1dpi_cabcr5inj2_W50_sp0.93_op80_GW_MMStack_Default_Probabilities.h5
    jobid: 106
    wildcards: sample=20210226_2_4dpi1dpi_cabcr5inj2_W50_sp0.93_op80_GW_MMStack_Default

/ilastik-release/run_ilastik.sh           --headless           --project=../ilastik/projects/20210107_test_pixclass.ilp           --readonly           --raw_data=/hps/research1/birney/users/ian/opto_res/ilastik/training/20210306/h5s/20210226_2_4dpi1dpi_cabcr5inj2_W50_sp0.93_op80_GW_MMStack_Default.h5           --export_source="Probabilities"           --output_filename_format=/hps/research1/birney/users/ian/opto_res/ilastik/training/20210306/h5s/20210226_2_4dpi1dpi_cabcr5inj2_W50_sp0.93_op80_GW_MMStack_Default_Probabilities.h5
Submitted job 106 with external jobid 'Job <1049892> is submitted to default queue <research-rh74>.'.

[Sat Mar  6 17:50:38 2021]
rule full_ilastik_probs:
    input: /hps/research1/birney/users/ian/opto_res/videos/20210203/h5s/20210227_5_5dpi2dpi_cabcr5inj2_W50_sp1_op80_LGG_MMStack_Default.h5
    output: /hps/research1/birney/users/ian/opto_res/videos/20210203/h5s/20210227_5_5dpi2dpi_cabcr5inj2_W50_sp1_op80_LGG_MMStack_Default_Probabilities.h5
    jobid: 141
    wildcards: sample=20210227_5_5dpi2dpi_cabcr5inj2_W50_sp1_op80_LGG_MMStack_Default

/ilastik-release/run_ilastik.sh           --headless           --project=../ilastik/projects/20210107_test_pixclass.ilp           --readonly           --raw_data=/hps/research1/birney/users/ian/opto_res/videos/20210203/h5s/20210227_5_5dpi2dpi_cabcr5inj2_W50_sp1_op80_LGG_MMStack_Default.h5           --export_source="Probabilities"           --output_filename_format=/hps/research1/birney/users/ian/opto_res/videos/20210203/h5s/20210227_5_5dpi2dpi_cabcr5inj2_W50_sp1_op80_LGG_MMStack_Default_Probabilities.h5
Submitted job 141 with external jobid 'Job <1049893> is submitted to default queue <research-rh74>.'.

[Sat Mar  6 17:50:38 2021]
rule full_ilastik_probs:
    input: /hps/research1/birney/users/ian/opto_res/videos/20210203/h5s/20210227_1_5dpi2dpi_cabcr5inj2_W50_sp0.6_op80_GW_MMStack_Default.h5
    output: /hps/research1/birney/users/ian/opto_res/videos/20210203/h5s/20210227_1_5dpi2dpi_cabcr5inj2_W50_sp0.6_op80_GW_MMStack_Default_Probabilities.h5
    jobid: 137
    wildcards: sample=20210227_1_5dpi2dpi_cabcr5inj2_W50_sp0.6_op80_GW_MMStack_Default

/ilastik-release/run_ilastik.sh           --headless           --project=../ilastik/projects/20210107_test_pixclass.ilp           --readonly           --raw_data=/hps/research1/birney/users/ian/opto_res/videos/20210203/h5s/20210227_1_5dpi2dpi_cabcr5inj2_W50_sp0.6_op80_GW_MMStack_Default.h5           --export_source="Probabilities"           --output_filename_format=/hps/research1/birney/users/ian/opto_res/videos/20210203/h5s/20210227_1_5dpi2dpi_cabcr5inj2_W50_sp0.6_op80_GW_MMStack_Default_Probabilities.h5
Submitted job 137 with external jobid 'Job <1049894> is submitted to default queue <research-rh74>.'.

[Sat Mar  6 17:50:38 2021]
rule full_ilastik_probs:
    input: /hps/research1/birney/users/ian/opto_res/videos/20210203/h5s/20210301_5_7dpi4dpi_cabcr5inj2_W50_sp0.6_op50_GW_MMStack_Default.h5
    output: /hps/research1/birney/users/ian/opto_res/videos/20210203/h5s/20210301_5_7dpi4dpi_cabcr5inj2_W50_sp0.6_op50_GW_MMStack_Default_Probabilities.h5
    jobid: 152
    wildcards: sample=20210301_5_7dpi4dpi_cabcr5inj2_W50_sp0.6_op50_GW_MMStack_Default

/ilastik-release/run_ilastik.sh           --headless           --project=../ilastik/projects/20210107_test_pixclass.ilp           --readonly           --raw_data=/hps/research1/birney/users/ian/opto_res/videos/20210203/h5s/20210301_5_7dpi4dpi_cabcr5inj2_W50_sp0.6_op50_GW_MMStack_Default.h5           --export_source="Probabilities"           --output_filename_format=/hps/research1/birney/users/ian/opto_res/videos/20210203/h5s/20210301_5_7dpi4dpi_cabcr5inj2_W50_sp0.6_op50_GW_MMStack_Default_Probabilities.h5
Submitted job 152 with external jobid 'Job <1049895> is submitted to default queue <research-rh74>.'.

[Sat Mar  6 17:50:38 2021]
rule full_ilastik_probs:
    input: /hps/research1/birney/users/ian/opto_res/videos/20210203/h5s/20210301_9_7dpi4dpi_cabcr5inj2_W50_sp0.6_op100_GW_MMStack_Default.h5
    output: /hps/research1/birney/users/ian/opto_res/videos/20210203/h5s/20210301_9_7dpi4dpi_cabcr5inj2_W50_sp0.6_op100_GW_MMStack_Default_Probabilities.h5
    jobid: 156
    wildcards: sample=20210301_9_7dpi4dpi_cabcr5inj2_W50_sp0.6_op100_GW_MMStack_Default

/ilastik-release/run_ilastik.sh           --headless           --project=../ilastik/projects/20210107_test_pixclass.ilp           --readonly           --raw_data=/hps/research1/birney/users/ian/opto_res/videos/20210203/h5s/20210301_9_7dpi4dpi_cabcr5inj2_W50_sp0.6_op100_GW_MMStack_Default.h5           --export_source="Probabilities"           --output_filename_format=/hps/research1/birney/users/ian/opto_res/videos/20210203/h5s/20210301_9_7dpi4dpi_cabcr5inj2_W50_sp0.6_op100_GW_MMStack_Default_Probabilities.h5
Submitted job 156 with external jobid 'Job <1049896> is submitted to default queue <research-rh74>.'.

[Sat Mar  6 17:50:39 2021]
rule training_ilastik_probs:
    input: /hps/research1/birney/users/ian/opto_res/ilastik/training/20210306/h5s/20210226_4_4dpi1dpi_cabcr5inj2_W50_sp1_op50_GW_MMStack_Default.h5
    output: /hps/research1/birney/users/ian/opto_res/ilastik/training/20210306/h5s/20210226_4_4dpi1dpi_cabcr5inj2_W50_sp1_op50_GW_MMStack_Default_Probabilities.h5
    jobid: 108
    wildcards: sample=20210226_4_4dpi1dpi_cabcr5inj2_W50_sp1_op50_GW_MMStack_Default

/ilastik-release/run_ilastik.sh           --headless           --project=../ilastik/projects/20210107_test_pixclass.ilp           --readonly           --raw_data=/hps/research1/birney/users/ian/opto_res/ilastik/training/20210306/h5s/20210226_4_4dpi1dpi_cabcr5inj2_W50_sp1_op50_GW_MMStack_Default.h5           --export_source="Probabilities"           --output_filename_format=/hps/research1/birney/users/ian/opto_res/ilastik/training/20210306/h5s/20210226_4_4dpi1dpi_cabcr5inj2_W50_sp1_op50_GW_MMStack_Default_Probabilities.h5
Submitted job 108 with external jobid 'Job <1049897> is submitted to default queue <research-rh74>.'.

[Sat Mar  6 17:50:39 2021]
rule training_ilastik_probs:
    input: /hps/research1/birney/users/ian/opto_res/ilastik/training/20210306/h5s/20210226_6_4dpi1dpi_cabcr5inj2_W50_sp1_op80_LGG_MMStack_Default.h5
    output: /hps/research1/birney/users/ian/opto_res/ilastik/training/20210306/h5s/20210226_6_4dpi1dpi_cabcr5inj2_W50_sp1_op80_LGG_MMStack_Default_Probabilities.h5
    jobid: 110
    wildcards: sample=20210226_6_4dpi1dpi_cabcr5inj2_W50_sp1_op80_LGG_MMStack_Default

/ilastik-release/run_ilastik.sh           --headless           --project=../ilastik/projects/20210107_test_pixclass.ilp           --readonly           --raw_data=/hps/research1/birney/users/ian/opto_res/ilastik/training/20210306/h5s/20210226_6_4dpi1dpi_cabcr5inj2_W50_sp1_op80_LGG_MMStack_Default.h5           --export_source="Probabilities"           --output_filename_format=/hps/research1/birney/users/ian/opto_res/ilastik/training/20210306/h5s/20210226_6_4dpi1dpi_cabcr5inj2_W50_sp1_op80_LGG_MMStack_Default_Probabilities.h5
Submitted job 110 with external jobid 'Job <1049898> is submitted to default queue <research-rh74>.'.

[Sat Mar  6 17:50:39 2021]
rule training_ilastik_probs:
    input: /hps/research1/birney/users/ian/opto_res/ilastik/training/20210306/h5s/20210301_2_7dpi4dpi_cabcr5inj2_W50_sp0.6_op80_GW_MMStack_Default.h5
    output: /hps/research1/birney/users/ian/opto_res/ilastik/training/20210306/h5s/20210301_2_7dpi4dpi_cabcr5inj2_W50_sp0.6_op80_GW_MMStack_Default_Probabilities.h5
    jobid: 123
    wildcards: sample=20210301_2_7dpi4dpi_cabcr5inj2_W50_sp0.6_op80_GW_MMStack_Default

/ilastik-release/run_ilastik.sh           --headless           --project=../ilastik/projects/20210107_test_pixclass.ilp           --readonly           --raw_data=/hps/research1/birney/users/ian/opto_res/ilastik/training/20210306/h5s/20210301_2_7dpi4dpi_cabcr5inj2_W50_sp0.6_op80_GW_MMStack_Default.h5           --export_source="Probabilities"           --output_filename_format=/hps/research1/birney/users/ian/opto_res/ilastik/training/20210306/h5s/20210301_2_7dpi4dpi_cabcr5inj2_W50_sp0.6_op80_GW_MMStack_Default_Probabilities.h5
Submitted job 123 with external jobid 'Job <1049899> is submitted to default queue <research-rh74>.'.

[Sat Mar  6 17:50:39 2021]
rule training_ilastik_probs:
    input: /hps/research1/birney/users/ian/opto_res/ilastik/training/20210306/h5s/20210301_4_7dpi4dpi_cabcr5inj2_W50_sp0.6_op50_GW_MMStack_Default.h5
    output: /hps/research1/birney/users/ian/opto_res/ilastik/training/20210306/h5s/20210301_4_7dpi4dpi_cabcr5inj2_W50_sp0.6_op50_GW_MMStack_Default_Probabilities.h5
    jobid: 125
    wildcards: sample=20210301_4_7dpi4dpi_cabcr5inj2_W50_sp0.6_op50_GW_MMStack_Default

/ilastik-release/run_ilastik.sh           --headless           --project=../ilastik/projects/20210107_test_pixclass.ilp           --readonly           --raw_data=/hps/research1/birney/users/ian/opto_res/ilastik/training/20210306/h5s/20210301_4_7dpi4dpi_cabcr5inj2_W50_sp0.6_op50_GW_MMStack_Default.h5           --export_source="Probabilities"           --output_filename_format=/hps/research1/birney/users/ian/opto_res/ilastik/training/20210306/h5s/20210301_4_7dpi4dpi_cabcr5inj2_W50_sp0.6_op50_GW_MMStack_Default_Probabilities.h5
Submitted job 125 with external jobid 'Job <1049900> is submitted to default queue <research-rh74>.'.

[Sat Mar  6 17:50:39 2021]
rule full_ilastik_probs:
    input: /hps/research1/birney/users/ian/opto_res/videos/20210203/h5s/20210226_4_4dpi1dpi_cabcr5inj2_W50_sp1_op50_GW_MMStack_Default.h5
    output: /hps/research1/birney/users/ian/opto_res/videos/20210203/h5s/20210226_4_4dpi1dpi_cabcr5inj2_W50_sp1_op50_GW_MMStack_Default_Probabilities.h5
    jobid: 134
    wildcards: sample=20210226_4_4dpi1dpi_cabcr5inj2_W50_sp1_op50_GW_MMStack_Default

/ilastik-release/run_ilastik.sh           --headless           --project=../ilastik/projects/20210107_test_pixclass.ilp           --readonly           --raw_data=/hps/research1/birney/users/ian/opto_res/videos/20210203/h5s/20210226_4_4dpi1dpi_cabcr5inj2_W50_sp1_op50_GW_MMStack_Default.h5           --export_source="Probabilities"           --output_filename_format=/hps/research1/birney/users/ian/opto_res/videos/20210203/h5s/20210226_4_4dpi1dpi_cabcr5inj2_W50_sp1_op50_GW_MMStack_Default_Probabilities.h5
Submitted job 134 with external jobid 'Job <1049901> is submitted to default queue <research-rh74>.'.

[Sat Mar  6 17:50:40 2021]
rule full_ilastik_probs:
    input: /hps/research1/birney/users/ian/opto_res/videos/20210203/h5s/20210301_11_7dpi4dpi_cabcr5inj2_W50_sp0.6_op100_GW_MMStack_Default.h5
    output: /hps/research1/birney/users/ian/opto_res/videos/20210203/h5s/20210301_11_7dpi4dpi_cabcr5inj2_W50_sp0.6_op100_GW_MMStack_Default_Probabilities.h5
    jobid: 145
    wildcards: sample=20210301_11_7dpi4dpi_cabcr5inj2_W50_sp0.6_op100_GW_MMStack_Default

/ilastik-release/run_ilastik.sh           --headless           --project=../ilastik/projects/20210107_test_pixclass.ilp           --readonly           --raw_data=/hps/research1/birney/users/ian/opto_res/videos/20210203/h5s/20210301_11_7dpi4dpi_cabcr5inj2_W50_sp0.6_op100_GW_MMStack_Default.h5           --export_source="Probabilities"           --output_filename_format=/hps/research1/birney/users/ian/opto_res/videos/20210203/h5s/20210301_11_7dpi4dpi_cabcr5inj2_W50_sp0.6_op100_GW_MMStack_Default_Probabilities.h5
Submitted job 145 with external jobid 'Job <1049902> is submitted to default queue <research-rh74>.'.

[Sat Mar  6 17:50:40 2021]
rule full_ilastik_probs:
    input: /hps/research1/birney/users/ian/opto_res/videos/20210203/h5s/20210301_2_7dpi4dpi_cabcr5inj2_W50_sp0.6_op80_GW_MMStack_Default.h5
    output: /hps/research1/birney/users/ian/opto_res/videos/20210203/h5s/20210301_2_7dpi4dpi_cabcr5inj2_W50_sp0.6_op80_GW_MMStack_Default_Probabilities.h5
    jobid: 149
    wildcards: sample=20210301_2_7dpi4dpi_cabcr5inj2_W50_sp0.6_op80_GW_MMStack_Default

/ilastik-release/run_ilastik.sh           --headless           --project=../ilastik/projects/20210107_test_pixclass.ilp           --readonly           --raw_data=/hps/research1/birney/users/ian/opto_res/videos/20210203/h5s/20210301_2_7dpi4dpi_cabcr5inj2_W50_sp0.6_op80_GW_MMStack_Default.h5           --export_source="Probabilities"           --output_filename_format=/hps/research1/birney/users/ian/opto_res/videos/20210203/h5s/20210301_2_7dpi4dpi_cabcr5inj2_W50_sp0.6_op80_GW_MMStack_Default_Probabilities.h5
Submitted job 149 with external jobid 'Job <1049903> is submitted to default queue <research-rh74>.'.

[Sat Mar  6 17:50:40 2021]
rule training_ilastik_probs:
    input: /hps/research1/birney/users/ian/opto_res/ilastik/training/20210306/h5s/20210227_2_5dpi2dpi_cabcr5inj2_W50_sp0.6_op80_GW_MMStack_Default.h5
    output: /hps/research1/birney/users/ian/opto_res/ilastik/training/20210306/h5s/20210227_2_5dpi2dpi_cabcr5inj2_W50_sp0.6_op80_GW_MMStack_Default_Probabilities.h5
    jobid: 112
    wildcards: sample=20210227_2_5dpi2dpi_cabcr5inj2_W50_sp0.6_op80_GW_MMStack_Default

/ilastik-release/run_ilastik.sh           --headless           --project=../ilastik/projects/20210107_test_pixclass.ilp           --readonly           --raw_data=/hps/research1/birney/users/ian/opto_res/ilastik/training/20210306/h5s/20210227_2_5dpi2dpi_cabcr5inj2_W50_sp0.6_op80_GW_MMStack_Default.h5           --export_source="Probabilities"           --output_filename_format=/hps/research1/birney/users/ian/opto_res/ilastik/training/20210306/h5s/20210227_2_5dpi2dpi_cabcr5inj2_W50_sp0.6_op80_GW_MMStack_Default_Probabilities.h5
Submitted job 112 with external jobid 'Job <1049904> is submitted to default queue <research-rh74>.'.

[Sat Mar  6 17:50:40 2021]
rule training_ilastik_probs:
    input: /hps/research1/birney/users/ian/opto_res/ilastik/training/20210306/h5s/20210227_4_5dpi2dpi_cabcr5inj2_W50_sp1_op50_GW_MMStack_Default.h5
    output: /hps/research1/birney/users/ian/opto_res/ilastik/training/20210306/h5s/20210227_4_5dpi2dpi_cabcr5inj2_W50_sp1_op50_GW_MMStack_Default_Probabilities.h5
    jobid: 114
    wildcards: sample=20210227_4_5dpi2dpi_cabcr5inj2_W50_sp1_op50_GW_MMStack_Default

/ilastik-release/run_ilastik.sh           --headless           --project=../ilastik/projects/20210107_test_pixclass.ilp           --readonly           --raw_data=/hps/research1/birney/users/ian/opto_res/ilastik/training/20210306/h5s/20210227_4_5dpi2dpi_cabcr5inj2_W50_sp1_op50_GW_MMStack_Default.h5           --export_source="Probabilities"           --output_filename_format=/hps/research1/birney/users/ian/opto_res/ilastik/training/20210306/h5s/20210227_4_5dpi2dpi_cabcr5inj2_W50_sp1_op50_GW_MMStack_Default_Probabilities.h5
Submitted job 114 with external jobid 'Job <1049905> is submitted to default queue <research-rh74>.'.

[Sat Mar  6 17:50:41 2021]
rule training_ilastik_probs:
    input: /hps/research1/birney/users/ian/opto_res/ilastik/training/20210306/h5s/20210301_6_7dpi4dpi_cabcr5inj2_W50_sp0.6_op20_GW_MMStack_Default.h5
    output: /hps/research1/birney/users/ian/opto_res/ilastik/training/20210306/h5s/20210301_6_7dpi4dpi_cabcr5inj2_W50_sp0.6_op20_GW_MMStack_Default_Probabilities.h5
    jobid: 127
    wildcards: sample=20210301_6_7dpi4dpi_cabcr5inj2_W50_sp0.6_op20_GW_MMStack_Default

/ilastik-release/run_ilastik.sh           --headless           --project=../ilastik/projects/20210107_test_pixclass.ilp           --readonly           --raw_data=/hps/research1/birney/users/ian/opto_res/ilastik/training/20210306/h5s/20210301_6_7dpi4dpi_cabcr5inj2_W50_sp0.6_op20_GW_MMStack_Default.h5           --export_source="Probabilities"           --output_filename_format=/hps/research1/birney/users/ian/opto_res/ilastik/training/20210306/h5s/20210301_6_7dpi4dpi_cabcr5inj2_W50_sp0.6_op20_GW_MMStack_Default_Probabilities.h5
Submitted job 127 with external jobid 'Job <1049906> is submitted to default queue <research-rh74>.'.

[Sat Mar  6 17:50:41 2021]
rule training_ilastik_probs:
    input: /hps/research1/birney/users/ian/opto_res/ilastik/training/20210306/h5s/20210301_8_7dpi4dpi_cabcr5inj2_W50_sp0.6_op20_GW_MMStack_Default.h5
    output: /hps/research1/birney/users/ian/opto_res/ilastik/training/20210306/h5s/20210301_8_7dpi4dpi_cabcr5inj2_W50_sp0.6_op20_GW_MMStack_Default_Probabilities.h5
    jobid: 129
    wildcards: sample=20210301_8_7dpi4dpi_cabcr5inj2_W50_sp0.6_op20_GW_MMStack_Default

/ilastik-release/run_ilastik.sh           --headless           --project=../ilastik/projects/20210107_test_pixclass.ilp           --readonly           --raw_data=/hps/research1/birney/users/ian/opto_res/ilastik/training/20210306/h5s/20210301_8_7dpi4dpi_cabcr5inj2_W50_sp0.6_op20_GW_MMStack_Default.h5           --export_source="Probabilities"           --output_filename_format=/hps/research1/birney/users/ian/opto_res/ilastik/training/20210306/h5s/20210301_8_7dpi4dpi_cabcr5inj2_W50_sp0.6_op20_GW_MMStack_Default_Probabilities.h5
Submitted job 129 with external jobid 'Job <1049907> is submitted to default queue <research-rh74>.'.

[Sat Mar  6 17:50:41 2021]
rule full_ilastik_probs:
    input: /hps/research1/birney/users/ian/opto_res/videos/20210203/h5s/20210227_2_5dpi2dpi_cabcr5inj2_W50_sp0.6_op80_GW_MMStack_Default.h5
    output: /hps/research1/birney/users/ian/opto_res/videos/20210203/h5s/20210227_2_5dpi2dpi_cabcr5inj2_W50_sp0.6_op80_GW_MMStack_Default_Probabilities.h5
    jobid: 138
    wildcards: sample=20210227_2_5dpi2dpi_cabcr5inj2_W50_sp0.6_op80_GW_MMStack_Default

/ilastik-release/run_ilastik.sh           --headless           --project=../ilastik/projects/20210107_test_pixclass.ilp           --readonly           --raw_data=/hps/research1/birney/users/ian/opto_res/videos/20210203/h5s/20210227_2_5dpi2dpi_cabcr5inj2_W50_sp0.6_op80_GW_MMStack_Default.h5           --export_source="Probabilities"           --output_filename_format=/hps/research1/birney/users/ian/opto_res/videos/20210203/h5s/20210227_2_5dpi2dpi_cabcr5inj2_W50_sp0.6_op80_GW_MMStack_Default_Probabilities.h5
Submitted job 138 with external jobid 'Job <1049908> is submitted to default queue <research-rh74>.'.

[Sat Mar  6 17:50:41 2021]
rule full_ilastik_probs:
    input: /hps/research1/birney/users/ian/opto_res/videos/20210203/h5s/20210227_6_5dpi2dpi_cabcr5inj2_W50_sp1_op80_LGG_MMStack_Default.h5
    output: /hps/research1/birney/users/ian/opto_res/videos/20210203/h5s/20210227_6_5dpi2dpi_cabcr5inj2_W50_sp1_op80_LGG_MMStack_Default_Probabilities.h5
    jobid: 142
    wildcards: sample=20210227_6_5dpi2dpi_cabcr5inj2_W50_sp1_op80_LGG_MMStack_Default

/ilastik-release/run_ilastik.sh           --headless           --project=../ilastik/projects/20210107_test_pixclass.ilp           --readonly           --raw_data=/hps/research1/birney/users/ian/opto_res/videos/20210203/h5s/20210227_6_5dpi2dpi_cabcr5inj2_W50_sp1_op80_LGG_MMStack_Default.h5           --export_source="Probabilities"           --output_filename_format=/hps/research1/birney/users/ian/opto_res/videos/20210203/h5s/20210227_6_5dpi2dpi_cabcr5inj2_W50_sp1_op80_LGG_MMStack_Default_Probabilities.h5
Submitted job 142 with external jobid 'Job <1049909> is submitted to default queue <research-rh74>.'.

[Sat Mar  6 17:50:41 2021]
rule full_ilastik_probs:
    input: /hps/research1/birney/users/ian/opto_res/videos/20210203/h5s/20210301_6_7dpi4dpi_cabcr5inj2_W50_sp0.6_op20_GW_MMStack_Default.h5
    output: /hps/research1/birney/users/ian/opto_res/videos/20210203/h5s/20210301_6_7dpi4dpi_cabcr5inj2_W50_sp0.6_op20_GW_MMStack_Default_Probabilities.h5
    jobid: 153
    wildcards: sample=20210301_6_7dpi4dpi_cabcr5inj2_W50_sp0.6_op20_GW_MMStack_Default

/ilastik-release/run_ilastik.sh           --headless           --project=../ilastik/projects/20210107_test_pixclass.ilp           --readonly           --raw_data=/hps/research1/birney/users/ian/opto_res/videos/20210203/h5s/20210301_6_7dpi4dpi_cabcr5inj2_W50_sp0.6_op20_GW_MMStack_Default.h5           --export_source="Probabilities"           --output_filename_format=/hps/research1/birney/users/ian/opto_res/videos/20210203/h5s/20210301_6_7dpi4dpi_cabcr5inj2_W50_sp0.6_op20_GW_MMStack_Default_Probabilities.h5
Submitted job 153 with external jobid 'Job <1049910> is submitted to default queue <research-rh74>.'.

[Sat Mar  6 17:50:41 2021]
rule training_ilastik_probs:
    input: /hps/research1/birney/users/ian/opto_res/ilastik/training/20210306/h5s/20210227_6_5dpi2dpi_cabcr5inj2_W50_sp1_op80_LGG_MMStack_Default.h5
    output: /hps/research1/birney/users/ian/opto_res/ilastik/training/20210306/h5s/20210227_6_5dpi2dpi_cabcr5inj2_W50_sp1_op80_LGG_MMStack_Default_Probabilities.h5
    jobid: 116
    wildcards: sample=20210227_6_5dpi2dpi_cabcr5inj2_W50_sp1_op80_LGG_MMStack_Default

/ilastik-release/run_ilastik.sh           --headless           --project=../ilastik/projects/20210107_test_pixclass.ilp           --readonly           --raw_data=/hps/research1/birney/users/ian/opto_res/ilastik/training/20210306/h5s/20210227_6_5dpi2dpi_cabcr5inj2_W50_sp1_op80_LGG_MMStack_Default.h5           --export_source="Probabilities"           --output_filename_format=/hps/research1/birney/users/ian/opto_res/ilastik/training/20210306/h5s/20210227_6_5dpi2dpi_cabcr5inj2_W50_sp1_op80_LGG_MMStack_Default_Probabilities.h5
Submitted job 116 with external jobid 'Job <1049911> is submitted to default queue <research-rh74>.'.

[Sat Mar  6 17:50:41 2021]
rule training_ilastik_probs:
    input: /hps/research1/birney/users/ian/opto_res/ilastik/training/20210306/h5s/20210301_10_7dpi4dpi_cabcr5inj2_W50_sp0.6_op100_GW_MMStack_Default.h5
    output: /hps/research1/birney/users/ian/opto_res/ilastik/training/20210306/h5s/20210301_10_7dpi4dpi_cabcr5inj2_W50_sp0.6_op100_GW_MMStack_Default_Probabilities.h5
    jobid: 118
    wildcards: sample=20210301_10_7dpi4dpi_cabcr5inj2_W50_sp0.6_op100_GW_MMStack_Default

/ilastik-release/run_ilastik.sh           --headless           --project=../ilastik/projects/20210107_test_pixclass.ilp           --readonly           --raw_data=/hps/research1/birney/users/ian/opto_res/ilastik/training/20210306/h5s/20210301_10_7dpi4dpi_cabcr5inj2_W50_sp0.6_op100_GW_MMStack_Default.h5           --export_source="Probabilities"           --output_filename_format=/hps/research1/birney/users/ian/opto_res/ilastik/training/20210306/h5s/20210301_10_7dpi4dpi_cabcr5inj2_W50_sp0.6_op100_GW_MMStack_Default_Probabilities.h5
Submitted job 118 with external jobid 'Job <1049912> is submitted to default queue <research-rh74>.'.

[Sat Mar  6 17:50:42 2021]
rule full_ilastik_probs:
    input: /hps/research1/birney/users/ian/opto_res/videos/20210203/h5s/20210226_1_4dpi1dpi_cabcr5inj2_W50_sp0.93_op80_GW_MMStack_Default.h5
    output: /hps/research1/birney/users/ian/opto_res/videos/20210203/h5s/20210226_1_4dpi1dpi_cabcr5inj2_W50_sp0.93_op80_GW_MMStack_Default_Probabilities.h5
    jobid: 131
    wildcards: sample=20210226_1_4dpi1dpi_cabcr5inj2_W50_sp0.93_op80_GW_MMStack_Default

/ilastik-release/run_ilastik.sh           --headless           --project=../ilastik/projects/20210107_test_pixclass.ilp           --readonly           --raw_data=/hps/research1/birney/users/ian/opto_res/videos/20210203/h5s/20210226_1_4dpi1dpi_cabcr5inj2_W50_sp0.93_op80_GW_MMStack_Default.h5           --export_source="Probabilities"           --output_filename_format=/hps/research1/birney/users/ian/opto_res/videos/20210203/h5s/20210226_1_4dpi1dpi_cabcr5inj2_W50_sp0.93_op80_GW_MMStack_Default_Probabilities.h5
Submitted job 131 with external jobid 'Job <1049913> is submitted to default queue <research-rh74>.'.

[Sat Mar  6 17:50:42 2021]
rule full_ilastik_probs:
    input: /hps/research1/birney/users/ian/opto_res/videos/20210203/h5s/20210226_5_4dpi1dpi_cabcr5inj2_W50_sp1_op80_LGG_MMStack_Default.h5
    output: /hps/research1/birney/users/ian/opto_res/videos/20210203/h5s/20210226_5_4dpi1dpi_cabcr5inj2_W50_sp1_op80_LGG_MMStack_Default_Probabilities.h5
    jobid: 135
    wildcards: sample=20210226_5_4dpi1dpi_cabcr5inj2_W50_sp1_op80_LGG_MMStack_Default

/ilastik-release/run_ilastik.sh           --headless           --project=../ilastik/projects/20210107_test_pixclass.ilp           --readonly           --raw_data=/hps/research1/birney/users/ian/opto_res/videos/20210203/h5s/20210226_5_4dpi1dpi_cabcr5inj2_W50_sp1_op80_LGG_MMStack_Default.h5           --export_source="Probabilities"           --output_filename_format=/hps/research1/birney/users/ian/opto_res/videos/20210203/h5s/20210226_5_4dpi1dpi_cabcr5inj2_W50_sp1_op80_LGG_MMStack_Default_Probabilities.h5
Submitted job 135 with external jobid 'Job <1049914> is submitted to default queue <research-rh74>.'.

[Sat Mar  6 17:50:42 2021]
rule full_ilastik_probs:
    input: /hps/research1/birney/users/ian/opto_res/videos/20210203/h5s/20210301_12_7dpi4dpi_cabcr5inj2_W50_sp0.6_op80_LGG_MMStack_Default.h5
    output: /hps/research1/birney/users/ian/opto_res/videos/20210203/h5s/20210301_12_7dpi4dpi_cabcr5inj2_W50_sp0.6_op80_LGG_MMStack_Default_Probabilities.h5
    jobid: 146
    wildcards: sample=20210301_12_7dpi4dpi_cabcr5inj2_W50_sp0.6_op80_LGG_MMStack_Default

/ilastik-release/run_ilastik.sh           --headless           --project=../ilastik/projects/20210107_test_pixclass.ilp           --readonly           --raw_data=/hps/research1/birney/users/ian/opto_res/videos/20210203/h5s/20210301_12_7dpi4dpi_cabcr5inj2_W50_sp0.6_op80_LGG_MMStack_Default.h5           --export_source="Probabilities"           --output_filename_format=/hps/research1/birney/users/ian/opto_res/videos/20210203/h5s/20210301_12_7dpi4dpi_cabcr5inj2_W50_sp0.6_op80_LGG_MMStack_Default_Probabilities.h5
Submitted job 146 with external jobid 'Job <1049915> is submitted to default queue <research-rh74>.'.

[Sat Mar  6 17:50:42 2021]
rule full_ilastik_probs:
    input: /hps/research1/birney/users/ian/opto_res/videos/20210203/h5s/20210301_3_7dpi4dpi_cabcr5inj2_W50_sp0.6_op50_GW_MMStack_Default.h5
    output: /hps/research1/birney/users/ian/opto_res/videos/20210203/h5s/20210301_3_7dpi4dpi_cabcr5inj2_W50_sp0.6_op50_GW_MMStack_Default_Probabilities.h5
    jobid: 150
    wildcards: sample=20210301_3_7dpi4dpi_cabcr5inj2_W50_sp0.6_op50_GW_MMStack_Default

/ilastik-release/run_ilastik.sh           --headless           --project=../ilastik/projects/20210107_test_pixclass.ilp           --readonly           --raw_data=/hps/research1/birney/users/ian/opto_res/videos/20210203/h5s/20210301_3_7dpi4dpi_cabcr5inj2_W50_sp0.6_op50_GW_MMStack_Default.h5           --export_source="Probabilities"           --output_filename_format=/hps/research1/birney/users/ian/opto_res/videos/20210203/h5s/20210301_3_7dpi4dpi_cabcr5inj2_W50_sp0.6_op50_GW_MMStack_Default_Probabilities.h5
Submitted job 150 with external jobid 'Job <1049916> is submitted to default queue <research-rh74>.'.

[Sat Mar  6 17:50:42 2021]
rule training_ilastik_probs:
    input: /hps/research1/birney/users/ian/opto_res/ilastik/training/20210306/h5s/20210226_3_4dpi1dpi_cabcr5inj2_W50_sp1_op50_GW_MMStack_Default.h5
    output: /hps/research1/birney/users/ian/opto_res/ilastik/training/20210306/h5s/20210226_3_4dpi1dpi_cabcr5inj2_W50_sp1_op50_GW_MMStack_Default_Probabilities.h5
    jobid: 107
    wildcards: sample=20210226_3_4dpi1dpi_cabcr5inj2_W50_sp1_op50_GW_MMStack_Default

/ilastik-release/run_ilastik.sh           --headless           --project=../ilastik/projects/20210107_test_pixclass.ilp           --readonly           --raw_data=/hps/research1/birney/users/ian/opto_res/ilastik/training/20210306/h5s/20210226_3_4dpi1dpi_cabcr5inj2_W50_sp1_op50_GW_MMStack_Default.h5           --export_source="Probabilities"           --output_filename_format=/hps/research1/birney/users/ian/opto_res/ilastik/training/20210306/h5s/20210226_3_4dpi1dpi_cabcr5inj2_W50_sp1_op50_GW_MMStack_Default_Probabilities.h5
Submitted job 107 with external jobid 'Job <1049917> is submitted to default queue <research-rh74>.'.

[Sat Mar  6 17:50:42 2021]
rule training_ilastik_probs:
    input: /hps/research1/birney/users/ian/opto_res/ilastik/training/20210306/h5s/20210226_1_4dpi1dpi_cabcr5inj2_W50_sp0.93_op80_GW_MMStack_Default.h5
    output: /hps/research1/birney/users/ian/opto_res/ilastik/training/20210306/h5s/20210226_1_4dpi1dpi_cabcr5inj2_W50_sp0.93_op80_GW_MMStack_Default_Probabilities.h5
    jobid: 105
    wildcards: sample=20210226_1_4dpi1dpi_cabcr5inj2_W50_sp0.93_op80_GW_MMStack_Default

/ilastik-release/run_ilastik.sh           --headless           --project=../ilastik/projects/20210107_test_pixclass.ilp           --readonly           --raw_data=/hps/research1/birney/users/ian/opto_res/ilastik/training/20210306/h5s/20210226_1_4dpi1dpi_cabcr5inj2_W50_sp0.93_op80_GW_MMStack_Default.h5           --export_source="Probabilities"           --output_filename_format=/hps/research1/birney/users/ian/opto_res/ilastik/training/20210306/h5s/20210226_1_4dpi1dpi_cabcr5inj2_W50_sp0.93_op80_GW_MMStack_Default_Probabilities.h5
Submitted job 105 with external jobid 'Job <1049918> is submitted to default queue <research-rh74>.'.

[Sat Mar  6 17:50:43 2021]
rule training_ilastik_probs:
    input: /hps/research1/birney/users/ian/opto_res/ilastik/training/20210306/h5s/20210301_12_7dpi4dpi_cabcr5inj2_W50_sp0.6_op80_LGG_MMStack_Default.h5
    output: /hps/research1/birney/users/ian/opto_res/ilastik/training/20210306/h5s/20210301_12_7dpi4dpi_cabcr5inj2_W50_sp0.6_op80_LGG_MMStack_Default_Probabilities.h5
    jobid: 120
    wildcards: sample=20210301_12_7dpi4dpi_cabcr5inj2_W50_sp0.6_op80_LGG_MMStack_Default

/ilastik-release/run_ilastik.sh           --headless           --project=../ilastik/projects/20210107_test_pixclass.ilp           --readonly           --raw_data=/hps/research1/birney/users/ian/opto_res/ilastik/training/20210306/h5s/20210301_12_7dpi4dpi_cabcr5inj2_W50_sp0.6_op80_LGG_MMStack_Default.h5           --export_source="Probabilities"           --output_filename_format=/hps/research1/birney/users/ian/opto_res/ilastik/training/20210306/h5s/20210301_12_7dpi4dpi_cabcr5inj2_W50_sp0.6_op80_LGG_MMStack_Default_Probabilities.h5
Submitted job 120 with external jobid 'Job <1049919> is submitted to default queue <research-rh74>.'.

[Sat Mar  6 17:50:43 2021]
rule training_ilastik_probs:
    input: /hps/research1/birney/users/ian/opto_res/ilastik/training/20210306/h5s/20210301_14_7dpi4dpi_cabcr5inj2_W50_sp0.6_op80_LGG_MMStack_Default.h5
    output: /hps/research1/birney/users/ian/opto_res/ilastik/training/20210306/h5s/20210301_14_7dpi4dpi_cabcr5inj2_W50_sp0.6_op80_LGG_MMStack_Default_Probabilities.h5
    jobid: 122
    wildcards: sample=20210301_14_7dpi4dpi_cabcr5inj2_W50_sp0.6_op80_LGG_MMStack_Default

/ilastik-release/run_ilastik.sh           --headless           --project=../ilastik/projects/20210107_test_pixclass.ilp           --readonly           --raw_data=/hps/research1/birney/users/ian/opto_res/ilastik/training/20210306/h5s/20210301_14_7dpi4dpi_cabcr5inj2_W50_sp0.6_op80_LGG_MMStack_Default.h5           --export_source="Probabilities"           --output_filename_format=/hps/research1/birney/users/ian/opto_res/ilastik/training/20210306/h5s/20210301_14_7dpi4dpi_cabcr5inj2_W50_sp0.6_op80_LGG_MMStack_Default_Probabilities.h5
Submitted job 122 with external jobid 'Job <1049920> is submitted to default queue <research-rh74>.'.

[Sat Mar  6 17:50:43 2021]
rule full_ilastik_probs:
    input: /hps/research1/birney/users/ian/opto_res/videos/20210203/h5s/20210227_3_5dpi2dpi_cabcr5inj2_W50_sp1_op50_GW_MMStack_Default.h5
    output: /hps/research1/birney/users/ian/opto_res/videos/20210203/h5s/20210227_3_5dpi2dpi_cabcr5inj2_W50_sp1_op50_GW_MMStack_Default_Probabilities.h5
    jobid: 139
    wildcards: sample=20210227_3_5dpi2dpi_cabcr5inj2_W50_sp1_op50_GW_MMStack_Default

/ilastik-release/run_ilastik.sh           --headless           --project=../ilastik/projects/20210107_test_pixclass.ilp           --readonly           --raw_data=/hps/research1/birney/users/ian/opto_res/videos/20210203/h5s/20210227_3_5dpi2dpi_cabcr5inj2_W50_sp1_op50_GW_MMStack_Default.h5           --export_source="Probabilities"           --output_filename_format=/hps/research1/birney/users/ian/opto_res/videos/20210203/h5s/20210227_3_5dpi2dpi_cabcr5inj2_W50_sp1_op50_GW_MMStack_Default_Probabilities.h5
Submitted job 139 with external jobid 'Job <1049921> is submitted to default queue <research-rh74>.'.

[Sat Mar  6 17:50:43 2021]
rule full_ilastik_probs:
    input: /hps/research1/birney/users/ian/opto_res/videos/20210203/h5s/20210301_1_7dpi4dpi_cabcr5inj2_W50_sp0.6_op80_GW_MMStack_Default.h5
    output: /hps/research1/birney/users/ian/opto_res/videos/20210203/h5s/20210301_1_7dpi4dpi_cabcr5inj2_W50_sp0.6_op80_GW_MMStack_Default_Probabilities.h5
    jobid: 143
    wildcards: sample=20210301_1_7dpi4dpi_cabcr5inj2_W50_sp0.6_op80_GW_MMStack_Default

/ilastik-release/run_ilastik.sh           --headless           --project=../ilastik/projects/20210107_test_pixclass.ilp           --readonly           --raw_data=/hps/research1/birney/users/ian/opto_res/videos/20210203/h5s/20210301_1_7dpi4dpi_cabcr5inj2_W50_sp0.6_op80_GW_MMStack_Default.h5           --export_source="Probabilities"           --output_filename_format=/hps/research1/birney/users/ian/opto_res/videos/20210203/h5s/20210301_1_7dpi4dpi_cabcr5inj2_W50_sp0.6_op80_GW_MMStack_Default_Probabilities.h5
Submitted job 143 with external jobid 'Job <1049922> is submitted to default queue <research-rh74>.'.

[Sat Mar  6 17:50:43 2021]
rule full_ilastik_probs:
    input: /hps/research1/birney/users/ian/opto_res/videos/20210203/h5s/20210301_7_7dpi4dpi_cabcr5inj2_W50_sp0.6_op20_GW_MMStack_Default.h5
    output: /hps/research1/birney/users/ian/opto_res/videos/20210203/h5s/20210301_7_7dpi4dpi_cabcr5inj2_W50_sp0.6_op20_GW_MMStack_Default_Probabilities.h5
    jobid: 154
    wildcards: sample=20210301_7_7dpi4dpi_cabcr5inj2_W50_sp0.6_op20_GW_MMStack_Default

/ilastik-release/run_ilastik.sh           --headless           --project=../ilastik/projects/20210107_test_pixclass.ilp           --readonly           --raw_data=/hps/research1/birney/users/ian/opto_res/videos/20210203/h5s/20210301_7_7dpi4dpi_cabcr5inj2_W50_sp0.6_op20_GW_MMStack_Default.h5           --export_source="Probabilities"           --output_filename_format=/hps/research1/birney/users/ian/opto_res/videos/20210203/h5s/20210301_7_7dpi4dpi_cabcr5inj2_W50_sp0.6_op20_GW_MMStack_Default_Probabilities.h5
Submitted job 154 with external jobid 'Job <1049923> is submitted to default queue <research-rh74>.'.

[Sat Mar  6 17:50:43 2021]
rule training_ilastik_probs:
    input: /hps/research1/birney/users/ian/opto_res/ilastik/training/20210306/h5s/20210226_5_4dpi1dpi_cabcr5inj2_W50_sp1_op80_LGG_MMStack_Default.h5
    output: /hps/research1/birney/users/ian/opto_res/ilastik/training/20210306/h5s/20210226_5_4dpi1dpi_cabcr5inj2_W50_sp1_op80_LGG_MMStack_Default_Probabilities.h5
    jobid: 109
    wildcards: sample=20210226_5_4dpi1dpi_cabcr5inj2_W50_sp1_op80_LGG_MMStack_Default

/ilastik-release/run_ilastik.sh           --headless           --project=../ilastik/projects/20210107_test_pixclass.ilp           --readonly           --raw_data=/hps/research1/birney/users/ian/opto_res/ilastik/training/20210306/h5s/20210226_5_4dpi1dpi_cabcr5inj2_W50_sp1_op80_LGG_MMStack_Default.h5           --export_source="Probabilities"           --output_filename_format=/hps/research1/birney/users/ian/opto_res/ilastik/training/20210306/h5s/20210226_5_4dpi1dpi_cabcr5inj2_W50_sp1_op80_LGG_MMStack_Default_Probabilities.h5
Submitted job 109 with external jobid 'Job <1049924> is submitted to default queue <research-rh74>.'.

[Sat Mar  6 17:50:44 2021]
rule training_ilastik_probs:
    input: /hps/research1/birney/users/ian/opto_res/ilastik/training/20210306/h5s/20210227_1_5dpi2dpi_cabcr5inj2_W50_sp0.6_op80_GW_MMStack_Default.h5
    output: /hps/research1/birney/users/ian/opto_res/ilastik/training/20210306/h5s/20210227_1_5dpi2dpi_cabcr5inj2_W50_sp0.6_op80_GW_MMStack_Default_Probabilities.h5
    jobid: 111
    wildcards: sample=20210227_1_5dpi2dpi_cabcr5inj2_W50_sp0.6_op80_GW_MMStack_Default

/ilastik-release/run_ilastik.sh           --headless           --project=../ilastik/projects/20210107_test_pixclass.ilp           --readonly           --raw_data=/hps/research1/birney/users/ian/opto_res/ilastik/training/20210306/h5s/20210227_1_5dpi2dpi_cabcr5inj2_W50_sp0.6_op80_GW_MMStack_Default.h5           --export_source="Probabilities"           --output_filename_format=/hps/research1/birney/users/ian/opto_res/ilastik/training/20210306/h5s/20210227_1_5dpi2dpi_cabcr5inj2_W50_sp0.6_op80_GW_MMStack_Default_Probabilities.h5
Submitted job 111 with external jobid 'Job <1049925> is submitted to default queue <research-rh74>.'.

[Sat Mar  6 17:50:44 2021]
rule training_ilastik_probs:
    input: /hps/research1/birney/users/ian/opto_res/ilastik/training/20210306/h5s/20210301_3_7dpi4dpi_cabcr5inj2_W50_sp0.6_op50_GW_MMStack_Default.h5
    output: /hps/research1/birney/users/ian/opto_res/ilastik/training/20210306/h5s/20210301_3_7dpi4dpi_cabcr5inj2_W50_sp0.6_op50_GW_MMStack_Default_Probabilities.h5
    jobid: 124
    wildcards: sample=20210301_3_7dpi4dpi_cabcr5inj2_W50_sp0.6_op50_GW_MMStack_Default

/ilastik-release/run_ilastik.sh           --headless           --project=../ilastik/projects/20210107_test_pixclass.ilp           --readonly           --raw_data=/hps/research1/birney/users/ian/opto_res/ilastik/training/20210306/h5s/20210301_3_7dpi4dpi_cabcr5inj2_W50_sp0.6_op50_GW_MMStack_Default.h5           --export_source="Probabilities"           --output_filename_format=/hps/research1/birney/users/ian/opto_res/ilastik/training/20210306/h5s/20210301_3_7dpi4dpi_cabcr5inj2_W50_sp0.6_op50_GW_MMStack_Default_Probabilities.h5
Submitted job 124 with external jobid 'Job <1049926> is submitted to default queue <research-rh74>.'.

[Sat Mar  6 17:50:44 2021]
rule training_ilastik_probs:
    input: /hps/research1/birney/users/ian/opto_res/ilastik/training/20210306/h5s/20210301_5_7dpi4dpi_cabcr5inj2_W50_sp0.6_op50_GW_MMStack_Default.h5
    output: /hps/research1/birney/users/ian/opto_res/ilastik/training/20210306/h5s/20210301_5_7dpi4dpi_cabcr5inj2_W50_sp0.6_op50_GW_MMStack_Default_Probabilities.h5
    jobid: 126
    wildcards: sample=20210301_5_7dpi4dpi_cabcr5inj2_W50_sp0.6_op50_GW_MMStack_Default

/ilastik-release/run_ilastik.sh           --headless           --project=../ilastik/projects/20210107_test_pixclass.ilp           --readonly           --raw_data=/hps/research1/birney/users/ian/opto_res/ilastik/training/20210306/h5s/20210301_5_7dpi4dpi_cabcr5inj2_W50_sp0.6_op50_GW_MMStack_Default.h5           --export_source="Probabilities"           --output_filename_format=/hps/research1/birney/users/ian/opto_res/ilastik/training/20210306/h5s/20210301_5_7dpi4dpi_cabcr5inj2_W50_sp0.6_op50_GW_MMStack_Default_Probabilities.h5
Submitted job 126 with external jobid 'Job <1049927> is submitted to default queue <research-rh74>.'.

[Sat Mar  6 17:50:44 2021]
rule full_ilastik_probs:
    input: /hps/research1/birney/users/ian/opto_res/videos/20210203/h5s/20210226_2_4dpi1dpi_cabcr5inj2_W50_sp0.93_op80_GW_MMStack_Default.h5
    output: /hps/research1/birney/users/ian/opto_res/videos/20210203/h5s/20210226_2_4dpi1dpi_cabcr5inj2_W50_sp0.93_op80_GW_MMStack_Default_Probabilities.h5
    jobid: 132
    wildcards: sample=20210226_2_4dpi1dpi_cabcr5inj2_W50_sp0.93_op80_GW_MMStack_Default

/ilastik-release/run_ilastik.sh           --headless           --project=../ilastik/projects/20210107_test_pixclass.ilp           --readonly           --raw_data=/hps/research1/birney/users/ian/opto_res/videos/20210203/h5s/20210226_2_4dpi1dpi_cabcr5inj2_W50_sp0.93_op80_GW_MMStack_Default.h5           --export_source="Probabilities"           --output_filename_format=/hps/research1/birney/users/ian/opto_res/videos/20210203/h5s/20210226_2_4dpi1dpi_cabcr5inj2_W50_sp0.93_op80_GW_MMStack_Default_Probabilities.h5
Submitted job 132 with external jobid 'Job <1049928> is submitted to default queue <research-rh74>.'.

[Sat Mar  6 17:50:44 2021]
rule full_ilastik_probs:
    input: /hps/research1/birney/users/ian/opto_res/videos/20210203/h5s/20210226_6_4dpi1dpi_cabcr5inj2_W50_sp1_op80_LGG_MMStack_Default.h5
    output: /hps/research1/birney/users/ian/opto_res/videos/20210203/h5s/20210226_6_4dpi1dpi_cabcr5inj2_W50_sp1_op80_LGG_MMStack_Default_Probabilities.h5
    jobid: 136
    wildcards: sample=20210226_6_4dpi1dpi_cabcr5inj2_W50_sp1_op80_LGG_MMStack_Default

/ilastik-release/run_ilastik.sh           --headless           --project=../ilastik/projects/20210107_test_pixclass.ilp           --readonly           --raw_data=/hps/research1/birney/users/ian/opto_res/videos/20210203/h5s/20210226_6_4dpi1dpi_cabcr5inj2_W50_sp1_op80_LGG_MMStack_Default.h5           --export_source="Probabilities"           --output_filename_format=/hps/research1/birney/users/ian/opto_res/videos/20210203/h5s/20210226_6_4dpi1dpi_cabcr5inj2_W50_sp1_op80_LGG_MMStack_Default_Probabilities.h5
Submitted job 136 with external jobid 'Job <1049929> is submitted to default queue <research-rh74>.'.

[Sat Mar  6 17:50:45 2021]
rule full_ilastik_probs:
    input: /hps/research1/birney/users/ian/opto_res/videos/20210203/h5s/20210301_13_7dpi4dpi_cabcr5inj2_W50_sp0.6_op80_LGG_MMStack_Default.h5
    output: /hps/research1/birney/users/ian/opto_res/videos/20210203/h5s/20210301_13_7dpi4dpi_cabcr5inj2_W50_sp0.6_op80_LGG_MMStack_Default_Probabilities.h5
    jobid: 147
    wildcards: sample=20210301_13_7dpi4dpi_cabcr5inj2_W50_sp0.6_op80_LGG_MMStack_Default

/ilastik-release/run_ilastik.sh           --headless           --project=../ilastik/projects/20210107_test_pixclass.ilp           --readonly           --raw_data=/hps/research1/birney/users/ian/opto_res/videos/20210203/h5s/20210301_13_7dpi4dpi_cabcr5inj2_W50_sp0.6_op80_LGG_MMStack_Default.h5           --export_source="Probabilities"           --output_filename_format=/hps/research1/birney/users/ian/opto_res/videos/20210203/h5s/20210301_13_7dpi4dpi_cabcr5inj2_W50_sp0.6_op80_LGG_MMStack_Default_Probabilities.h5
Submitted job 147 with external jobid 'Job <1049930> is submitted to default queue <research-rh74>.'.

[Sat Mar  6 17:50:45 2021]
rule full_ilastik_probs:
    input: /hps/research1/birney/users/ian/opto_res/videos/20210203/h5s/20210301_4_7dpi4dpi_cabcr5inj2_W50_sp0.6_op50_GW_MMStack_Default.h5
    output: /hps/research1/birney/users/ian/opto_res/videos/20210203/h5s/20210301_4_7dpi4dpi_cabcr5inj2_W50_sp0.6_op50_GW_MMStack_Default_Probabilities.h5
    jobid: 151
    wildcards: sample=20210301_4_7dpi4dpi_cabcr5inj2_W50_sp0.6_op50_GW_MMStack_Default

/ilastik-release/run_ilastik.sh           --headless           --project=../ilastik/projects/20210107_test_pixclass.ilp           --readonly           --raw_data=/hps/research1/birney/users/ian/opto_res/videos/20210203/h5s/20210301_4_7dpi4dpi_cabcr5inj2_W50_sp0.6_op50_GW_MMStack_Default.h5           --export_source="Probabilities"           --output_filename_format=/hps/research1/birney/users/ian/opto_res/videos/20210203/h5s/20210301_4_7dpi4dpi_cabcr5inj2_W50_sp0.6_op50_GW_MMStack_Default_Probabilities.h5
Submitted job 151 with external jobid 'Job <1049931> is submitted to default queue <research-rh74>.'.

[Sat Mar  6 17:50:45 2021]
rule training_ilastik_probs:
    input: /hps/research1/birney/users/ian/opto_res/ilastik/training/20210306/h5s/20210227_3_5dpi2dpi_cabcr5inj2_W50_sp1_op50_GW_MMStack_Default.h5
    output: /hps/research1/birney/users/ian/opto_res/ilastik/training/20210306/h5s/20210227_3_5dpi2dpi_cabcr5inj2_W50_sp1_op50_GW_MMStack_Default_Probabilities.h5
    jobid: 113
    wildcards: sample=20210227_3_5dpi2dpi_cabcr5inj2_W50_sp1_op50_GW_MMStack_Default

/ilastik-release/run_ilastik.sh           --headless           --project=../ilastik/projects/20210107_test_pixclass.ilp           --readonly           --raw_data=/hps/research1/birney/users/ian/opto_res/ilastik/training/20210306/h5s/20210227_3_5dpi2dpi_cabcr5inj2_W50_sp1_op50_GW_MMStack_Default.h5           --export_source="Probabilities"           --output_filename_format=/hps/research1/birney/users/ian/opto_res/ilastik/training/20210306/h5s/20210227_3_5dpi2dpi_cabcr5inj2_W50_sp1_op50_GW_MMStack_Default_Probabilities.h5
Submitted job 113 with external jobid 'Job <1049932> is submitted to default queue <research-rh74>.'.

[Sat Mar  6 17:50:45 2021]
rule training_ilastik_probs:
    input: /hps/research1/birney/users/ian/opto_res/ilastik/training/20210306/h5s/20210227_5_5dpi2dpi_cabcr5inj2_W50_sp1_op80_LGG_MMStack_Default.h5
    output: /hps/research1/birney/users/ian/opto_res/ilastik/training/20210306/h5s/20210227_5_5dpi2dpi_cabcr5inj2_W50_sp1_op80_LGG_MMStack_Default_Probabilities.h5
    jobid: 115
    wildcards: sample=20210227_5_5dpi2dpi_cabcr5inj2_W50_sp1_op80_LGG_MMStack_Default

/ilastik-release/run_ilastik.sh           --headless           --project=../ilastik/projects/20210107_test_pixclass.ilp           --readonly           --raw_data=/hps/research1/birney/users/ian/opto_res/ilastik/training/20210306/h5s/20210227_5_5dpi2dpi_cabcr5inj2_W50_sp1_op80_LGG_MMStack_Default.h5           --export_source="Probabilities"           --output_filename_format=/hps/research1/birney/users/ian/opto_res/ilastik/training/20210306/h5s/20210227_5_5dpi2dpi_cabcr5inj2_W50_sp1_op80_LGG_MMStack_Default_Probabilities.h5
Submitted job 115 with external jobid 'Job <1049933> is submitted to default queue <research-rh74>.'.

[Sat Mar  6 17:50:45 2021]
rule training_ilastik_probs:
    input: /hps/research1/birney/users/ian/opto_res/ilastik/training/20210306/h5s/20210301_7_7dpi4dpi_cabcr5inj2_W50_sp0.6_op20_GW_MMStack_Default.h5
    output: /hps/research1/birney/users/ian/opto_res/ilastik/training/20210306/h5s/20210301_7_7dpi4dpi_cabcr5inj2_W50_sp0.6_op20_GW_MMStack_Default_Probabilities.h5
    jobid: 128
    wildcards: sample=20210301_7_7dpi4dpi_cabcr5inj2_W50_sp0.6_op20_GW_MMStack_Default

/ilastik-release/run_ilastik.sh           --headless           --project=../ilastik/projects/20210107_test_pixclass.ilp           --readonly           --raw_data=/hps/research1/birney/users/ian/opto_res/ilastik/training/20210306/h5s/20210301_7_7dpi4dpi_cabcr5inj2_W50_sp0.6_op20_GW_MMStack_Default.h5           --export_source="Probabilities"           --output_filename_format=/hps/research1/birney/users/ian/opto_res/ilastik/training/20210306/h5s/20210301_7_7dpi4dpi_cabcr5inj2_W50_sp0.6_op20_GW_MMStack_Default_Probabilities.h5
Submitted job 128 with external jobid 'Job <1049934> is submitted to default queue <research-rh74>.'.

[Sat Mar  6 17:50:46 2021]
rule training_ilastik_probs:
    input: /hps/research1/birney/users/ian/opto_res/ilastik/training/20210306/h5s/20210301_9_7dpi4dpi_cabcr5inj2_W50_sp0.6_op100_GW_MMStack_Default.h5
    output: /hps/research1/birney/users/ian/opto_res/ilastik/training/20210306/h5s/20210301_9_7dpi4dpi_cabcr5inj2_W50_sp0.6_op100_GW_MMStack_Default_Probabilities.h5
    jobid: 130
    wildcards: sample=20210301_9_7dpi4dpi_cabcr5inj2_W50_sp0.6_op100_GW_MMStack_Default

/ilastik-release/run_ilastik.sh           --headless           --project=../ilastik/projects/20210107_test_pixclass.ilp           --readonly           --raw_data=/hps/research1/birney/users/ian/opto_res/ilastik/training/20210306/h5s/20210301_9_7dpi4dpi_cabcr5inj2_W50_sp0.6_op100_GW_MMStack_Default.h5           --export_source="Probabilities"           --output_filename_format=/hps/research1/birney/users/ian/opto_res/ilastik/training/20210306/h5s/20210301_9_7dpi4dpi_cabcr5inj2_W50_sp0.6_op100_GW_MMStack_Default_Probabilities.h5
Submitted job 130 with external jobid 'Job <1049935> is submitted to default queue <research-rh74>.'.

[Sat Mar  6 17:50:46 2021]
rule full_ilastik_probs:
    input: /hps/research1/birney/users/ian/opto_res/videos/20210203/h5s/20210227_4_5dpi2dpi_cabcr5inj2_W50_sp1_op50_GW_MMStack_Default.h5
    output: /hps/research1/birney/users/ian/opto_res/videos/20210203/h5s/20210227_4_5dpi2dpi_cabcr5inj2_W50_sp1_op50_GW_MMStack_Default_Probabilities.h5
    jobid: 140
    wildcards: sample=20210227_4_5dpi2dpi_cabcr5inj2_W50_sp1_op50_GW_MMStack_Default

/ilastik-release/run_ilastik.sh           --headless           --project=../ilastik/projects/20210107_test_pixclass.ilp           --readonly           --raw_data=/hps/research1/birney/users/ian/opto_res/videos/20210203/h5s/20210227_4_5dpi2dpi_cabcr5inj2_W50_sp1_op50_GW_MMStack_Default.h5           --export_source="Probabilities"           --output_filename_format=/hps/research1/birney/users/ian/opto_res/videos/20210203/h5s/20210227_4_5dpi2dpi_cabcr5inj2_W50_sp1_op50_GW_MMStack_Default_Probabilities.h5
Submitted job 140 with external jobid 'Job <1049936> is submitted to default queue <research-rh74>.'.

[Sat Mar  6 17:50:46 2021]
rule full_ilastik_probs:
    input: /hps/research1/birney/users/ian/opto_res/videos/20210203/h5s/20210301_10_7dpi4dpi_cabcr5inj2_W50_sp0.6_op100_GW_MMStack_Default.h5
    output: /hps/research1/birney/users/ian/opto_res/videos/20210203/h5s/20210301_10_7dpi4dpi_cabcr5inj2_W50_sp0.6_op100_GW_MMStack_Default_Probabilities.h5
    jobid: 144
    wildcards: sample=20210301_10_7dpi4dpi_cabcr5inj2_W50_sp0.6_op100_GW_MMStack_Default

/ilastik-release/run_ilastik.sh           --headless           --project=../ilastik/projects/20210107_test_pixclass.ilp           --readonly           --raw_data=/hps/research1/birney/users/ian/opto_res/videos/20210203/h5s/20210301_10_7dpi4dpi_cabcr5inj2_W50_sp0.6_op100_GW_MMStack_Default.h5           --export_source="Probabilities"           --output_filename_format=/hps/research1/birney/users/ian/opto_res/videos/20210203/h5s/20210301_10_7dpi4dpi_cabcr5inj2_W50_sp0.6_op100_GW_MMStack_Default_Probabilities.h5
Submitted job 144 with external jobid 'Job <1049937> is submitted to default queue <research-rh74>.'.

[Sat Mar  6 17:50:46 2021]
rule full_ilastik_probs:
    input: /hps/research1/birney/users/ian/opto_res/videos/20210203/h5s/20210301_8_7dpi4dpi_cabcr5inj2_W50_sp0.6_op20_GW_MMStack_Default.h5
    output: /hps/research1/birney/users/ian/opto_res/videos/20210203/h5s/20210301_8_7dpi4dpi_cabcr5inj2_W50_sp0.6_op20_GW_MMStack_Default_Probabilities.h5
    jobid: 155
    wildcards: sample=20210301_8_7dpi4dpi_cabcr5inj2_W50_sp0.6_op20_GW_MMStack_Default

/ilastik-release/run_ilastik.sh           --headless           --project=../ilastik/projects/20210107_test_pixclass.ilp           --readonly           --raw_data=/hps/research1/birney/users/ian/opto_res/videos/20210203/h5s/20210301_8_7dpi4dpi_cabcr5inj2_W50_sp0.6_op20_GW_MMStack_Default.h5           --export_source="Probabilities"           --output_filename_format=/hps/research1/birney/users/ian/opto_res/videos/20210203/h5s/20210301_8_7dpi4dpi_cabcr5inj2_W50_sp0.6_op20_GW_MMStack_Default_Probabilities.h5
Submitted job 155 with external jobid 'Job <1049938> is submitted to default queue <research-rh74>.'.

[Sat Mar  6 17:50:46 2021]
rule training_ilastik_probs:
    input: /hps/research1/birney/users/ian/opto_res/ilastik/training/20210306/h5s/20210301_1_7dpi4dpi_cabcr5inj2_W50_sp0.6_op80_GW_MMStack_Default.h5
    output: /hps/research1/birney/users/ian/opto_res/ilastik/training/20210306/h5s/20210301_1_7dpi4dpi_cabcr5inj2_W50_sp0.6_op80_GW_MMStack_Default_Probabilities.h5
    jobid: 117
    wildcards: sample=20210301_1_7dpi4dpi_cabcr5inj2_W50_sp0.6_op80_GW_MMStack_Default

/ilastik-release/run_ilastik.sh           --headless           --project=../ilastik/projects/20210107_test_pixclass.ilp           --readonly           --raw_data=/hps/research1/birney/users/ian/opto_res/ilastik/training/20210306/h5s/20210301_1_7dpi4dpi_cabcr5inj2_W50_sp0.6_op80_GW_MMStack_Default.h5           --export_source="Probabilities"           --output_filename_format=/hps/research1/birney/users/ian/opto_res/ilastik/training/20210306/h5s/20210301_1_7dpi4dpi_cabcr5inj2_W50_sp0.6_op80_GW_MMStack_Default_Probabilities.h5
Submitted job 117 with external jobid 'Job <1049939> is submitted to default queue <research-rh74>.'.

[Sat Mar  6 17:50:47 2021]
rule full_ilastik_probs:
    input: /hps/research1/birney/users/ian/opto_res/videos/20210203/h5s/20210226_3_4dpi1dpi_cabcr5inj2_W50_sp1_op50_GW_MMStack_Default.h5
    output: /hps/research1/birney/users/ian/opto_res/videos/20210203/h5s/20210226_3_4dpi1dpi_cabcr5inj2_W50_sp1_op50_GW_MMStack_Default_Probabilities.h5
    jobid: 133
    wildcards: sample=20210226_3_4dpi1dpi_cabcr5inj2_W50_sp1_op50_GW_MMStack_Default

/ilastik-release/run_ilastik.sh           --headless           --project=../ilastik/projects/20210107_test_pixclass.ilp           --readonly           --raw_data=/hps/research1/birney/users/ian/opto_res/videos/20210203/h5s/20210226_3_4dpi1dpi_cabcr5inj2_W50_sp1_op50_GW_MMStack_Default.h5           --export_source="Probabilities"           --output_filename_format=/hps/research1/birney/users/ian/opto_res/videos/20210203/h5s/20210226_3_4dpi1dpi_cabcr5inj2_W50_sp1_op50_GW_MMStack_Default_Probabilities.h5
Submitted job 133 with external jobid 'Job <1049940> is submitted to default queue <research-rh74>.'.

[Sat Mar  6 17:50:47 2021]
rule full_ilastik_probs:
    input: /hps/research1/birney/users/ian/opto_res/videos/20210203/h5s/20210301_14_7dpi4dpi_cabcr5inj2_W50_sp0.6_op80_LGG_MMStack_Default.h5
    output: /hps/research1/birney/users/ian/opto_res/videos/20210203/h5s/20210301_14_7dpi4dpi_cabcr5inj2_W50_sp0.6_op80_LGG_MMStack_Default_Probabilities.h5
    jobid: 148
    wildcards: sample=20210301_14_7dpi4dpi_cabcr5inj2_W50_sp0.6_op80_LGG_MMStack_Default

/ilastik-release/run_ilastik.sh           --headless           --project=../ilastik/projects/20210107_test_pixclass.ilp           --readonly           --raw_data=/hps/research1/birney/users/ian/opto_res/videos/20210203/h5s/20210301_14_7dpi4dpi_cabcr5inj2_W50_sp0.6_op80_LGG_MMStack_Default.h5           --export_source="Probabilities"           --output_filename_format=/hps/research1/birney/users/ian/opto_res/videos/20210203/h5s/20210301_14_7dpi4dpi_cabcr5inj2_W50_sp0.6_op80_LGG_MMStack_Default_Probabilities.h5
Submitted job 148 with external jobid 'Job <1049941> is submitted to default queue <research-rh74>.'.
[Sat Mar  6 17:50:48 2021]
Error in rule training_ilastik_probs:
    jobid: 118
    output: /hps/research1/birney/users/ian/opto_res/ilastik/training/20210306/h5s/20210301_10_7dpi4dpi_cabcr5inj2_W50_sp0.6_op100_GW_MMStack_Default_Probabilities.h5
    shell:
        /ilastik-release/run_ilastik.sh           --headless           --project=../ilastik/projects/20210107_test_pixclass.ilp           --readonly           --raw_data=/hps/research1/birney/users/ian/opto_res/ilastik/training/20210306/h5s/20210301_10_7dpi4dpi_cabcr5inj2_W50_sp0.6_op100_GW_MMStack_Default.h5           --export_source="Probabilities"           --output_filename_format=/hps/research1/birney/users/ian/opto_res/ilastik/training/20210306/h5s/20210301_10_7dpi4dpi_cabcr5inj2_W50_sp0.6_op100_GW_MMStack_Default_Probabilities.h5
        (one of the commands exited with non-zero exit code; note that snakemake uses bash strict mode!)
    cluster_jobid: Job <1049912> is submitted to default queue <research-rh74>.

Error executing rule training_ilastik_probs on cluster (jobid: 118, external: Job <1049912> is submitted to default queue <research-rh74>., jobscript: /hps/research1/birney/users/ian/opto_res/cos_opto_res/.snakemake/tmp.ae4lq7mw/snakejob.training_ilastik_probs.118.sh). For error details see the cluster log and the log files of the involved rule(s).
Job failed, going on with independent jobs.
[Sat Mar  6 17:51:01 2021]
Error in rule training_ilastik_probs:
    jobid: 119
    output: /hps/research1/birney/users/ian/opto_res/ilastik/training/20210306/h5s/20210301_11_7dpi4dpi_cabcr5inj2_W50_sp0.6_op100_GW_MMStack_Default_Probabilities.h5
    shell:
        /ilastik-release/run_ilastik.sh           --headless           --project=../ilastik/projects/20210107_test_pixclass.ilp           --readonly           --raw_data=/hps/research1/birney/users/ian/opto_res/ilastik/training/20210306/h5s/20210301_11_7dpi4dpi_cabcr5inj2_W50_sp0.6_op100_GW_MMStack_Default.h5           --export_source="Probabilities"           --output_filename_format=/hps/research1/birney/users/ian/opto_res/ilastik/training/20210306/h5s/20210301_11_7dpi4dpi_cabcr5inj2_W50_sp0.6_op100_GW_MMStack_Default_Probabilities.h5
        (one of the commands exited with non-zero exit code; note that snakemake uses bash strict mode!)
    cluster_jobid: Job <1049890> is submitted to default queue <research-rh74>.

Error executing rule training_ilastik_probs on cluster (jobid: 119, external: Job <1049890> is submitted to default queue <research-rh74>., jobscript: /hps/research1/birney/users/ian/opto_res/cos_opto_res/.snakemake/tmp.ae4lq7mw/snakejob.training_ilastik_probs.119.sh). For error details see the cluster log and the log files of the involved rule(s).
Job failed, going on with independent jobs.
[Sat Mar  6 17:51:02 2021]
Error in rule training_ilastik_probs:
    jobid: 108
    output: /hps/research1/birney/users/ian/opto_res/ilastik/training/20210306/h5s/20210226_4_4dpi1dpi_cabcr5inj2_W50_sp1_op50_GW_MMStack_Default_Probabilities.h5
    shell:
        /ilastik-release/run_ilastik.sh           --headless           --project=../ilastik/projects/20210107_test_pixclass.ilp           --readonly           --raw_data=/hps/research1/birney/users/ian/opto_res/ilastik/training/20210306/h5s/20210226_4_4dpi1dpi_cabcr5inj2_W50_sp1_op50_GW_MMStack_Default.h5           --export_source="Probabilities"           --output_filename_format=/hps/research1/birney/users/ian/opto_res/ilastik/training/20210306/h5s/20210226_4_4dpi1dpi_cabcr5inj2_W50_sp1_op50_GW_MMStack_Default_Probabilities.h5
        (one of the commands exited with non-zero exit code; note that snakemake uses bash strict mode!)
    cluster_jobid: Job <1049897> is submitted to default queue <research-rh74>.

Error executing rule training_ilastik_probs on cluster (jobid: 108, external: Job <1049897> is submitted to default queue <research-rh74>., jobscript: /hps/research1/birney/users/ian/opto_res/cos_opto_res/.snakemake/tmp.ae4lq7mw/snakejob.training_ilastik_probs.108.sh). For error details see the cluster log and the log files of the involved rule(s).
Job failed, going on with independent jobs.
[Sat Mar  6 17:51:03 2021]
Error in rule training_ilastik_probs:
    jobid: 129
    output: /hps/research1/birney/users/ian/opto_res/ilastik/training/20210306/h5s/20210301_8_7dpi4dpi_cabcr5inj2_W50_sp0.6_op20_GW_MMStack_Default_Probabilities.h5
    shell:
        /ilastik-release/run_ilastik.sh           --headless           --project=../ilastik/projects/20210107_test_pixclass.ilp           --readonly           --raw_data=/hps/research1/birney/users/ian/opto_res/ilastik/training/20210306/h5s/20210301_8_7dpi4dpi_cabcr5inj2_W50_sp0.6_op20_GW_MMStack_Default.h5           --export_source="Probabilities"           --output_filename_format=/hps/research1/birney/users/ian/opto_res/ilastik/training/20210306/h5s/20210301_8_7dpi4dpi_cabcr5inj2_W50_sp0.6_op20_GW_MMStack_Default_Probabilities.h5
        (one of the commands exited with non-zero exit code; note that snakemake uses bash strict mode!)
    cluster_jobid: Job <1049907> is submitted to default queue <research-rh74>.

Error executing rule training_ilastik_probs on cluster (jobid: 129, external: Job <1049907> is submitted to default queue <research-rh74>., jobscript: /hps/research1/birney/users/ian/opto_res/cos_opto_res/.snakemake/tmp.ae4lq7mw/snakejob.training_ilastik_probs.129.sh). For error details see the cluster log and the log files of the involved rule(s).
Job failed, going on with independent jobs.
Terminating processes on user request, this might take some time.
Will exit after finishing currently running jobs.
Complete log: /hps/research1/birney/users/ian/opto_res/cos_opto_res/.snakemake/log/2021-03-06T175034.272109.snakemake.log
