Building DAG of jobs...
Job counts:
	count	jobs
	1	all
	8	full_ilastik_probs
	26	full_ilastik_track
	25	training_ilastik_track
	60

[Sun Mar  7 10:36:35 2021]
rule training_ilastik_track:
    input: /hps/research1/birney/users/ian/opto_res/ilastik/training/20210306/h5s/20210301_1_7dpi4dpi_cabcr5inj2_W50_sp0.6_op80_GW_MMStack_Default.h5, /hps/research1/birney/users/ian/opto_res/ilastik/training/20210306/h5s/20210301_1_7dpi4dpi_cabcr5inj2_W50_sp0.6_op80_GW_MMStack_Default_Probabilities.h5
    output: /hps/research1/birney/users/ian/opto_res/ilastik/training/20210306/results/pass_1/raw/20210301_1_7dpi4dpi_cabcr5inj2_W50_sp0.6_op80_GW_MMStack_Default_CSV-Table.csv.csv
    jobid: 169
    wildcards: sample=20210301_1_7dpi4dpi_cabcr5inj2_W50_sp0.6_op80_GW_MMStack_Default

RuleException in line 125 of /hps/research1/birney/users/ian/opto_res/cos_opto_res/code/snakemake/20210203/Snakefile:
NameError: The name 'ilastik_track_proj' is unknown in this context. Please make sure that you defined that variable. Also note that braces not used for variable access have to be escaped by repeating them, i.e. {{print $1}}
  File "/nfs/research1/birney/users/brettell/anaconda3/envs/snakemake/lib/python3.9/site-packages/snakemake/executors/__init__.py", line 131, in run_jobs
  File "/nfs/research1/birney/users/brettell/anaconda3/envs/snakemake/lib/python3.9/site-packages/snakemake/executors/__init__.py", line 140, in run
  File "/nfs/research1/birney/users/brettell/anaconda3/envs/snakemake/lib/python3.9/site-packages/snakemake/executors/__init__.py", line 151, in _run
  File "/nfs/research1/birney/users/brettell/anaconda3/envs/snakemake/lib/python3.9/site-packages/snakemake/executors/__init__.py", line 171, in printjob
  File "/nfs/research1/birney/users/brettell/anaconda3/envs/snakemake/lib/python3.9/site-packages/snakemake/executors/__init__.py", line 157, in printjob
