Building DAG of jobs...
Using shell: /usr/local/bin/bash
Provided cluster nodes: 5000
Job counts:
	count	jobs
	1	all
	26	draw_lanes
	27

[Mon Mar  8 08:26:08 2021]
rule draw_lanes:
    input: /hps/research1/birney/users/ian/opto_res/videos/20210203/tifs/20210301_6_7dpi4dpi_cabcr5inj2_W50_sp0.6_op20_GW_MMStack_Default.ome.tif
    output: plots/20210203/lane_demarcations/20210301_6_7dpi4dpi_cabcr5inj2_W50_sp0.6_op20_GW_MMStack_Default.png
    jobid: 49
    wildcards: sample=20210301_6_7dpi4dpi_cabcr5inj2_W50_sp0.6_op20_GW_MMStack_Default

Submitted job 49 with external jobid 'Job <1176152> is submitted to default queue <research-rh74>.'.

[Mon Mar  8 08:26:08 2021]
rule draw_lanes:
    input: /hps/research1/birney/users/ian/opto_res/videos/20210203/tifs/20210227_2_5dpi2dpi_cabcr5inj2_W50_sp0.6_op80_GW_MMStack_Default.ome.tif
    output: plots/20210203/lane_demarcations/20210227_2_5dpi2dpi_cabcr5inj2_W50_sp0.6_op80_GW_MMStack_Default.png
    jobid: 34
    wildcards: sample=20210227_2_5dpi2dpi_cabcr5inj2_W50_sp0.6_op80_GW_MMStack_Default

Submitted job 34 with external jobid 'Job <1176153> is submitted to default queue <research-rh74>.'.

[Mon Mar  8 08:26:08 2021]
rule draw_lanes:
    input: /hps/research1/birney/users/ian/opto_res/videos/20210203/tifs/20210301_11_7dpi4dpi_cabcr5inj2_W50_sp0.6_op100_GW_MMStack_Default.ome.tif
    output: plots/20210203/lane_demarcations/20210301_11_7dpi4dpi_cabcr5inj2_W50_sp0.6_op100_GW_MMStack_Default.png
    jobid: 41
    wildcards: sample=20210301_11_7dpi4dpi_cabcr5inj2_W50_sp0.6_op100_GW_MMStack_Default

Submitted job 41 with external jobid 'Job <1176154> is submitted to default queue <research-rh74>.'.

[Mon Mar  8 08:26:08 2021]
rule draw_lanes:
    input: /hps/research1/birney/users/ian/opto_res/videos/20210203/tifs/20210227_3_5dpi2dpi_cabcr5inj2_W50_sp1_op50_GW_MMStack_Default.ome.tif
    output: plots/20210203/lane_demarcations/20210227_3_5dpi2dpi_cabcr5inj2_W50_sp1_op50_GW_MMStack_Default.png
    jobid: 35
    wildcards: sample=20210227_3_5dpi2dpi_cabcr5inj2_W50_sp1_op50_GW_MMStack_Default

Submitted job 35 with external jobid 'Job <1176155> is submitted to default queue <research-rh74>.'.

[Mon Mar  8 08:26:08 2021]
rule draw_lanes:
    input: /hps/research1/birney/users/ian/opto_res/videos/20210203/tifs/20210226_1_4dpi1dpi_cabcr5inj2_W50_sp0.93_op80_GW_MMStack_Default.ome.tif
    output: plots/20210203/lane_demarcations/20210226_1_4dpi1dpi_cabcr5inj2_W50_sp0.93_op80_GW_MMStack_Default.png
    jobid: 27
    wildcards: sample=20210226_1_4dpi1dpi_cabcr5inj2_W50_sp0.93_op80_GW_MMStack_Default

Submitted job 27 with external jobid 'Job <1176156> is submitted to default queue <research-rh74>.'.

[Mon Mar  8 08:26:08 2021]
rule draw_lanes:
    input: /hps/research1/birney/users/ian/opto_res/videos/20210203/tifs/20210301_12_7dpi4dpi_cabcr5inj2_W50_sp0.6_op80_LGG_MMStack_Default.ome.tif
    output: plots/20210203/lane_demarcations/20210301_12_7dpi4dpi_cabcr5inj2_W50_sp0.6_op80_LGG_MMStack_Default.png
    jobid: 42
    wildcards: sample=20210301_12_7dpi4dpi_cabcr5inj2_W50_sp0.6_op80_LGG_MMStack_Default

Submitted job 42 with external jobid 'Job <1176157> is submitted to default queue <research-rh74>.'.

[Mon Mar  8 08:26:08 2021]
rule draw_lanes:
    input: /hps/research1/birney/users/ian/opto_res/videos/20210203/tifs/20210301_7_7dpi4dpi_cabcr5inj2_W50_sp0.6_op20_GW_MMStack_Default.ome.tif
    output: plots/20210203/lane_demarcations/20210301_7_7dpi4dpi_cabcr5inj2_W50_sp0.6_op20_GW_MMStack_Default.png
    jobid: 50
    wildcards: sample=20210301_7_7dpi4dpi_cabcr5inj2_W50_sp0.6_op20_GW_MMStack_Default

Submitted job 50 with external jobid 'Job <1176158> is submitted to default queue <research-rh74>.'.

[Mon Mar  8 08:26:09 2021]
rule draw_lanes:
    input: /hps/research1/birney/users/ian/opto_res/videos/20210203/tifs/20210226_4_4dpi1dpi_cabcr5inj2_W50_sp1_op50_GW_MMStack_Default.ome.tif
    output: plots/20210203/lane_demarcations/20210226_4_4dpi1dpi_cabcr5inj2_W50_sp1_op50_GW_MMStack_Default.png
    jobid: 30
    wildcards: sample=20210226_4_4dpi1dpi_cabcr5inj2_W50_sp1_op50_GW_MMStack_Default

Submitted job 30 with external jobid 'Job <1176159> is submitted to default queue <research-rh74>.'.

[Mon Mar  8 08:26:09 2021]
rule draw_lanes:
    input: /hps/research1/birney/users/ian/opto_res/videos/20210203/tifs/20210227_4_5dpi2dpi_cabcr5inj2_W50_sp1_op50_GW_MMStack_Default.ome.tif
    output: plots/20210203/lane_demarcations/20210227_4_5dpi2dpi_cabcr5inj2_W50_sp1_op50_GW_MMStack_Default.png
    jobid: 36
    wildcards: sample=20210227_4_5dpi2dpi_cabcr5inj2_W50_sp1_op50_GW_MMStack_Default

Submitted job 36 with external jobid 'Job <1176160> is submitted to default queue <research-rh74>.'.

[Mon Mar  8 08:26:09 2021]
rule draw_lanes:
    input: /hps/research1/birney/users/ian/opto_res/videos/20210203/tifs/20210301_13_7dpi4dpi_cabcr5inj2_W50_sp0.6_op80_LGG_MMStack_Default.ome.tif
    output: plots/20210203/lane_demarcations/20210301_13_7dpi4dpi_cabcr5inj2_W50_sp0.6_op80_LGG_MMStack_Default.png
    jobid: 43
    wildcards: sample=20210301_13_7dpi4dpi_cabcr5inj2_W50_sp0.6_op80_LGG_MMStack_Default

Submitted job 43 with external jobid 'Job <1176161> is submitted to default queue <research-rh74>.'.

[Mon Mar  8 08:26:09 2021]
rule draw_lanes:
    input: /hps/research1/birney/users/ian/opto_res/videos/20210203/tifs/20210301_8_7dpi4dpi_cabcr5inj2_W50_sp0.6_op20_GW_MMStack_Default.ome.tif
    output: plots/20210203/lane_demarcations/20210301_8_7dpi4dpi_cabcr5inj2_W50_sp0.6_op20_GW_MMStack_Default.png
    jobid: 51
    wildcards: sample=20210301_8_7dpi4dpi_cabcr5inj2_W50_sp0.6_op20_GW_MMStack_Default

Submitted job 51 with external jobid 'Job <1176162> is submitted to default queue <research-rh74>.'.

[Mon Mar  8 08:26:09 2021]
rule draw_lanes:
    input: /hps/research1/birney/users/ian/opto_res/videos/20210203/tifs/20210226_2_4dpi1dpi_cabcr5inj2_W50_sp0.93_op80_GW_MMStack_Default.ome.tif
    output: plots/20210203/lane_demarcations/20210226_2_4dpi1dpi_cabcr5inj2_W50_sp0.93_op80_GW_MMStack_Default.png
    jobid: 28
    wildcards: sample=20210226_2_4dpi1dpi_cabcr5inj2_W50_sp0.93_op80_GW_MMStack_Default

Submitted job 28 with external jobid 'Job <1176163> is submitted to default queue <research-rh74>.'.

[Mon Mar  8 08:26:09 2021]
rule draw_lanes:
    input: /hps/research1/birney/users/ian/opto_res/videos/20210203/tifs/20210227_5_5dpi2dpi_cabcr5inj2_W50_sp1_op80_LGG_MMStack_Default.ome.tif
    output: plots/20210203/lane_demarcations/20210227_5_5dpi2dpi_cabcr5inj2_W50_sp1_op80_LGG_MMStack_Default.png
    jobid: 37
    wildcards: sample=20210227_5_5dpi2dpi_cabcr5inj2_W50_sp1_op80_LGG_MMStack_Default

Submitted job 37 with external jobid 'Job <1176164> is submitted to default queue <research-rh74>.'.

[Mon Mar  8 08:26:09 2021]
rule draw_lanes:
    input: /hps/research1/birney/users/ian/opto_res/videos/20210203/tifs/20210301_14_7dpi4dpi_cabcr5inj2_W50_sp0.6_op80_LGG_MMStack_Default.ome.tif
    output: plots/20210203/lane_demarcations/20210301_14_7dpi4dpi_cabcr5inj2_W50_sp0.6_op80_LGG_MMStack_Default.png
    jobid: 44
    wildcards: sample=20210301_14_7dpi4dpi_cabcr5inj2_W50_sp0.6_op80_LGG_MMStack_Default

Submitted job 44 with external jobid 'Job <1176165> is submitted to default queue <research-rh74>.'.

[Mon Mar  8 08:26:10 2021]
rule draw_lanes:
    input: /hps/research1/birney/users/ian/opto_res/videos/20210203/tifs/20210301_9_7dpi4dpi_cabcr5inj2_W50_sp0.6_op100_GW_MMStack_Default.ome.tif
    output: plots/20210203/lane_demarcations/20210301_9_7dpi4dpi_cabcr5inj2_W50_sp0.6_op100_GW_MMStack_Default.png
    jobid: 52
    wildcards: sample=20210301_9_7dpi4dpi_cabcr5inj2_W50_sp0.6_op100_GW_MMStack_Default

Submitted job 52 with external jobid 'Job <1176166> is submitted to default queue <research-rh74>.'.

[Mon Mar  8 08:26:10 2021]
rule draw_lanes:
    input: /hps/research1/birney/users/ian/opto_res/videos/20210203/tifs/20210226_3_4dpi1dpi_cabcr5inj2_W50_sp1_op50_GW_MMStack_Default.ome.tif
    output: plots/20210203/lane_demarcations/20210226_3_4dpi1dpi_cabcr5inj2_W50_sp1_op50_GW_MMStack_Default.png
    jobid: 29
    wildcards: sample=20210226_3_4dpi1dpi_cabcr5inj2_W50_sp1_op50_GW_MMStack_Default

Submitted job 29 with external jobid 'Job <1176167> is submitted to default queue <research-rh74>.'.

[Mon Mar  8 08:26:10 2021]
rule draw_lanes:
    input: /hps/research1/birney/users/ian/opto_res/videos/20210203/tifs/20210227_6_5dpi2dpi_cabcr5inj2_W50_sp1_op80_LGG_MMStack_Default.ome.tif
    output: plots/20210203/lane_demarcations/20210227_6_5dpi2dpi_cabcr5inj2_W50_sp1_op80_LGG_MMStack_Default.png
    jobid: 38
    wildcards: sample=20210227_6_5dpi2dpi_cabcr5inj2_W50_sp1_op80_LGG_MMStack_Default

Submitted job 38 with external jobid 'Job <1176168> is submitted to default queue <research-rh74>.'.

[Mon Mar  8 08:26:10 2021]
rule draw_lanes:
    input: /hps/research1/birney/users/ian/opto_res/videos/20210203/tifs/20210301_2_7dpi4dpi_cabcr5inj2_W50_sp0.6_op80_GW_MMStack_Default.ome.tif
    output: plots/20210203/lane_demarcations/20210301_2_7dpi4dpi_cabcr5inj2_W50_sp0.6_op80_GW_MMStack_Default.png
    jobid: 45
    wildcards: sample=20210301_2_7dpi4dpi_cabcr5inj2_W50_sp0.6_op80_GW_MMStack_Default

Submitted job 45 with external jobid 'Job <1176169> is submitted to default queue <research-rh74>.'.

[Mon Mar  8 08:26:10 2021]
rule draw_lanes:
    input: /hps/research1/birney/users/ian/opto_res/videos/20210203/tifs/20210226_5_4dpi1dpi_cabcr5inj2_W50_sp1_op80_LGG_MMStack_Default.ome.tif
    output: plots/20210203/lane_demarcations/20210226_5_4dpi1dpi_cabcr5inj2_W50_sp1_op80_LGG_MMStack_Default.png
    jobid: 31
    wildcards: sample=20210226_5_4dpi1dpi_cabcr5inj2_W50_sp1_op80_LGG_MMStack_Default

Submitted job 31 with external jobid 'Job <1176170> is submitted to default queue <research-rh74>.'.

[Mon Mar  8 08:26:10 2021]
rule draw_lanes:
    input: /hps/research1/birney/users/ian/opto_res/videos/20210203/tifs/20210301_1_7dpi4dpi_cabcr5inj2_W50_sp0.6_op80_GW_MMStack_Default.ome.tif
    output: plots/20210203/lane_demarcations/20210301_1_7dpi4dpi_cabcr5inj2_W50_sp0.6_op80_GW_MMStack_Default.png
    jobid: 39
    wildcards: sample=20210301_1_7dpi4dpi_cabcr5inj2_W50_sp0.6_op80_GW_MMStack_Default

Submitted job 39 with external jobid 'Job <1176171> is submitted to default queue <research-rh74>.'.

[Mon Mar  8 08:26:10 2021]
rule draw_lanes:
    input: /hps/research1/birney/users/ian/opto_res/videos/20210203/tifs/20210301_3_7dpi4dpi_cabcr5inj2_W50_sp0.6_op50_GW_MMStack_Default.ome.tif
    output: plots/20210203/lane_demarcations/20210301_3_7dpi4dpi_cabcr5inj2_W50_sp0.6_op50_GW_MMStack_Default.png
    jobid: 46
    wildcards: sample=20210301_3_7dpi4dpi_cabcr5inj2_W50_sp0.6_op50_GW_MMStack_Default

Submitted job 46 with external jobid 'Job <1176172> is submitted to default queue <research-rh74>.'.

[Mon Mar  8 08:26:10 2021]
rule draw_lanes:
    input: /hps/research1/birney/users/ian/opto_res/videos/20210203/tifs/20210226_6_4dpi1dpi_cabcr5inj2_W50_sp1_op80_LGG_MMStack_Default.ome.tif
    output: plots/20210203/lane_demarcations/20210226_6_4dpi1dpi_cabcr5inj2_W50_sp1_op80_LGG_MMStack_Default.png
    jobid: 32
    wildcards: sample=20210226_6_4dpi1dpi_cabcr5inj2_W50_sp1_op80_LGG_MMStack_Default

Submitted job 32 with external jobid 'Job <1176173> is submitted to default queue <research-rh74>.'.

[Mon Mar  8 08:26:11 2021]
rule draw_lanes:
    input: /hps/research1/birney/users/ian/opto_res/videos/20210203/tifs/20210301_10_7dpi4dpi_cabcr5inj2_W50_sp0.6_op100_GW_MMStack_Default.ome.tif
    output: plots/20210203/lane_demarcations/20210301_10_7dpi4dpi_cabcr5inj2_W50_sp0.6_op100_GW_MMStack_Default.png
    jobid: 40
    wildcards: sample=20210301_10_7dpi4dpi_cabcr5inj2_W50_sp0.6_op100_GW_MMStack_Default

Submitted job 40 with external jobid 'Job <1176174> is submitted to default queue <research-rh74>.'.

[Mon Mar  8 08:26:11 2021]
rule draw_lanes:
    input: /hps/research1/birney/users/ian/opto_res/videos/20210203/tifs/20210301_4_7dpi4dpi_cabcr5inj2_W50_sp0.6_op50_GW_MMStack_Default.ome.tif
    output: plots/20210203/lane_demarcations/20210301_4_7dpi4dpi_cabcr5inj2_W50_sp0.6_op50_GW_MMStack_Default.png
    jobid: 47
    wildcards: sample=20210301_4_7dpi4dpi_cabcr5inj2_W50_sp0.6_op50_GW_MMStack_Default

Submitted job 47 with external jobid 'Job <1176175> is submitted to default queue <research-rh74>.'.

[Mon Mar  8 08:26:11 2021]
rule draw_lanes:
    input: /hps/research1/birney/users/ian/opto_res/videos/20210203/tifs/20210227_1_5dpi2dpi_cabcr5inj2_W50_sp0.6_op80_GW_MMStack_Default.ome.tif
    output: plots/20210203/lane_demarcations/20210227_1_5dpi2dpi_cabcr5inj2_W50_sp0.6_op80_GW_MMStack_Default.png
    jobid: 33
    wildcards: sample=20210227_1_5dpi2dpi_cabcr5inj2_W50_sp0.6_op80_GW_MMStack_Default

Submitted job 33 with external jobid 'Job <1176176> is submitted to default queue <research-rh74>.'.

[Mon Mar  8 08:26:11 2021]
rule draw_lanes:
    input: /hps/research1/birney/users/ian/opto_res/videos/20210203/tifs/20210301_5_7dpi4dpi_cabcr5inj2_W50_sp0.6_op50_GW_MMStack_Default.ome.tif
    output: plots/20210203/lane_demarcations/20210301_5_7dpi4dpi_cabcr5inj2_W50_sp0.6_op50_GW_MMStack_Default.png
    jobid: 48
    wildcards: sample=20210301_5_7dpi4dpi_cabcr5inj2_W50_sp0.6_op50_GW_MMStack_Default

Submitted job 48 with external jobid 'Job <1176177> is submitted to default queue <research-rh74>.'.
[Mon Mar  8 08:26:30 2021]
Finished job 49.
1 of 27 steps (4%) done
[Mon Mar  8 08:26:30 2021]
Finished job 34.
2 of 27 steps (7%) done
[Mon Mar  8 08:26:30 2021]
Finished job 41.
3 of 27 steps (11%) done
[Mon Mar  8 08:26:30 2021]
Finished job 35.
4 of 27 steps (15%) done
[Mon Mar  8 08:26:30 2021]
Finished job 27.
5 of 27 steps (19%) done
[Mon Mar  8 08:26:30 2021]
Finished job 42.
6 of 27 steps (22%) done
[Mon Mar  8 08:26:30 2021]
Finished job 50.
7 of 27 steps (26%) done
[Mon Mar  8 08:26:30 2021]
Finished job 30.
8 of 27 steps (30%) done
[Mon Mar  8 08:26:30 2021]
Finished job 36.
9 of 27 steps (33%) done
[Mon Mar  8 08:26:30 2021]
Finished job 43.
10 of 27 steps (37%) done
[Mon Mar  8 08:26:31 2021]
Finished job 51.
11 of 27 steps (41%) done
[Mon Mar  8 08:26:31 2021]
Finished job 28.
12 of 27 steps (44%) done
[Mon Mar  8 08:26:31 2021]
Finished job 37.
13 of 27 steps (48%) done
[Mon Mar  8 08:26:31 2021]
Finished job 44.
14 of 27 steps (52%) done
[Mon Mar  8 08:26:31 2021]
Finished job 52.
15 of 27 steps (56%) done
[Mon Mar  8 08:26:31 2021]
Finished job 29.
16 of 27 steps (59%) done
[Mon Mar  8 08:26:31 2021]
Finished job 38.
17 of 27 steps (63%) done
[Mon Mar  8 08:26:31 2021]
Finished job 45.
18 of 27 steps (67%) done
[Mon Mar  8 08:26:31 2021]
Finished job 31.
19 of 27 steps (70%) done
[Mon Mar  8 08:26:31 2021]
Finished job 39.
20 of 27 steps (74%) done
[Mon Mar  8 08:26:32 2021]
Finished job 46.
21 of 27 steps (78%) done
[Mon Mar  8 08:26:32 2021]
Finished job 32.
22 of 27 steps (81%) done
[Mon Mar  8 08:26:32 2021]
Finished job 40.
23 of 27 steps (85%) done
[Mon Mar  8 08:26:32 2021]
Finished job 33.
24 of 27 steps (89%) done
[Mon Mar  8 08:26:32 2021]
Finished job 48.
25 of 27 steps (93%) done
Terminating processes on user request, this might take some time.
Will exit after finishing currently running jobs.
Complete log: /hps/research1/birney/users/ian/opto_res/cos_opto_res/.snakemake/log/2021-03-08T082604.967548.snakemake.log
