Building DAG of jobs...
MissingInputException in line 33 of /hps/research1/birney/users/ian/opto_res/cos_opto_res/code/snakemake/20210203/Snakefile:
Missing input files for rule all:
/hps/research1/birney/users/ian/opto_res/ilastik/training/20210306/results/pass_2/raw/20210301_11_7dpi4dpi_cabcr5inj2_W50_sp0.6_op100_GW_MMStack_Default_CSV-Table.csv.csv
/hps/research1/birney/users/ian/opto_res/ilastik/training/20210306/results/pass_2/raw/20210226_1_4dpi1dpi_cabcr5inj2_W50_sp0.93_op80_GW_MMStack_Default_CSV-Table.csv.csv
/hps/research1/birney/users/ian/opto_res/ilastik/training/20210306/results/pass_2/raw/20210301_8_7dpi4dpi_cabcr5inj2_W50_sp0.6_op20_GW_MMStack_Default_CSV-Table.csv.csv
/hps/research1/birney/users/ian/opto_res/ilastik/training/20210306/results/pass_2/raw/20210301_13_7dpi4dpi_cabcr5inj2_W50_sp0.6_op80_LGG_MMStack_Default_CSV-Table.csv.csv
/hps/research1/birney/users/ian/opto_res/ilastik/training/20210306/results/pass_2/raw/20210226_3_4dpi1dpi_cabcr5inj2_W50_sp1_op50_GW_MMStack_Default_CSV-Table.csv.csv
/hps/research1/birney/users/ian/opto_res/ilastik/training/20210306/results/pass_2/raw/20210227_3_5dpi2dpi_cabcr5inj2_W50_sp1_op50_GW_MMStack_Default_CSV-Table.csv.csv
/hps/research1/birney/users/ian/opto_res/ilastik/training/20210306/results/pass_2/raw/20210227_5_5dpi2dpi_cabcr5inj2_W50_sp1_op80_LGG_MMStack_Default_CSV-Table.csv.csv
/hps/research1/birney/users/ian/opto_res/ilastik/training/20210306/results/pass_2/raw/20210301_14_7dpi4dpi_cabcr5inj2_W50_sp0.6_op80_LGG_MMStack_Default_CSV-Table.csv.csv
/hps/research1/birney/users/ian/opto_res/ilastik/training/20210306/results/pass_2/raw/20210227_6_5dpi2dpi_cabcr5inj2_W50_sp1_op80_LGG_MMStack_Default_CSV-Table.csv.csv
/hps/research1/birney/users/ian/opto_res/ilastik/training/20210306/results/pass_2/raw/20210227_4_5dpi2dpi_cabcr5inj2_W50_sp1_op50_GW_MMStack_Default_CSV-Table.csv.csv
/hps/research1/birney/users/ian/opto_res/ilastik/training/20210306/results/pass_2/raw/20210226_2_4dpi1dpi_cabcr5inj2_W50_sp0.93_op80_GW_MMStack_Default_CSV-Table.csv.csv
/hps/research1/birney/users/ian/opto_res/ilastik/training/20210306/results/pass_2/raw/20210227_1_5dpi2dpi_cabcr5inj2_W50_sp0.6_op80_GW_MMStack_Default_CSV-Table.csv.csv
/hps/research1/birney/users/ian/opto_res/ilastik/training/20210306/results/pass_2/raw/20210301_5_7dpi4dpi_cabcr5inj2_W50_sp0.6_op50_GW_MMStack_Default_CSV-Table.csv.csv
/hps/research1/birney/users/ian/opto_res/ilastik/training/20210306/results/pass_2/raw/20210301_9_7dpi4dpi_cabcr5inj2_W50_sp0.6_op100_GW_MMStack_Default_CSV-Table.csv.csv
/hps/research1/birney/users/ian/opto_res/ilastik/training/20210306/results/pass_2/raw/20210226_5_4dpi1dpi_cabcr5inj2_W50_sp1_op80_LGG_MMStack_Default_CSV-Table.csv.csv
/hps/research1/birney/users/ian/opto_res/ilastik/training/20210306/results/pass_2/raw/20210301_3_7dpi4dpi_cabcr5inj2_W50_sp0.6_op50_GW_MMStack_Default_CSV-Table.csv.csv
/hps/research1/birney/users/ian/opto_res/ilastik/training/20210306/results/pass_2/raw/20210301_7_7dpi4dpi_cabcr5inj2_W50_sp0.6_op20_GW_MMStack_Default_CSV-Table.csv.csv
/hps/research1/birney/users/ian/opto_res/ilastik/training/20210306/results/pass_2/raw/20210301_4_7dpi4dpi_cabcr5inj2_W50_sp0.6_op50_GW_MMStack_Default_CSV-Table.csv.csv
/hps/research1/birney/users/ian/opto_res/ilastik/training/20210306/results/pass_2/raw/20210226_4_4dpi1dpi_cabcr5inj2_W50_sp1_op50_GW_MMStack_Default_CSV-Table.csv.csv
/hps/research1/birney/users/ian/opto_res/ilastik/training/20210306/results/pass_2/raw/20210301_1_7dpi4dpi_cabcr5inj2_W50_sp0.6_op80_GW_MMStack_Default_CSV-Table.csv.csv
/hps/research1/birney/users/ian/opto_res/ilastik/training/20210306/results/pass_2/raw/20210227_2_5dpi2dpi_cabcr5inj2_W50_sp0.6_op80_GW_MMStack_Default_CSV-Table.csv.csv
/hps/research1/birney/users/ian/opto_res/ilastik/training/20210306/results/pass_2/raw/20210301_2_7dpi4dpi_cabcr5inj2_W50_sp0.6_op80_GW_MMStack_Default_CSV-Table.csv.csv
/hps/research1/birney/users/ian/opto_res/ilastik/training/20210306/results/pass_2/raw/20210301_6_7dpi4dpi_cabcr5inj2_W50_sp0.6_op20_GW_MMStack_Default_CSV-Table.csv.csv
/hps/research1/birney/users/ian/opto_res/ilastik/training/20210306/results/pass_2/raw/20210226_6_4dpi1dpi_cabcr5inj2_W50_sp1_op80_LGG_MMStack_Default_CSV-Table.csv.csv
/hps/research1/birney/users/ian/opto_res/ilastik/training/20210306/results/pass_2/raw/20210301_12_7dpi4dpi_cabcr5inj2_W50_sp0.6_op80_LGG_MMStack_Default_CSV-Table.csv.csv
/hps/research1/birney/users/ian/opto_res/ilastik/training/20210306/results/pass_2/raw/20210301_10_7dpi4dpi_cabcr5inj2_W50_sp0.6_op100_GW_MMStack_Default_CSV-Table.csv.csv
