Building DAG of jobs...
Using shell: /usr/local/bin/bash
Provided cluster nodes: 5000
Job counts:
	count	jobs
	1	all
	3	ilastik_probs
	4

[Sun Feb 21 22:24:25 2021]
rule ilastik_probs:
    input: /hps/research1/birney/users/ian/opto_res/videos/20210203/h5s/20210203_cab_50_green_80_op_0.6_sp-2_MMStack_Default.ome-004.h5
    output: /hps/research1/birney/users/ian/opto_res/videos/20210203/h5s/20210203_cab_50_green_80_op_0.6_sp-2_MMStack_Default.ome-004_Probabilities.h5
    jobid: 5
    wildcards: sample=20210203_cab_50_green_80_op_0.6_sp-2_MMStack_Default.ome-004

/nfs/software/birney/ilastik-1.3.3-Linux/run_ilastik.sh           --headless           --project=../ilastik/projects/20210107_test_pixclass.ilp           --readonly           --raw_data=/hps/research1/birney/users/ian/opto_res/videos/20210203/h5s/20210203_cab_50_green_80_op_0.6_sp-2_MMStack_Default.ome-004.h5           --export_source="Probabilities"           --output_filename_format=/hps/research1/birney/users/ian/opto_res/videos/20210203/h5s/20210203_cab_50_green_80_op_0.6_sp-2_MMStack_Default.ome-004_Probabilities.h5
Submitted job 5 with external jobid 'Job <7856680> is submitted to default queue <research-rh74>.'.

[Sun Feb 21 22:24:26 2021]
rule ilastik_probs:
    input: /hps/research1/birney/users/ian/opto_res/videos/20210203/h5s/20210203_cab_50_green_90_op_0.6_sp_MMStack_Default.ome-006.h5
    output: /hps/research1/birney/users/ian/opto_res/videos/20210203/h5s/20210203_cab_50_green_90_op_0.6_sp_MMStack_Default.ome-006_Probabilities.h5
    jobid: 4
    wildcards: sample=20210203_cab_50_green_90_op_0.6_sp_MMStack_Default.ome-006

/nfs/software/birney/ilastik-1.3.3-Linux/run_ilastik.sh           --headless           --project=../ilastik/projects/20210107_test_pixclass.ilp           --readonly           --raw_data=/hps/research1/birney/users/ian/opto_res/videos/20210203/h5s/20210203_cab_50_green_90_op_0.6_sp_MMStack_Default.ome-006.h5           --export_source="Probabilities"           --output_filename_format=/hps/research1/birney/users/ian/opto_res/videos/20210203/h5s/20210203_cab_50_green_90_op_0.6_sp_MMStack_Default.ome-006_Probabilities.h5
Submitted job 4 with external jobid 'Job <7856681> is submitted to default queue <research-rh74>.'.

[Sun Feb 21 22:24:26 2021]
rule ilastik_probs:
    input: /hps/research1/birney/users/ian/opto_res/videos/20210203/h5s/20210203_cab_20_green_80_op_0.6_sp_MMStack_Default.ome-005.h5
    output: /hps/research1/birney/users/ian/opto_res/videos/20210203/h5s/20210203_cab_20_green_80_op_0.6_sp_MMStack_Default.ome-005_Probabilities.h5
    jobid: 6
    wildcards: sample=20210203_cab_20_green_80_op_0.6_sp_MMStack_Default.ome-005

/nfs/software/birney/ilastik-1.3.3-Linux/run_ilastik.sh           --headless           --project=../ilastik/projects/20210107_test_pixclass.ilp           --readonly           --raw_data=/hps/research1/birney/users/ian/opto_res/videos/20210203/h5s/20210203_cab_20_green_80_op_0.6_sp_MMStack_Default.ome-005.h5           --export_source="Probabilities"           --output_filename_format=/hps/research1/birney/users/ian/opto_res/videos/20210203/h5s/20210203_cab_20_green_80_op_0.6_sp_MMStack_Default.ome-005_Probabilities.h5
Submitted job 6 with external jobid 'Job <7856682> is submitted to default queue <research-rh74>.'.
[Mon Feb 22 00:08:19 2021]
Finished job 5.
1 of 4 steps (25%) done
[Mon Feb 22 00:11:03 2021]
Finished job 6.
2 of 4 steps (50%) done
[Mon Feb 22 01:43:42 2021]
Finished job 4.
3 of 4 steps (75%) done

[Mon Feb 22 01:43:43 2021]
localrule all:
    input: /hps/research1/birney/users/ian/opto_res/videos/20210203/h5s/20210203_cab_50_green_90_op_0.6_sp_MMStack_Default.ome-006.h5, /hps/research1/birney/users/ian/opto_res/videos/20210203/h5s/20210203_cab_50_green_80_op_0.6_sp-2_MMStack_Default.ome-004.h5, /hps/research1/birney/users/ian/opto_res/videos/20210203/h5s/20210203_cab_20_green_80_op_0.6_sp_MMStack_Default.ome-005.h5, /hps/research1/birney/users/ian/opto_res/videos/20210203/h5s/20210203_cab_50_green_90_op_0.6_sp_MMStack_Default.ome-006_Probabilities.h5, /hps/research1/birney/users/ian/opto_res/videos/20210203/h5s/20210203_cab_50_green_80_op_0.6_sp-2_MMStack_Default.ome-004_Probabilities.h5, /hps/research1/birney/users/ian/opto_res/videos/20210203/h5s/20210203_cab_20_green_80_op_0.6_sp_MMStack_Default.ome-005_Probabilities.h5
    jobid: 0

[Mon Feb 22 01:43:43 2021]
Finished job 0.
4 of 4 steps (100%) done
Complete log: /hps/research1/birney/users/ian/opto_res/cos_opto_res/.snakemake/log/2021-02-21T222425.468382.snakemake.log
