Building DAG of jobs...
Using shell: /usr/local/bin/bash
Provided cluster nodes: 5000
Job counts:
	count	jobs
	1	all
	25	draw_lanes
	17	extract_training_frames
	17	training_tif2h5
	60

[Mon Mar  8 11:27:58 2021]
rule extract_training_frames:
    input: /hps/research1/birney/users/ian/opto_res/videos/20210203/tifs/20210227_4_5dpi2dpi_cabcr5inj2_W50_sp1_op50_GW_MMStack_Default.ome.tif
    output: /hps/research1/birney/users/ian/opto_res/ilastik/training/20210306/pass_2/tifs/20210227_4_5dpi2dpi_cabcr5inj2_W50_sp1_op50_GW_MMStack_Default.ome.tif
    jobid: 64
    wildcards: training_sample=20210227_4_5dpi2dpi_cabcr5inj2_W50_sp1_op50_GW_MMStack_Default

Submitted job 64 with external jobid 'Job <1187368> is submitted to default queue <research-rh74>.'.

[Mon Mar  8 11:27:58 2021]
rule draw_lanes:
    input: /hps/research1/birney/users/ian/opto_res/videos/20210203/tifs/20210227_2_5dpi2dpi_cabcr5inj2_W50_sp0.6_op80_GW_MMStack_Default.ome.tif
    output: plots/20210203/lane_demarcations/20210227_2_5dpi2dpi_cabcr5inj2_W50_sp0.6_op80_GW_MMStack_Default.png
    jobid: 34
    wildcards: sample=20210227_2_5dpi2dpi_cabcr5inj2_W50_sp0.6_op80_GW_MMStack_Default

Submitted job 34 with external jobid 'Job <1187370> is submitted to default queue <research-rh74>.'.

[Mon Mar  8 11:27:58 2021]
rule draw_lanes:
    input: /hps/research1/birney/users/ian/opto_res/videos/20210203/tifs/20210301_11_7dpi4dpi_cabcr5inj2_W50_sp0.6_op100_GW_MMStack_Default.ome.tif
    output: plots/20210203/lane_demarcations/20210301_11_7dpi4dpi_cabcr5inj2_W50_sp0.6_op100_GW_MMStack_Default.png
    jobid: 41
    wildcards: sample=20210301_11_7dpi4dpi_cabcr5inj2_W50_sp0.6_op100_GW_MMStack_Default

Submitted job 41 with external jobid 'Job <1187372> is submitted to default queue <research-rh74>.'.

[Mon Mar  8 11:27:58 2021]
rule extract_training_frames:
    input: /hps/research1/birney/users/ian/opto_res/videos/20210203/tifs/20210227_5_5dpi2dpi_cabcr5inj2_W50_sp1_op80_LGG_MMStack_Default.ome.tif
    output: /hps/research1/birney/users/ian/opto_res/ilastik/training/20210306/pass_2/tifs/20210227_5_5dpi2dpi_cabcr5inj2_W50_sp1_op80_LGG_MMStack_Default.ome.tif
    jobid: 55
    wildcards: training_sample=20210227_5_5dpi2dpi_cabcr5inj2_W50_sp1_op80_LGG_MMStack_Default

Submitted job 55 with external jobid 'Job <1187373> is submitted to default queue <research-rh74>.'.

[Mon Mar  8 11:27:58 2021]
rule draw_lanes:
    input: /hps/research1/birney/users/ian/opto_res/videos/20210203/tifs/20210226_1_4dpi1dpi_cabcr5inj2_W50_sp0.93_op80_GW_MMStack_Default.ome.tif
    output: plots/20210203/lane_demarcations/20210226_1_4dpi1dpi_cabcr5inj2_W50_sp0.93_op80_GW_MMStack_Default.png
    jobid: 27
    wildcards: sample=20210226_1_4dpi1dpi_cabcr5inj2_W50_sp0.93_op80_GW_MMStack_Default

Submitted job 27 with external jobid 'Job <1187375> is submitted to default queue <research-rh74>.'.

[Mon Mar  8 11:27:59 2021]
rule draw_lanes:
    input: /hps/research1/birney/users/ian/opto_res/videos/20210203/tifs/20210227_3_5dpi2dpi_cabcr5inj2_W50_sp1_op50_GW_MMStack_Default.ome.tif
    output: plots/20210203/lane_demarcations/20210227_3_5dpi2dpi_cabcr5inj2_W50_sp1_op50_GW_MMStack_Default.png
    jobid: 35
    wildcards: sample=20210227_3_5dpi2dpi_cabcr5inj2_W50_sp1_op50_GW_MMStack_Default

Submitted job 35 with external jobid 'Job <1187376> is submitted to default queue <research-rh74>.'.

[Mon Mar  8 11:27:59 2021]
rule draw_lanes:
    input: /hps/research1/birney/users/ian/opto_res/videos/20210203/tifs/20210301_12_7dpi4dpi_cabcr5inj2_W50_sp0.6_op80_LGG_MMStack_Default.ome.tif
    output: plots/20210203/lane_demarcations/20210301_12_7dpi4dpi_cabcr5inj2_W50_sp0.6_op80_LGG_MMStack_Default.png
    jobid: 42
    wildcards: sample=20210301_12_7dpi4dpi_cabcr5inj2_W50_sp0.6_op80_LGG_MMStack_Default

Submitted job 42 with external jobid 'Job <1187377> is submitted to default queue <research-rh74>.'.

[Mon Mar  8 11:27:59 2021]
rule draw_lanes:
    input: /hps/research1/birney/users/ian/opto_res/videos/20210203/tifs/20210301_7_7dpi4dpi_cabcr5inj2_W50_sp0.6_op20_GW_MMStack_Default.ome.tif
    output: plots/20210203/lane_demarcations/20210301_7_7dpi4dpi_cabcr5inj2_W50_sp0.6_op20_GW_MMStack_Default.png
    jobid: 50
    wildcards: sample=20210301_7_7dpi4dpi_cabcr5inj2_W50_sp0.6_op20_GW_MMStack_Default

Submitted job 50 with external jobid 'Job <1187378> is submitted to default queue <research-rh74>.'.

[Mon Mar  8 11:27:59 2021]
rule extract_training_frames:
    input: /hps/research1/birney/users/ian/opto_res/videos/20210203/tifs/20210301_14_7dpi4dpi_cabcr5inj2_W50_sp0.6_op80_LGG_MMStack_Default.ome.tif
    output: /hps/research1/birney/users/ian/opto_res/ilastik/training/20210306/pass_2/tifs/20210301_14_7dpi4dpi_cabcr5inj2_W50_sp0.6_op80_LGG_MMStack_Default.ome.tif
    jobid: 57
    wildcards: training_sample=20210301_14_7dpi4dpi_cabcr5inj2_W50_sp0.6_op80_LGG_MMStack_Default

Submitted job 57 with external jobid 'Job <1187379> is submitted to default queue <research-rh74>.'.

[Mon Mar  8 11:27:59 2021]
rule extract_training_frames:
    input: /hps/research1/birney/users/ian/opto_res/videos/20210203/tifs/20210227_6_5dpi2dpi_cabcr5inj2_W50_sp1_op80_LGG_MMStack_Default.ome.tif
    output: /hps/research1/birney/users/ian/opto_res/ilastik/training/20210306/pass_2/tifs/20210227_6_5dpi2dpi_cabcr5inj2_W50_sp1_op80_LGG_MMStack_Default.ome.tif
    jobid: 65
    wildcards: training_sample=20210227_6_5dpi2dpi_cabcr5inj2_W50_sp1_op80_LGG_MMStack_Default

Submitted job 65 with external jobid 'Job <1187380> is submitted to default queue <research-rh74>.'.

[Mon Mar  8 11:28:00 2021]
rule draw_lanes:
    input: /hps/research1/birney/users/ian/opto_res/videos/20210203/tifs/20210226_4_4dpi1dpi_cabcr5inj2_W50_sp1_op50_GW_MMStack_Default.ome.tif
    output: plots/20210203/lane_demarcations/20210226_4_4dpi1dpi_cabcr5inj2_W50_sp1_op50_GW_MMStack_Default.png
    jobid: 30
    wildcards: sample=20210226_4_4dpi1dpi_cabcr5inj2_W50_sp1_op50_GW_MMStack_Default

Submitted job 30 with external jobid 'Job <1187381> is submitted to default queue <research-rh74>.'.

[Mon Mar  8 11:28:00 2021]
rule draw_lanes:
    input: /hps/research1/birney/users/ian/opto_res/videos/20210203/tifs/20210227_4_5dpi2dpi_cabcr5inj2_W50_sp1_op50_GW_MMStack_Default.ome.tif
    output: plots/20210203/lane_demarcations/20210227_4_5dpi2dpi_cabcr5inj2_W50_sp1_op50_GW_MMStack_Default.png
    jobid: 36
    wildcards: sample=20210227_4_5dpi2dpi_cabcr5inj2_W50_sp1_op50_GW_MMStack_Default

Submitted job 36 with external jobid 'Job <1187383> is submitted to default queue <research-rh74>.'.

[Mon Mar  8 11:28:00 2021]
rule draw_lanes:
    input: /hps/research1/birney/users/ian/opto_res/videos/20210203/tifs/20210301_13_7dpi4dpi_cabcr5inj2_W50_sp0.6_op80_LGG_MMStack_Default.ome.tif
    output: plots/20210203/lane_demarcations/20210301_13_7dpi4dpi_cabcr5inj2_W50_sp0.6_op80_LGG_MMStack_Default.png
    jobid: 43
    wildcards: sample=20210301_13_7dpi4dpi_cabcr5inj2_W50_sp0.6_op80_LGG_MMStack_Default

Submitted job 43 with external jobid 'Job <1187385> is submitted to default queue <research-rh74>.'.

[Mon Mar  8 11:28:00 2021]
rule draw_lanes:
    input: /hps/research1/birney/users/ian/opto_res/videos/20210203/tifs/20210301_8_7dpi4dpi_cabcr5inj2_W50_sp0.6_op20_GW_MMStack_Default.ome.tif
    output: plots/20210203/lane_demarcations/20210301_8_7dpi4dpi_cabcr5inj2_W50_sp0.6_op20_GW_MMStack_Default.png
    jobid: 51
    wildcards: sample=20210301_8_7dpi4dpi_cabcr5inj2_W50_sp0.6_op20_GW_MMStack_Default

Submitted job 51 with external jobid 'Job <1187387> is submitted to default queue <research-rh74>.'.

[Mon Mar  8 11:28:00 2021]
rule extract_training_frames:
    input: /hps/research1/birney/users/ian/opto_res/videos/20210203/tifs/20210226_1_4dpi1dpi_cabcr5inj2_W50_sp0.93_op80_GW_MMStack_Default.ome.tif
    output: /hps/research1/birney/users/ian/opto_res/ilastik/training/20210306/pass_2/tifs/20210226_1_4dpi1dpi_cabcr5inj2_W50_sp0.93_op80_GW_MMStack_Default.ome.tif
    jobid: 58
    wildcards: training_sample=20210226_1_4dpi1dpi_cabcr5inj2_W50_sp0.93_op80_GW_MMStack_Default

Submitted job 58 with external jobid 'Job <1187389> is submitted to default queue <research-rh74>.'.

[Mon Mar  8 11:28:01 2021]
rule extract_training_frames:
    input: /hps/research1/birney/users/ian/opto_res/videos/20210203/tifs/20210301_11_7dpi4dpi_cabcr5inj2_W50_sp0.6_op100_GW_MMStack_Default.ome.tif
    output: /hps/research1/birney/users/ian/opto_res/ilastik/training/20210306/pass_2/tifs/20210301_11_7dpi4dpi_cabcr5inj2_W50_sp0.6_op100_GW_MMStack_Default.ome.tif
    jobid: 66
    wildcards: training_sample=20210301_11_7dpi4dpi_cabcr5inj2_W50_sp0.6_op100_GW_MMStack_Default

Submitted job 66 with external jobid 'Job <1187391> is submitted to default queue <research-rh74>.'.

[Mon Mar  8 11:28:01 2021]
rule draw_lanes:
    input: /hps/research1/birney/users/ian/opto_res/videos/20210203/tifs/20210226_2_4dpi1dpi_cabcr5inj2_W50_sp0.93_op80_GW_MMStack_Default.ome.tif
    output: plots/20210203/lane_demarcations/20210226_2_4dpi1dpi_cabcr5inj2_W50_sp0.93_op80_GW_MMStack_Default.png
    jobid: 28
    wildcards: sample=20210226_2_4dpi1dpi_cabcr5inj2_W50_sp0.93_op80_GW_MMStack_Default

Submitted job 28 with external jobid 'Job <1187392> is submitted to default queue <research-rh74>.'.

[Mon Mar  8 11:28:01 2021]
rule draw_lanes:
    input: /hps/research1/birney/users/ian/opto_res/videos/20210203/tifs/20210227_5_5dpi2dpi_cabcr5inj2_W50_sp1_op80_LGG_MMStack_Default.ome.tif
    output: plots/20210203/lane_demarcations/20210227_5_5dpi2dpi_cabcr5inj2_W50_sp1_op80_LGG_MMStack_Default.png
    jobid: 37
    wildcards: sample=20210227_5_5dpi2dpi_cabcr5inj2_W50_sp1_op80_LGG_MMStack_Default

Submitted job 37 with external jobid 'Job <1187394> is submitted to default queue <research-rh74>.'.

[Mon Mar  8 11:28:01 2021]
rule draw_lanes:
    input: /hps/research1/birney/users/ian/opto_res/videos/20210203/tifs/20210301_14_7dpi4dpi_cabcr5inj2_W50_sp0.6_op80_LGG_MMStack_Default.ome.tif
    output: plots/20210203/lane_demarcations/20210301_14_7dpi4dpi_cabcr5inj2_W50_sp0.6_op80_LGG_MMStack_Default.png
    jobid: 44
    wildcards: sample=20210301_14_7dpi4dpi_cabcr5inj2_W50_sp0.6_op80_LGG_MMStack_Default

Submitted job 44 with external jobid 'Job <1187395> is submitted to default queue <research-rh74>.'.

[Mon Mar  8 11:28:01 2021]
rule draw_lanes:
    input: /hps/research1/birney/users/ian/opto_res/videos/20210203/tifs/20210301_9_7dpi4dpi_cabcr5inj2_W50_sp0.6_op100_GW_MMStack_Default.ome.tif
    output: plots/20210203/lane_demarcations/20210301_9_7dpi4dpi_cabcr5inj2_W50_sp0.6_op100_GW_MMStack_Default.png
    jobid: 52
    wildcards: sample=20210301_9_7dpi4dpi_cabcr5inj2_W50_sp0.6_op100_GW_MMStack_Default

Submitted job 52 with external jobid 'Job <1187397> is submitted to default queue <research-rh74>.'.

[Mon Mar  8 11:28:02 2021]
rule extract_training_frames:
    input: /hps/research1/birney/users/ian/opto_res/videos/20210203/tifs/20210226_2_4dpi1dpi_cabcr5inj2_W50_sp0.93_op80_GW_MMStack_Default.ome.tif
    output: /hps/research1/birney/users/ian/opto_res/ilastik/training/20210306/pass_2/tifs/20210226_2_4dpi1dpi_cabcr5inj2_W50_sp0.93_op80_GW_MMStack_Default.ome.tif
    jobid: 59
    wildcards: training_sample=20210226_2_4dpi1dpi_cabcr5inj2_W50_sp0.93_op80_GW_MMStack_Default

Submitted job 59 with external jobid 'Job <1187398> is submitted to default queue <research-rh74>.'.

[Mon Mar  8 11:28:02 2021]
rule extract_training_frames:
    input: /hps/research1/birney/users/ian/opto_res/videos/20210203/tifs/20210301_13_7dpi4dpi_cabcr5inj2_W50_sp0.6_op80_LGG_MMStack_Default.ome.tif
    output: /hps/research1/birney/users/ian/opto_res/ilastik/training/20210306/pass_2/tifs/20210301_13_7dpi4dpi_cabcr5inj2_W50_sp0.6_op80_LGG_MMStack_Default.ome.tif
    jobid: 67
    wildcards: training_sample=20210301_13_7dpi4dpi_cabcr5inj2_W50_sp0.6_op80_LGG_MMStack_Default

Submitted job 67 with external jobid 'Job <1187399> is submitted to default queue <research-rh74>.'.

[Mon Mar  8 11:28:02 2021]
rule draw_lanes:
    input: /hps/research1/birney/users/ian/opto_res/videos/20210203/tifs/20210226_3_4dpi1dpi_cabcr5inj2_W50_sp1_op50_GW_MMStack_Default.ome.tif
    output: plots/20210203/lane_demarcations/20210226_3_4dpi1dpi_cabcr5inj2_W50_sp1_op50_GW_MMStack_Default.png
    jobid: 29
    wildcards: sample=20210226_3_4dpi1dpi_cabcr5inj2_W50_sp1_op50_GW_MMStack_Default

Submitted job 29 with external jobid 'Job <1187400> is submitted to default queue <research-rh74>.'.

[Mon Mar  8 11:28:02 2021]
rule draw_lanes:
    input: /hps/research1/birney/users/ian/opto_res/videos/20210203/tifs/20210227_6_5dpi2dpi_cabcr5inj2_W50_sp1_op80_LGG_MMStack_Default.ome.tif
    output: plots/20210203/lane_demarcations/20210227_6_5dpi2dpi_cabcr5inj2_W50_sp1_op80_LGG_MMStack_Default.png
    jobid: 38
    wildcards: sample=20210227_6_5dpi2dpi_cabcr5inj2_W50_sp1_op80_LGG_MMStack_Default

Submitted job 38 with external jobid 'Job <1187401> is submitted to default queue <research-rh74>.'.

[Mon Mar  8 11:28:02 2021]
rule draw_lanes:
    input: /hps/research1/birney/users/ian/opto_res/videos/20210203/tifs/20210301_2_7dpi4dpi_cabcr5inj2_W50_sp0.6_op80_GW_MMStack_Default.ome.tif
    output: plots/20210203/lane_demarcations/20210301_2_7dpi4dpi_cabcr5inj2_W50_sp0.6_op80_GW_MMStack_Default.png
    jobid: 45
    wildcards: sample=20210301_2_7dpi4dpi_cabcr5inj2_W50_sp0.6_op80_GW_MMStack_Default

Submitted job 45 with external jobid 'Job <1187402> is submitted to default queue <research-rh74>.'.

[Mon Mar  8 11:28:03 2021]
rule extract_training_frames:
    input: /hps/research1/birney/users/ian/opto_res/videos/20210203/tifs/20210226_5_4dpi1dpi_cabcr5inj2_W50_sp1_op80_LGG_MMStack_Default.ome.tif
    output: /hps/research1/birney/users/ian/opto_res/ilastik/training/20210306/pass_2/tifs/20210226_5_4dpi1dpi_cabcr5inj2_W50_sp1_op80_LGG_MMStack_Default.ome.tif
    jobid: 53
    wildcards: training_sample=20210226_5_4dpi1dpi_cabcr5inj2_W50_sp1_op80_LGG_MMStack_Default

Submitted job 53 with external jobid 'Job <1187403> is submitted to default queue <research-rh74>.'.

[Mon Mar  8 11:28:03 2021]
rule extract_training_frames:
    input: /hps/research1/birney/users/ian/opto_res/videos/20210203/tifs/20210226_3_4dpi1dpi_cabcr5inj2_W50_sp1_op50_GW_MMStack_Default.ome.tif
    output: /hps/research1/birney/users/ian/opto_res/ilastik/training/20210306/pass_2/tifs/20210226_3_4dpi1dpi_cabcr5inj2_W50_sp1_op50_GW_MMStack_Default.ome.tif
    jobid: 60
    wildcards: training_sample=20210226_3_4dpi1dpi_cabcr5inj2_W50_sp1_op50_GW_MMStack_Default

Submitted job 60 with external jobid 'Job <1187404> is submitted to default queue <research-rh74>.'.

[Mon Mar  8 11:28:03 2021]
rule extract_training_frames:
    input: /hps/research1/birney/users/ian/opto_res/videos/20210203/tifs/20210301_3_7dpi4dpi_cabcr5inj2_W50_sp0.6_op50_GW_MMStack_Default.ome.tif
    output: /hps/research1/birney/users/ian/opto_res/ilastik/training/20210306/pass_2/tifs/20210301_3_7dpi4dpi_cabcr5inj2_W50_sp0.6_op50_GW_MMStack_Default.ome.tif
    jobid: 68
    wildcards: training_sample=20210301_3_7dpi4dpi_cabcr5inj2_W50_sp0.6_op50_GW_MMStack_Default

Submitted job 68 with external jobid 'Job <1187405> is submitted to default queue <research-rh74>.'.

[Mon Mar  8 11:28:03 2021]
rule draw_lanes:
    input: /hps/research1/birney/users/ian/opto_res/videos/20210203/tifs/20210226_5_4dpi1dpi_cabcr5inj2_W50_sp1_op80_LGG_MMStack_Default.ome.tif
    output: plots/20210203/lane_demarcations/20210226_5_4dpi1dpi_cabcr5inj2_W50_sp1_op80_LGG_MMStack_Default.png
    jobid: 31
    wildcards: sample=20210226_5_4dpi1dpi_cabcr5inj2_W50_sp1_op80_LGG_MMStack_Default

Submitted job 31 with external jobid 'Job <1187406> is submitted to default queue <research-rh74>.'.

[Mon Mar  8 11:28:04 2021]
rule draw_lanes:
    input: /hps/research1/birney/users/ian/opto_res/videos/20210203/tifs/20210301_1_7dpi4dpi_cabcr5inj2_W50_sp0.6_op80_GW_MMStack_Default.ome.tif
    output: plots/20210203/lane_demarcations/20210301_1_7dpi4dpi_cabcr5inj2_W50_sp0.6_op80_GW_MMStack_Default.png
    jobid: 39
    wildcards: sample=20210301_1_7dpi4dpi_cabcr5inj2_W50_sp0.6_op80_GW_MMStack_Default

Submitted job 39 with external jobid 'Job <1187407> is submitted to default queue <research-rh74>.'.

[Mon Mar  8 11:28:04 2021]
rule draw_lanes:
    input: /hps/research1/birney/users/ian/opto_res/videos/20210203/tifs/20210301_3_7dpi4dpi_cabcr5inj2_W50_sp0.6_op50_GW_MMStack_Default.ome.tif
    output: plots/20210203/lane_demarcations/20210301_3_7dpi4dpi_cabcr5inj2_W50_sp0.6_op50_GW_MMStack_Default.png
    jobid: 46
    wildcards: sample=20210301_3_7dpi4dpi_cabcr5inj2_W50_sp0.6_op50_GW_MMStack_Default

Submitted job 46 with external jobid 'Job <1187408> is submitted to default queue <research-rh74>.'.

[Mon Mar  8 11:28:04 2021]
rule extract_training_frames:
    input: /hps/research1/birney/users/ian/opto_res/videos/20210203/tifs/20210301_12_7dpi4dpi_cabcr5inj2_W50_sp0.6_op80_LGG_MMStack_Default.ome.tif
    output: /hps/research1/birney/users/ian/opto_res/ilastik/training/20210306/pass_2/tifs/20210301_12_7dpi4dpi_cabcr5inj2_W50_sp0.6_op80_LGG_MMStack_Default.ome.tif
    jobid: 56
    wildcards: training_sample=20210301_12_7dpi4dpi_cabcr5inj2_W50_sp0.6_op80_LGG_MMStack_Default

Submitted job 56 with external jobid 'Job <1187409> is submitted to default queue <research-rh74>.'.

[Mon Mar  8 11:28:04 2021]
rule extract_training_frames:
    input: /hps/research1/birney/users/ian/opto_res/videos/20210203/tifs/20210226_4_4dpi1dpi_cabcr5inj2_W50_sp1_op50_GW_MMStack_Default.ome.tif
    output: /hps/research1/birney/users/ian/opto_res/ilastik/training/20210306/pass_2/tifs/20210226_4_4dpi1dpi_cabcr5inj2_W50_sp1_op50_GW_MMStack_Default.ome.tif
    jobid: 61
    wildcards: training_sample=20210226_4_4dpi1dpi_cabcr5inj2_W50_sp1_op50_GW_MMStack_Default

Submitted job 61 with external jobid 'Job <1187410> is submitted to default queue <research-rh74>.'.

[Mon Mar  8 11:28:04 2021]
rule extract_training_frames:
    input: /hps/research1/birney/users/ian/opto_res/videos/20210203/tifs/20210301_4_7dpi4dpi_cabcr5inj2_W50_sp0.6_op50_GW_MMStack_Default.ome.tif
    output: /hps/research1/birney/users/ian/opto_res/ilastik/training/20210306/pass_2/tifs/20210301_4_7dpi4dpi_cabcr5inj2_W50_sp0.6_op50_GW_MMStack_Default.ome.tif
    jobid: 69
    wildcards: training_sample=20210301_4_7dpi4dpi_cabcr5inj2_W50_sp0.6_op50_GW_MMStack_Default

Submitted job 69 with external jobid 'Job <1187411> is submitted to default queue <research-rh74>.'.

[Mon Mar  8 11:28:05 2021]
rule draw_lanes:
    input: /hps/research1/birney/users/ian/opto_res/videos/20210203/tifs/20210226_6_4dpi1dpi_cabcr5inj2_W50_sp1_op80_LGG_MMStack_Default.ome.tif
    output: plots/20210203/lane_demarcations/20210226_6_4dpi1dpi_cabcr5inj2_W50_sp1_op80_LGG_MMStack_Default.png
    jobid: 32
    wildcards: sample=20210226_6_4dpi1dpi_cabcr5inj2_W50_sp1_op80_LGG_MMStack_Default

Submitted job 32 with external jobid 'Job <1187413> is submitted to default queue <research-rh74>.'.

[Mon Mar  8 11:28:05 2021]
rule draw_lanes:
    input: /hps/research1/birney/users/ian/opto_res/videos/20210203/tifs/20210301_10_7dpi4dpi_cabcr5inj2_W50_sp0.6_op100_GW_MMStack_Default.ome.tif
    output: plots/20210203/lane_demarcations/20210301_10_7dpi4dpi_cabcr5inj2_W50_sp0.6_op100_GW_MMStack_Default.png
    jobid: 40
    wildcards: sample=20210301_10_7dpi4dpi_cabcr5inj2_W50_sp0.6_op100_GW_MMStack_Default

Submitted job 40 with external jobid 'Job <1187416> is submitted to default queue <research-rh74>.'.

[Mon Mar  8 11:28:05 2021]
rule draw_lanes:
    input: /hps/research1/birney/users/ian/opto_res/videos/20210203/tifs/20210301_4_7dpi4dpi_cabcr5inj2_W50_sp0.6_op50_GW_MMStack_Default.ome.tif
    output: plots/20210203/lane_demarcations/20210301_4_7dpi4dpi_cabcr5inj2_W50_sp0.6_op50_GW_MMStack_Default.png
    jobid: 47
    wildcards: sample=20210301_4_7dpi4dpi_cabcr5inj2_W50_sp0.6_op50_GW_MMStack_Default

Submitted job 47 with external jobid 'Job <1187417> is submitted to default queue <research-rh74>.'.

[Mon Mar  8 11:28:05 2021]
rule extract_training_frames:
    input: /hps/research1/birney/users/ian/opto_res/videos/20210203/tifs/20210226_6_4dpi1dpi_cabcr5inj2_W50_sp1_op80_LGG_MMStack_Default.ome.tif
    output: /hps/research1/birney/users/ian/opto_res/ilastik/training/20210306/pass_2/tifs/20210226_6_4dpi1dpi_cabcr5inj2_W50_sp1_op80_LGG_MMStack_Default.ome.tif
    jobid: 54
    wildcards: training_sample=20210226_6_4dpi1dpi_cabcr5inj2_W50_sp1_op80_LGG_MMStack_Default

Submitted job 54 with external jobid 'Job <1187419> is submitted to default queue <research-rh74>.'.

[Mon Mar  8 11:28:06 2021]
rule extract_training_frames:
    input: /hps/research1/birney/users/ian/opto_res/videos/20210203/tifs/20210227_1_5dpi2dpi_cabcr5inj2_W50_sp0.6_op80_GW_MMStack_Default.ome.tif
    output: /hps/research1/birney/users/ian/opto_res/ilastik/training/20210306/pass_2/tifs/20210227_1_5dpi2dpi_cabcr5inj2_W50_sp0.6_op80_GW_MMStack_Default.ome.tif
    jobid: 62
    wildcards: training_sample=20210227_1_5dpi2dpi_cabcr5inj2_W50_sp0.6_op80_GW_MMStack_Default

Submitted job 62 with external jobid 'Job <1187421> is submitted to default queue <research-rh74>.'.

[Mon Mar  8 11:28:06 2021]
rule draw_lanes:
    input: /hps/research1/birney/users/ian/opto_res/videos/20210203/tifs/20210227_1_5dpi2dpi_cabcr5inj2_W50_sp0.6_op80_GW_MMStack_Default.ome.tif
    output: plots/20210203/lane_demarcations/20210227_1_5dpi2dpi_cabcr5inj2_W50_sp0.6_op80_GW_MMStack_Default.png
    jobid: 33
    wildcards: sample=20210227_1_5dpi2dpi_cabcr5inj2_W50_sp0.6_op80_GW_MMStack_Default

Submitted job 33 with external jobid 'Job <1187425> is submitted to default queue <research-rh74>.'.

[Mon Mar  8 11:28:06 2021]
rule draw_lanes:
    input: /hps/research1/birney/users/ian/opto_res/videos/20210203/tifs/20210301_5_7dpi4dpi_cabcr5inj2_W50_sp0.6_op50_GW_MMStack_Default.ome.tif
    output: plots/20210203/lane_demarcations/20210301_5_7dpi4dpi_cabcr5inj2_W50_sp0.6_op50_GW_MMStack_Default.png
    jobid: 48
    wildcards: sample=20210301_5_7dpi4dpi_cabcr5inj2_W50_sp0.6_op50_GW_MMStack_Default

Submitted job 48 with external jobid 'Job <1187427> is submitted to default queue <research-rh74>.'.

[Mon Mar  8 11:28:06 2021]
rule extract_training_frames:
    input: /hps/research1/birney/users/ian/opto_res/videos/20210203/tifs/20210227_3_5dpi2dpi_cabcr5inj2_W50_sp1_op50_GW_MMStack_Default.ome.tif
    output: /hps/research1/birney/users/ian/opto_res/ilastik/training/20210306/pass_2/tifs/20210227_3_5dpi2dpi_cabcr5inj2_W50_sp1_op50_GW_MMStack_Default.ome.tif
    jobid: 63
    wildcards: training_sample=20210227_3_5dpi2dpi_cabcr5inj2_W50_sp1_op50_GW_MMStack_Default

Submitted job 63 with external jobid 'Job <1187429> is submitted to default queue <research-rh74>.'.
[Mon Mar  8 11:28:21 2021]
Finished job 64.
1 of 60 steps (2%) done
[Mon Mar  8 11:28:22 2021]
Finished job 34.
2 of 60 steps (3%) done

[Mon Mar  8 11:28:22 2021]
rule training_tif2h5:
    input: /hps/research1/birney/users/ian/opto_res/ilastik/training/20210306/pass_2/tifs/20210227_4_5dpi2dpi_cabcr5inj2_W50_sp1_op50_GW_MMStack_Default.ome.tif
    output: /hps/research1/birney/users/ian/opto_res/ilastik/training/20210306/pass_2/h5s/20210227_4_5dpi2dpi_cabcr5inj2_W50_sp1_op50_GW_MMStack_Default.h5
    jobid: 81
    wildcards: training_sample=20210227_4_5dpi2dpi_cabcr5inj2_W50_sp1_op50_GW_MMStack_Default

[Mon Mar  8 11:28:22 2021]
Finished job 41.
3 of 60 steps (5%) done
Submitted job 81 with external jobid 'Job <1187466> is submitted to default queue <research-rh74>.'.
[Mon Mar  8 11:28:22 2021]
Finished job 55.
4 of 60 steps (7%) done
[Mon Mar  8 11:28:22 2021]
Finished job 27.
5 of 60 steps (8%) done

[Mon Mar  8 11:28:23 2021]
rule training_tif2h5:
    input: /hps/research1/birney/users/ian/opto_res/ilastik/training/20210306/pass_2/tifs/20210227_5_5dpi2dpi_cabcr5inj2_W50_sp1_op80_LGG_MMStack_Default.ome.tif
    output: /hps/research1/birney/users/ian/opto_res/ilastik/training/20210306/pass_2/h5s/20210227_5_5dpi2dpi_cabcr5inj2_W50_sp1_op80_LGG_MMStack_Default.h5
    jobid: 72
    wildcards: training_sample=20210227_5_5dpi2dpi_cabcr5inj2_W50_sp1_op80_LGG_MMStack_Default

Submitted job 72 with external jobid 'Job <1187471> is submitted to default queue <research-rh74>.'.
[Mon Mar  8 11:28:23 2021]
Finished job 35.
6 of 60 steps (10%) done
[Mon Mar  8 11:28:23 2021]
Finished job 42.
7 of 60 steps (12%) done
[Mon Mar  8 11:28:23 2021]
Finished job 50.
8 of 60 steps (13%) done
[Mon Mar  8 11:28:23 2021]
Finished job 57.
9 of 60 steps (15%) done
[Mon Mar  8 11:28:23 2021]
Finished job 65.
10 of 60 steps (17%) done
[Mon Mar  8 11:28:23 2021]
Finished job 30.
11 of 60 steps (18%) done

[Mon Mar  8 11:28:23 2021]
rule training_tif2h5:
    input: /hps/research1/birney/users/ian/opto_res/ilastik/training/20210306/pass_2/tifs/20210301_14_7dpi4dpi_cabcr5inj2_W50_sp0.6_op80_LGG_MMStack_Default.ome.tif
    output: /hps/research1/birney/users/ian/opto_res/ilastik/training/20210306/pass_2/h5s/20210301_14_7dpi4dpi_cabcr5inj2_W50_sp0.6_op80_LGG_MMStack_Default.h5
    jobid: 74
    wildcards: training_sample=20210301_14_7dpi4dpi_cabcr5inj2_W50_sp0.6_op80_LGG_MMStack_Default

[Mon Mar  8 11:28:24 2021]
Finished job 36.
12 of 60 steps (20%) done
Submitted job 74 with external jobid 'Job <1187473> is submitted to default queue <research-rh74>.'.
[Mon Mar  8 11:28:24 2021]
Finished job 43.
13 of 60 steps (22%) done
[Mon Mar  8 11:28:24 2021]
Finished job 51.
14 of 60 steps (23%) done
[Mon Mar  8 11:28:24 2021]
Finished job 58.
15 of 60 steps (25%) done
[Mon Mar  8 11:28:24 2021]
Finished job 66.
16 of 60 steps (27%) done
[Mon Mar  8 11:28:24 2021]
Finished job 28.
17 of 60 steps (28%) done
[Mon Mar  8 11:28:25 2021]
Finished job 37.
18 of 60 steps (30%) done

[Mon Mar  8 11:28:25 2021]
rule training_tif2h5:
    input: /hps/research1/birney/users/ian/opto_res/ilastik/training/20210306/pass_2/tifs/20210227_6_5dpi2dpi_cabcr5inj2_W50_sp1_op80_LGG_MMStack_Default.ome.tif
    output: /hps/research1/birney/users/ian/opto_res/ilastik/training/20210306/pass_2/h5s/20210227_6_5dpi2dpi_cabcr5inj2_W50_sp1_op80_LGG_MMStack_Default.h5
    jobid: 82
    wildcards: training_sample=20210227_6_5dpi2dpi_cabcr5inj2_W50_sp1_op80_LGG_MMStack_Default

[Mon Mar  8 11:28:25 2021]
Finished job 44.
19 of 60 steps (32%) done
Submitted job 82 with external jobid 'Job <1187474> is submitted to default queue <research-rh74>.'.
[Mon Mar  8 11:28:25 2021]
Finished job 52.
20 of 60 steps (33%) done
[Mon Mar  8 11:28:25 2021]
Finished job 59.
21 of 60 steps (35%) done
[Mon Mar  8 11:28:25 2021]
Finished job 67.
22 of 60 steps (37%) done
[Mon Mar  8 11:28:25 2021]
Finished job 29.
23 of 60 steps (38%) done
[Mon Mar  8 11:28:25 2021]
Finished job 38.
24 of 60 steps (40%) done
[Mon Mar  8 11:28:25 2021]
Finished job 45.
25 of 60 steps (42%) done

[Mon Mar  8 11:28:25 2021]
rule training_tif2h5:
    input: /hps/research1/birney/users/ian/opto_res/ilastik/training/20210306/pass_2/tifs/20210301_11_7dpi4dpi_cabcr5inj2_W50_sp0.6_op100_GW_MMStack_Default.ome.tif
    output: /hps/research1/birney/users/ian/opto_res/ilastik/training/20210306/pass_2/h5s/20210301_11_7dpi4dpi_cabcr5inj2_W50_sp0.6_op100_GW_MMStack_Default.h5
    jobid: 83
    wildcards: training_sample=20210301_11_7dpi4dpi_cabcr5inj2_W50_sp0.6_op100_GW_MMStack_Default

Submitted job 83 with external jobid 'Job <1187483> is submitted to default queue <research-rh74>.'.
[Mon Mar  8 11:28:26 2021]
Finished job 60.
26 of 60 steps (43%) done
[Mon Mar  8 11:28:26 2021]
Finished job 68.
27 of 60 steps (45%) done

[Mon Mar  8 11:28:26 2021]
rule training_tif2h5:
    input: /hps/research1/birney/users/ian/opto_res/ilastik/training/20210306/pass_2/tifs/20210226_2_4dpi1dpi_cabcr5inj2_W50_sp0.93_op80_GW_MMStack_Default.ome.tif
    output: /hps/research1/birney/users/ian/opto_res/ilastik/training/20210306/pass_2/h5s/20210226_2_4dpi1dpi_cabcr5inj2_W50_sp0.93_op80_GW_MMStack_Default.h5
    jobid: 76
    wildcards: training_sample=20210226_2_4dpi1dpi_cabcr5inj2_W50_sp0.93_op80_GW_MMStack_Default

[Mon Mar  8 11:28:26 2021]
Finished job 31.
28 of 60 steps (47%) done
Submitted job 76 with external jobid 'Job <1187485> is submitted to default queue <research-rh74>.'.

[Mon Mar  8 11:28:26 2021]
rule training_tif2h5:
    input: /hps/research1/birney/users/ian/opto_res/ilastik/training/20210306/pass_2/tifs/20210226_1_4dpi1dpi_cabcr5inj2_W50_sp0.93_op80_GW_MMStack_Default.ome.tif
    output: /hps/research1/birney/users/ian/opto_res/ilastik/training/20210306/pass_2/h5s/20210226_1_4dpi1dpi_cabcr5inj2_W50_sp0.93_op80_GW_MMStack_Default.h5
    jobid: 75
    wildcards: training_sample=20210226_1_4dpi1dpi_cabcr5inj2_W50_sp0.93_op80_GW_MMStack_Default

[Mon Mar  8 11:28:26 2021]
Finished job 39.
29 of 60 steps (48%) done
[Mon Mar  8 11:28:26 2021]
Finished job 46.
30 of 60 steps (50%) done
Submitted job 75 with external jobid 'Job <1187486> is submitted to default queue <research-rh74>.'.
[Mon Mar  8 11:28:26 2021]
Finished job 56.
31 of 60 steps (52%) done
[Mon Mar  8 11:28:26 2021]
Finished job 61.
32 of 60 steps (53%) done
[Mon Mar  8 11:28:27 2021]
Finished job 69.
33 of 60 steps (55%) done

[Mon Mar  8 11:28:27 2021]
rule training_tif2h5:
    input: /hps/research1/birney/users/ian/opto_res/ilastik/training/20210306/pass_2/tifs/20210301_13_7dpi4dpi_cabcr5inj2_W50_sp0.6_op80_LGG_MMStack_Default.ome.tif
    output: /hps/research1/birney/users/ian/opto_res/ilastik/training/20210306/pass_2/h5s/20210301_13_7dpi4dpi_cabcr5inj2_W50_sp0.6_op80_LGG_MMStack_Default.h5
    jobid: 84
    wildcards: training_sample=20210301_13_7dpi4dpi_cabcr5inj2_W50_sp0.6_op80_LGG_MMStack_Default

[Mon Mar  8 11:28:27 2021]
Finished job 32.
34 of 60 steps (57%) done
[Mon Mar  8 11:28:27 2021]
Finished job 47.
35 of 60 steps (58%) done
Submitted job 84 with external jobid 'Job <1187489> is submitted to default queue <research-rh74>.'.

[Mon Mar  8 11:28:27 2021]
rule training_tif2h5:
    input: /hps/research1/birney/users/ian/opto_res/ilastik/training/20210306/pass_2/tifs/20210226_3_4dpi1dpi_cabcr5inj2_W50_sp1_op50_GW_MMStack_Default.ome.tif
    output: /hps/research1/birney/users/ian/opto_res/ilastik/training/20210306/pass_2/h5s/20210226_3_4dpi1dpi_cabcr5inj2_W50_sp1_op50_GW_MMStack_Default.h5
    jobid: 77
    wildcards: training_sample=20210226_3_4dpi1dpi_cabcr5inj2_W50_sp1_op50_GW_MMStack_Default

[Mon Mar  8 11:28:27 2021]
Finished job 54.
36 of 60 steps (60%) done
[Mon Mar  8 11:28:27 2021]
Finished job 62.
37 of 60 steps (62%) done
Submitted job 77 with external jobid 'Job <1187492> is submitted to default queue <research-rh74>.'.
[Mon Mar  8 11:28:27 2021]
Finished job 33.
38 of 60 steps (63%) done

[Mon Mar  8 11:28:27 2021]
rule training_tif2h5:
    input: /hps/research1/birney/users/ian/opto_res/ilastik/training/20210306/pass_2/tifs/20210301_12_7dpi4dpi_cabcr5inj2_W50_sp0.6_op80_LGG_MMStack_Default.ome.tif
    output: /hps/research1/birney/users/ian/opto_res/ilastik/training/20210306/pass_2/h5s/20210301_12_7dpi4dpi_cabcr5inj2_W50_sp0.6_op80_LGG_MMStack_Default.h5
    jobid: 73
    wildcards: training_sample=20210301_12_7dpi4dpi_cabcr5inj2_W50_sp0.6_op80_LGG_MMStack_Default

Submitted job 73 with external jobid 'Job <1187494> is submitted to default queue <research-rh74>.'.
[Mon Mar  8 11:28:27 2021]
Finished job 63.
39 of 60 steps (65%) done

[Mon Mar  8 11:28:27 2021]
rule training_tif2h5:
    input: /hps/research1/birney/users/ian/opto_res/ilastik/training/20210306/pass_2/tifs/20210301_3_7dpi4dpi_cabcr5inj2_W50_sp0.6_op50_GW_MMStack_Default.ome.tif
    output: /hps/research1/birney/users/ian/opto_res/ilastik/training/20210306/pass_2/h5s/20210301_3_7dpi4dpi_cabcr5inj2_W50_sp0.6_op50_GW_MMStack_Default.h5
    jobid: 85
    wildcards: training_sample=20210301_3_7dpi4dpi_cabcr5inj2_W50_sp0.6_op50_GW_MMStack_Default

Submitted job 85 with external jobid 'Job <1187495> is submitted to default queue <research-rh74>.'.

[Mon Mar  8 11:28:28 2021]
rule training_tif2h5:
    input: /hps/research1/birney/users/ian/opto_res/ilastik/training/20210306/pass_2/tifs/20210226_6_4dpi1dpi_cabcr5inj2_W50_sp1_op80_LGG_MMStack_Default.ome.tif
    output: /hps/research1/birney/users/ian/opto_res/ilastik/training/20210306/pass_2/h5s/20210226_6_4dpi1dpi_cabcr5inj2_W50_sp1_op80_LGG_MMStack_Default.h5
    jobid: 71
    wildcards: training_sample=20210226_6_4dpi1dpi_cabcr5inj2_W50_sp1_op80_LGG_MMStack_Default

Submitted job 71 with external jobid 'Job <1187502> is submitted to default queue <research-rh74>.'.

[Mon Mar  8 11:28:28 2021]
rule training_tif2h5:
    input: /hps/research1/birney/users/ian/opto_res/ilastik/training/20210306/pass_2/tifs/20210227_1_5dpi2dpi_cabcr5inj2_W50_sp0.6_op80_GW_MMStack_Default.ome.tif
    output: /hps/research1/birney/users/ian/opto_res/ilastik/training/20210306/pass_2/h5s/20210227_1_5dpi2dpi_cabcr5inj2_W50_sp0.6_op80_GW_MMStack_Default.h5
    jobid: 79
    wildcards: training_sample=20210227_1_5dpi2dpi_cabcr5inj2_W50_sp0.6_op80_GW_MMStack_Default

Submitted job 79 with external jobid 'Job <1187504> is submitted to default queue <research-rh74>.'.

[Mon Mar  8 11:28:29 2021]
rule training_tif2h5:
    input: /hps/research1/birney/users/ian/opto_res/ilastik/training/20210306/pass_2/tifs/20210301_4_7dpi4dpi_cabcr5inj2_W50_sp0.6_op50_GW_MMStack_Default.ome.tif
    output: /hps/research1/birney/users/ian/opto_res/ilastik/training/20210306/pass_2/h5s/20210301_4_7dpi4dpi_cabcr5inj2_W50_sp0.6_op50_GW_MMStack_Default.h5
    jobid: 86
    wildcards: training_sample=20210301_4_7dpi4dpi_cabcr5inj2_W50_sp0.6_op50_GW_MMStack_Default

Submitted job 86 with external jobid 'Job <1187505> is submitted to default queue <research-rh74>.'.

[Mon Mar  8 11:28:29 2021]
rule training_tif2h5:
    input: /hps/research1/birney/users/ian/opto_res/ilastik/training/20210306/pass_2/tifs/20210226_4_4dpi1dpi_cabcr5inj2_W50_sp1_op50_GW_MMStack_Default.ome.tif
    output: /hps/research1/birney/users/ian/opto_res/ilastik/training/20210306/pass_2/h5s/20210226_4_4dpi1dpi_cabcr5inj2_W50_sp1_op50_GW_MMStack_Default.h5
    jobid: 78
    wildcards: training_sample=20210226_4_4dpi1dpi_cabcr5inj2_W50_sp1_op50_GW_MMStack_Default

Submitted job 78 with external jobid 'Job <1187507> is submitted to default queue <research-rh74>.'.

[Mon Mar  8 11:28:29 2021]
rule training_tif2h5:
    input: /hps/research1/birney/users/ian/opto_res/ilastik/training/20210306/pass_2/tifs/20210227_3_5dpi2dpi_cabcr5inj2_W50_sp1_op50_GW_MMStack_Default.ome.tif
    output: /hps/research1/birney/users/ian/opto_res/ilastik/training/20210306/pass_2/h5s/20210227_3_5dpi2dpi_cabcr5inj2_W50_sp1_op50_GW_MMStack_Default.h5
    jobid: 80
    wildcards: training_sample=20210227_3_5dpi2dpi_cabcr5inj2_W50_sp1_op50_GW_MMStack_Default

Submitted job 80 with external jobid 'Job <1187508> is submitted to default queue <research-rh74>.'.
[Mon Mar  8 11:28:38 2021]
Finished job 53.
40 of 60 steps (67%) done

[Mon Mar  8 11:28:38 2021]
rule training_tif2h5:
    input: /hps/research1/birney/users/ian/opto_res/ilastik/training/20210306/pass_2/tifs/20210226_5_4dpi1dpi_cabcr5inj2_W50_sp1_op80_LGG_MMStack_Default.ome.tif
    output: /hps/research1/birney/users/ian/opto_res/ilastik/training/20210306/pass_2/h5s/20210226_5_4dpi1dpi_cabcr5inj2_W50_sp1_op80_LGG_MMStack_Default.h5
    jobid: 70
    wildcards: training_sample=20210226_5_4dpi1dpi_cabcr5inj2_W50_sp1_op80_LGG_MMStack_Default

Submitted job 70 with external jobid 'Job <1187539> is submitted to default queue <research-rh74>.'.
[Mon Mar  8 11:28:39 2021]
Finished job 40.
41 of 60 steps (68%) done
[Mon Mar  8 11:28:39 2021]
Finished job 48.
42 of 60 steps (70%) done
[Mon Mar  8 11:29:56 2021]
Finished job 82.
43 of 60 steps (72%) done
[Mon Mar  8 11:29:56 2021]
Finished job 83.
44 of 60 steps (73%) done
[Mon Mar  8 11:29:56 2021]
Finished job 75.
45 of 60 steps (75%) done
[Mon Mar  8 11:29:56 2021]
Finished job 84.
46 of 60 steps (77%) done
[Mon Mar  8 11:29:57 2021]
Finished job 73.
47 of 60 steps (78%) done
[Mon Mar  8 11:29:57 2021]
Finished job 85.
48 of 60 steps (80%) done
[Mon Mar  8 11:29:57 2021]
Finished job 71.
49 of 60 steps (82%) done
[Mon Mar  8 11:29:57 2021]
Finished job 80.
50 of 60 steps (83%) done
[Mon Mar  8 11:30:07 2021]
Finished job 70.
51 of 60 steps (85%) done
[Mon Mar  8 11:30:07 2021]
Finished job 81.
52 of 60 steps (87%) done
[Mon Mar  8 11:30:08 2021]
Finished job 76.
53 of 60 steps (88%) done
[Mon Mar  8 11:30:48 2021]
Finished job 74.
54 of 60 steps (90%) done
[Mon Mar  8 11:30:48 2021]
Finished job 86.
55 of 60 steps (92%) done
[Mon Mar  8 11:30:58 2021]
Finished job 72.
56 of 60 steps (93%) done
[Mon Mar  8 11:30:58 2021]
Finished job 79.
57 of 60 steps (95%) done
[Mon Mar  8 11:31:08 2021]
Finished job 78.
58 of 60 steps (97%) done
Terminating processes on user request, this might take some time.
Will exit after finishing currently running jobs.
Complete log: /hps/research1/birney/users/ian/opto_res/cos_opto_res/.snakemake/log/2021-03-08T112754.373969.snakemake.log
