Building DAG of jobs...
Using shell: /usr/local/bin/bash
Provided cluster nodes: 5000
Job counts:
	count	jobs
	1	all
	16	full_ilastik_track
	2	training_ilastik_track
	19

[Sun Mar  7 15:03:10 2021]
rule full_ilastik_track:
    input: /hps/research1/birney/users/ian/opto_res/videos/20210203/h5s/20210301_12_7dpi4dpi_cabcr5inj2_W50_sp0.6_op80_LGG_MMStack_Default.h5, /hps/research1/birney/users/ian/opto_res/videos/20210203/h5s/20210301_12_7dpi4dpi_cabcr5inj2_W50_sp0.6_op80_LGG_MMStack_Default_Probabilities.h5
    output: /hps/research1/birney/users/ian/opto_res/videos/20210203/results/pass_1/raw/20210301_12_7dpi4dpi_cabcr5inj2_W50_sp0.6_op80_LGG_MMStack_Default_CSV-Table.csv.csv
    jobid: 198
    wildcards: sample=20210301_12_7dpi4dpi_cabcr5inj2_W50_sp0.6_op80_LGG_MMStack_Default

/ilastik-release/run_ilastik.sh           --headless           --readonly           --project=../ilastik/projects/20210107_test_anitrack.ilp           --raw_data=/hps/research1/birney/users/ian/opto_res/videos/20210203/h5s/20210301_12_7dpi4dpi_cabcr5inj2_W50_sp0.6_op80_LGG_MMStack_Default.h5           --input_axes="tzyxc"           --prediction_maps=/hps/research1/birney/users/ian/opto_res/videos/20210203/h5s/20210301_12_7dpi4dpi_cabcr5inj2_W50_sp0.6_op80_LGG_MMStack_Default_Probabilities.h5           --export_source="Plugin"           --export_plugin="CSV-Table"           --output_filename_format=/hps/research1/birney/users/ian/opto_res/videos/20210203/results/pass_1/raw/20210301_12_7dpi4dpi_cabcr5inj2_W50_sp0.6_op80_LGG_MMStack_Default_CSV-Table.csv
Submitted job 198 with external jobid 'Job <1133087> is submitted to default queue <research-rh74>.'.

[Sun Mar  7 15:03:10 2021]
rule full_ilastik_track:
    input: /hps/research1/birney/users/ian/opto_res/videos/20210203/h5s/20210301_14_7dpi4dpi_cabcr5inj2_W50_sp0.6_op80_LGG_MMStack_Default.h5, /hps/research1/birney/users/ian/opto_res/videos/20210203/h5s/20210301_14_7dpi4dpi_cabcr5inj2_W50_sp0.6_op80_LGG_MMStack_Default_Probabilities.h5
    output: /hps/research1/birney/users/ian/opto_res/videos/20210203/results/pass_1/raw/20210301_14_7dpi4dpi_cabcr5inj2_W50_sp0.6_op80_LGG_MMStack_Default_CSV-Table.csv.csv
    jobid: 200
    wildcards: sample=20210301_14_7dpi4dpi_cabcr5inj2_W50_sp0.6_op80_LGG_MMStack_Default

/ilastik-release/run_ilastik.sh           --headless           --readonly           --project=../ilastik/projects/20210107_test_anitrack.ilp           --raw_data=/hps/research1/birney/users/ian/opto_res/videos/20210203/h5s/20210301_14_7dpi4dpi_cabcr5inj2_W50_sp0.6_op80_LGG_MMStack_Default.h5           --input_axes="tzyxc"           --prediction_maps=/hps/research1/birney/users/ian/opto_res/videos/20210203/h5s/20210301_14_7dpi4dpi_cabcr5inj2_W50_sp0.6_op80_LGG_MMStack_Default_Probabilities.h5           --export_source="Plugin"           --export_plugin="CSV-Table"           --output_filename_format=/hps/research1/birney/users/ian/opto_res/videos/20210203/results/pass_1/raw/20210301_14_7dpi4dpi_cabcr5inj2_W50_sp0.6_op80_LGG_MMStack_Default_CSV-Table.csv
Submitted job 200 with external jobid 'Job <1133088> is submitted to default queue <research-rh74>.'.

[Sun Mar  7 15:03:11 2021]
rule full_ilastik_track:
    input: /hps/research1/birney/users/ian/opto_res/videos/20210203/h5s/20210227_2_5dpi2dpi_cabcr5inj2_W50_sp0.6_op80_GW_MMStack_Default.h5, /hps/research1/birney/users/ian/opto_res/videos/20210203/h5s/20210227_2_5dpi2dpi_cabcr5inj2_W50_sp0.6_op80_GW_MMStack_Default_Probabilities.h5
    output: /hps/research1/birney/users/ian/opto_res/videos/20210203/results/pass_1/raw/20210227_2_5dpi2dpi_cabcr5inj2_W50_sp0.6_op80_GW_MMStack_Default_CSV-Table.csv.csv
    jobid: 190
    wildcards: sample=20210227_2_5dpi2dpi_cabcr5inj2_W50_sp0.6_op80_GW_MMStack_Default

/ilastik-release/run_ilastik.sh           --headless           --readonly           --project=../ilastik/projects/20210107_test_anitrack.ilp           --raw_data=/hps/research1/birney/users/ian/opto_res/videos/20210203/h5s/20210227_2_5dpi2dpi_cabcr5inj2_W50_sp0.6_op80_GW_MMStack_Default.h5           --input_axes="tzyxc"           --prediction_maps=/hps/research1/birney/users/ian/opto_res/videos/20210203/h5s/20210227_2_5dpi2dpi_cabcr5inj2_W50_sp0.6_op80_GW_MMStack_Default_Probabilities.h5           --export_source="Plugin"           --export_plugin="CSV-Table"           --output_filename_format=/hps/research1/birney/users/ian/opto_res/videos/20210203/results/pass_1/raw/20210227_2_5dpi2dpi_cabcr5inj2_W50_sp0.6_op80_GW_MMStack_Default_CSV-Table.csv
Submitted job 190 with external jobid 'Job <1133089> is submitted to default queue <research-rh74>.'.

[Sun Mar  7 15:03:11 2021]
rule full_ilastik_track:
    input: /hps/research1/birney/users/ian/opto_res/videos/20210203/h5s/20210227_4_5dpi2dpi_cabcr5inj2_W50_sp1_op50_GW_MMStack_Default.h5, /hps/research1/birney/users/ian/opto_res/videos/20210203/h5s/20210227_4_5dpi2dpi_cabcr5inj2_W50_sp1_op50_GW_MMStack_Default_Probabilities.h5
    output: /hps/research1/birney/users/ian/opto_res/videos/20210203/results/pass_1/raw/20210227_4_5dpi2dpi_cabcr5inj2_W50_sp1_op50_GW_MMStack_Default_CSV-Table.csv.csv
    jobid: 192
    wildcards: sample=20210227_4_5dpi2dpi_cabcr5inj2_W50_sp1_op50_GW_MMStack_Default

/ilastik-release/run_ilastik.sh           --headless           --readonly           --project=../ilastik/projects/20210107_test_anitrack.ilp           --raw_data=/hps/research1/birney/users/ian/opto_res/videos/20210203/h5s/20210227_4_5dpi2dpi_cabcr5inj2_W50_sp1_op50_GW_MMStack_Default.h5           --input_axes="tzyxc"           --prediction_maps=/hps/research1/birney/users/ian/opto_res/videos/20210203/h5s/20210227_4_5dpi2dpi_cabcr5inj2_W50_sp1_op50_GW_MMStack_Default_Probabilities.h5           --export_source="Plugin"           --export_plugin="CSV-Table"           --output_filename_format=/hps/research1/birney/users/ian/opto_res/videos/20210203/results/pass_1/raw/20210227_4_5dpi2dpi_cabcr5inj2_W50_sp1_op50_GW_MMStack_Default_CSV-Table.csv
Submitted job 192 with external jobid 'Job <1133090> is submitted to default queue <research-rh74>.'.

[Sun Mar  7 15:03:11 2021]
rule full_ilastik_track:
    input: /hps/research1/birney/users/ian/opto_res/videos/20210203/h5s/20210301_6_7dpi4dpi_cabcr5inj2_W50_sp0.6_op20_GW_MMStack_Default.h5, /hps/research1/birney/users/ian/opto_res/videos/20210203/h5s/20210301_6_7dpi4dpi_cabcr5inj2_W50_sp0.6_op20_GW_MMStack_Default_Probabilities.h5
    output: /hps/research1/birney/users/ian/opto_res/videos/20210203/results/pass_1/raw/20210301_6_7dpi4dpi_cabcr5inj2_W50_sp0.6_op20_GW_MMStack_Default_CSV-Table.csv.csv
    jobid: 205
    wildcards: sample=20210301_6_7dpi4dpi_cabcr5inj2_W50_sp0.6_op20_GW_MMStack_Default

/ilastik-release/run_ilastik.sh           --headless           --readonly           --project=../ilastik/projects/20210107_test_anitrack.ilp           --raw_data=/hps/research1/birney/users/ian/opto_res/videos/20210203/h5s/20210301_6_7dpi4dpi_cabcr5inj2_W50_sp0.6_op20_GW_MMStack_Default.h5           --input_axes="tzyxc"           --prediction_maps=/hps/research1/birney/users/ian/opto_res/videos/20210203/h5s/20210301_6_7dpi4dpi_cabcr5inj2_W50_sp0.6_op20_GW_MMStack_Default_Probabilities.h5           --export_source="Plugin"           --export_plugin="CSV-Table"           --output_filename_format=/hps/research1/birney/users/ian/opto_res/videos/20210203/results/pass_1/raw/20210301_6_7dpi4dpi_cabcr5inj2_W50_sp0.6_op20_GW_MMStack_Default_CSV-Table.csv
Submitted job 205 with external jobid 'Job <1133092> is submitted to default queue <research-rh74>.'.

[Sun Mar  7 15:03:11 2021]
rule full_ilastik_track:
    input: /hps/research1/birney/users/ian/opto_res/videos/20210203/h5s/20210301_8_7dpi4dpi_cabcr5inj2_W50_sp0.6_op20_GW_MMStack_Default.h5, /hps/research1/birney/users/ian/opto_res/videos/20210203/h5s/20210301_8_7dpi4dpi_cabcr5inj2_W50_sp0.6_op20_GW_MMStack_Default_Probabilities.h5
    output: /hps/research1/birney/users/ian/opto_res/videos/20210203/results/pass_1/raw/20210301_8_7dpi4dpi_cabcr5inj2_W50_sp0.6_op20_GW_MMStack_Default_CSV-Table.csv.csv
    jobid: 207
    wildcards: sample=20210301_8_7dpi4dpi_cabcr5inj2_W50_sp0.6_op20_GW_MMStack_Default

/ilastik-release/run_ilastik.sh           --headless           --readonly           --project=../ilastik/projects/20210107_test_anitrack.ilp           --raw_data=/hps/research1/birney/users/ian/opto_res/videos/20210203/h5s/20210301_8_7dpi4dpi_cabcr5inj2_W50_sp0.6_op20_GW_MMStack_Default.h5           --input_axes="tzyxc"           --prediction_maps=/hps/research1/birney/users/ian/opto_res/videos/20210203/h5s/20210301_8_7dpi4dpi_cabcr5inj2_W50_sp0.6_op20_GW_MMStack_Default_Probabilities.h5           --export_source="Plugin"           --export_plugin="CSV-Table"           --output_filename_format=/hps/research1/birney/users/ian/opto_res/videos/20210203/results/pass_1/raw/20210301_8_7dpi4dpi_cabcr5inj2_W50_sp0.6_op20_GW_MMStack_Default_CSV-Table.csv
Submitted job 207 with external jobid 'Job <1133093> is submitted to default queue <research-rh74>.'.

[Sun Mar  7 15:03:11 2021]
rule full_ilastik_track:
    input: /hps/research1/birney/users/ian/opto_res/videos/20210203/h5s/20210226_5_4dpi1dpi_cabcr5inj2_W50_sp1_op80_LGG_MMStack_Default.h5, /hps/research1/birney/users/ian/opto_res/videos/20210203/h5s/20210226_5_4dpi1dpi_cabcr5inj2_W50_sp1_op80_LGG_MMStack_Default_Probabilities.h5
    output: /hps/research1/birney/users/ian/opto_res/videos/20210203/results/pass_1/raw/20210226_5_4dpi1dpi_cabcr5inj2_W50_sp1_op80_LGG_MMStack_Default_CSV-Table.csv.csv
    jobid: 187
    wildcards: sample=20210226_5_4dpi1dpi_cabcr5inj2_W50_sp1_op80_LGG_MMStack_Default

/ilastik-release/run_ilastik.sh           --headless           --readonly           --project=../ilastik/projects/20210107_test_anitrack.ilp           --raw_data=/hps/research1/birney/users/ian/opto_res/videos/20210203/h5s/20210226_5_4dpi1dpi_cabcr5inj2_W50_sp1_op80_LGG_MMStack_Default.h5           --input_axes="tzyxc"           --prediction_maps=/hps/research1/birney/users/ian/opto_res/videos/20210203/h5s/20210226_5_4dpi1dpi_cabcr5inj2_W50_sp1_op80_LGG_MMStack_Default_Probabilities.h5           --export_source="Plugin"           --export_plugin="CSV-Table"           --output_filename_format=/hps/research1/birney/users/ian/opto_res/videos/20210203/results/pass_1/raw/20210226_5_4dpi1dpi_cabcr5inj2_W50_sp1_op80_LGG_MMStack_Default_CSV-Table.csv
Submitted job 187 with external jobid 'Job <1133094> is submitted to default queue <research-rh74>.'.

[Sun Mar  7 15:03:11 2021]
rule full_ilastik_track:
    input: /hps/research1/birney/users/ian/opto_res/videos/20210203/h5s/20210227_1_5dpi2dpi_cabcr5inj2_W50_sp0.6_op80_GW_MMStack_Default.h5, /hps/research1/birney/users/ian/opto_res/videos/20210203/h5s/20210227_1_5dpi2dpi_cabcr5inj2_W50_sp0.6_op80_GW_MMStack_Default_Probabilities.h5
    output: /hps/research1/birney/users/ian/opto_res/videos/20210203/results/pass_1/raw/20210227_1_5dpi2dpi_cabcr5inj2_W50_sp0.6_op80_GW_MMStack_Default_CSV-Table.csv.csv
    jobid: 189
    wildcards: sample=20210227_1_5dpi2dpi_cabcr5inj2_W50_sp0.6_op80_GW_MMStack_Default

/ilastik-release/run_ilastik.sh           --headless           --readonly           --project=../ilastik/projects/20210107_test_anitrack.ilp           --raw_data=/hps/research1/birney/users/ian/opto_res/videos/20210203/h5s/20210227_1_5dpi2dpi_cabcr5inj2_W50_sp0.6_op80_GW_MMStack_Default.h5           --input_axes="tzyxc"           --prediction_maps=/hps/research1/birney/users/ian/opto_res/videos/20210203/h5s/20210227_1_5dpi2dpi_cabcr5inj2_W50_sp0.6_op80_GW_MMStack_Default_Probabilities.h5           --export_source="Plugin"           --export_plugin="CSV-Table"           --output_filename_format=/hps/research1/birney/users/ian/opto_res/videos/20210203/results/pass_1/raw/20210227_1_5dpi2dpi_cabcr5inj2_W50_sp0.6_op80_GW_MMStack_Default_CSV-Table.csv
Submitted job 189 with external jobid 'Job <1133095> is submitted to default queue <research-rh74>.'.

[Sun Mar  7 15:03:11 2021]
rule full_ilastik_track:
    input: /hps/research1/birney/users/ian/opto_res/videos/20210203/h5s/20210301_5_7dpi4dpi_cabcr5inj2_W50_sp0.6_op50_GW_MMStack_Default.h5, /hps/research1/birney/users/ian/opto_res/videos/20210203/h5s/20210301_5_7dpi4dpi_cabcr5inj2_W50_sp0.6_op50_GW_MMStack_Default_Probabilities.h5
    output: /hps/research1/birney/users/ian/opto_res/videos/20210203/results/pass_1/raw/20210301_5_7dpi4dpi_cabcr5inj2_W50_sp0.6_op50_GW_MMStack_Default_CSV-Table.csv.csv
    jobid: 204
    wildcards: sample=20210301_5_7dpi4dpi_cabcr5inj2_W50_sp0.6_op50_GW_MMStack_Default

/ilastik-release/run_ilastik.sh           --headless           --readonly           --project=../ilastik/projects/20210107_test_anitrack.ilp           --raw_data=/hps/research1/birney/users/ian/opto_res/videos/20210203/h5s/20210301_5_7dpi4dpi_cabcr5inj2_W50_sp0.6_op50_GW_MMStack_Default.h5           --input_axes="tzyxc"           --prediction_maps=/hps/research1/birney/users/ian/opto_res/videos/20210203/h5s/20210301_5_7dpi4dpi_cabcr5inj2_W50_sp0.6_op50_GW_MMStack_Default_Probabilities.h5           --export_source="Plugin"           --export_plugin="CSV-Table"           --output_filename_format=/hps/research1/birney/users/ian/opto_res/videos/20210203/results/pass_1/raw/20210301_5_7dpi4dpi_cabcr5inj2_W50_sp0.6_op50_GW_MMStack_Default_CSV-Table.csv
Submitted job 204 with external jobid 'Job <1133096> is submitted to default queue <research-rh74>.'.

[Sun Mar  7 15:03:11 2021]
rule full_ilastik_track:
    input: /hps/research1/birney/users/ian/opto_res/videos/20210203/h5s/20210226_4_4dpi1dpi_cabcr5inj2_W50_sp1_op50_GW_MMStack_Default.h5, /hps/research1/birney/users/ian/opto_res/videos/20210203/h5s/20210226_4_4dpi1dpi_cabcr5inj2_W50_sp1_op50_GW_MMStack_Default_Probabilities.h5
    output: /hps/research1/birney/users/ian/opto_res/videos/20210203/results/pass_1/raw/20210226_4_4dpi1dpi_cabcr5inj2_W50_sp1_op50_GW_MMStack_Default_CSV-Table.csv.csv
    jobid: 186
    wildcards: sample=20210226_4_4dpi1dpi_cabcr5inj2_W50_sp1_op50_GW_MMStack_Default

/ilastik-release/run_ilastik.sh           --headless           --readonly           --project=../ilastik/projects/20210107_test_anitrack.ilp           --raw_data=/hps/research1/birney/users/ian/opto_res/videos/20210203/h5s/20210226_4_4dpi1dpi_cabcr5inj2_W50_sp1_op50_GW_MMStack_Default.h5           --input_axes="tzyxc"           --prediction_maps=/hps/research1/birney/users/ian/opto_res/videos/20210203/h5s/20210226_4_4dpi1dpi_cabcr5inj2_W50_sp1_op50_GW_MMStack_Default_Probabilities.h5           --export_source="Plugin"           --export_plugin="CSV-Table"           --output_filename_format=/hps/research1/birney/users/ian/opto_res/videos/20210203/results/pass_1/raw/20210226_4_4dpi1dpi_cabcr5inj2_W50_sp1_op50_GW_MMStack_Default_CSV-Table.csv
Submitted job 186 with external jobid 'Job <1133097> is submitted to default queue <research-rh74>.'.

[Sun Mar  7 15:03:12 2021]
rule full_ilastik_track:
    input: /hps/research1/birney/users/ian/opto_res/videos/20210203/h5s/20210227_3_5dpi2dpi_cabcr5inj2_W50_sp1_op50_GW_MMStack_Default.h5, /hps/research1/birney/users/ian/opto_res/videos/20210203/h5s/20210227_3_5dpi2dpi_cabcr5inj2_W50_sp1_op50_GW_MMStack_Default_Probabilities.h5
    output: /hps/research1/birney/users/ian/opto_res/videos/20210203/results/pass_1/raw/20210227_3_5dpi2dpi_cabcr5inj2_W50_sp1_op50_GW_MMStack_Default_CSV-Table.csv.csv
    jobid: 191
    wildcards: sample=20210227_3_5dpi2dpi_cabcr5inj2_W50_sp1_op50_GW_MMStack_Default

/ilastik-release/run_ilastik.sh           --headless           --readonly           --project=../ilastik/projects/20210107_test_anitrack.ilp           --raw_data=/hps/research1/birney/users/ian/opto_res/videos/20210203/h5s/20210227_3_5dpi2dpi_cabcr5inj2_W50_sp1_op50_GW_MMStack_Default.h5           --input_axes="tzyxc"           --prediction_maps=/hps/research1/birney/users/ian/opto_res/videos/20210203/h5s/20210227_3_5dpi2dpi_cabcr5inj2_W50_sp1_op50_GW_MMStack_Default_Probabilities.h5           --export_source="Plugin"           --export_plugin="CSV-Table"           --output_filename_format=/hps/research1/birney/users/ian/opto_res/videos/20210203/results/pass_1/raw/20210227_3_5dpi2dpi_cabcr5inj2_W50_sp1_op50_GW_MMStack_Default_CSV-Table.csv
Submitted job 191 with external jobid 'Job <1133098> is submitted to default queue <research-rh74>.'.

[Sun Mar  7 15:03:12 2021]
rule training_ilastik_track:
    input: /hps/research1/birney/users/ian/opto_res/ilastik/training/20210306/h5s/20210227_2_5dpi2dpi_cabcr5inj2_W50_sp0.6_op80_GW_MMStack_Default.h5, /hps/research1/birney/users/ian/opto_res/ilastik/training/20210306/h5s/20210227_2_5dpi2dpi_cabcr5inj2_W50_sp0.6_op80_GW_MMStack_Default_Probabilities.h5
    output: /hps/research1/birney/users/ian/opto_res/ilastik/training/20210306/results/pass_1/raw/20210227_2_5dpi2dpi_cabcr5inj2_W50_sp0.6_op80_GW_MMStack_Default_CSV-Table.csv.csv
    jobid: 164
    wildcards: sample=20210227_2_5dpi2dpi_cabcr5inj2_W50_sp0.6_op80_GW_MMStack_Default

/ilastik-release/run_ilastik.sh           --headless           --readonly           --project=../ilastik/projects/20210107_test_anitrack.ilp           --raw_data=/hps/research1/birney/users/ian/opto_res/ilastik/training/20210306/h5s/20210227_2_5dpi2dpi_cabcr5inj2_W50_sp0.6_op80_GW_MMStack_Default.h5           --input_axes="ztyxc"           --prediction_maps=/hps/research1/birney/users/ian/opto_res/ilastik/training/20210306/h5s/20210227_2_5dpi2dpi_cabcr5inj2_W50_sp0.6_op80_GW_MMStack_Default_Probabilities.h5           --export_source="Plugin"           --export_plugin="CSV-Table"           --output_filename_format=/hps/research1/birney/users/ian/opto_res/ilastik/training/20210306/results/pass_1/raw/20210227_2_5dpi2dpi_cabcr5inj2_W50_sp0.6_op80_GW_MMStack_Default_CSV-Table.csv
Submitted job 164 with external jobid 'Job <1133099> is submitted to default queue <research-rh74>.'.

[Sun Mar  7 15:03:12 2021]
rule full_ilastik_track:
    input: /hps/research1/birney/users/ian/opto_res/videos/20210203/h5s/20210227_5_5dpi2dpi_cabcr5inj2_W50_sp1_op80_LGG_MMStack_Default.h5, /hps/research1/birney/users/ian/opto_res/videos/20210203/h5s/20210227_5_5dpi2dpi_cabcr5inj2_W50_sp1_op80_LGG_MMStack_Default_Probabilities.h5
    output: /hps/research1/birney/users/ian/opto_res/videos/20210203/results/pass_1/raw/20210227_5_5dpi2dpi_cabcr5inj2_W50_sp1_op80_LGG_MMStack_Default_CSV-Table.csv.csv
    jobid: 193
    wildcards: sample=20210227_5_5dpi2dpi_cabcr5inj2_W50_sp1_op80_LGG_MMStack_Default

/ilastik-release/run_ilastik.sh           --headless           --readonly           --project=../ilastik/projects/20210107_test_anitrack.ilp           --raw_data=/hps/research1/birney/users/ian/opto_res/videos/20210203/h5s/20210227_5_5dpi2dpi_cabcr5inj2_W50_sp1_op80_LGG_MMStack_Default.h5           --input_axes="tzyxc"           --prediction_maps=/hps/research1/birney/users/ian/opto_res/videos/20210203/h5s/20210227_5_5dpi2dpi_cabcr5inj2_W50_sp1_op80_LGG_MMStack_Default_Probabilities.h5           --export_source="Plugin"           --export_plugin="CSV-Table"           --output_filename_format=/hps/research1/birney/users/ian/opto_res/videos/20210203/results/pass_1/raw/20210227_5_5dpi2dpi_cabcr5inj2_W50_sp1_op80_LGG_MMStack_Default_CSV-Table.csv
Submitted job 193 with external jobid 'Job <1133100> is submitted to default queue <research-rh74>.'.

[Sun Mar  7 15:03:12 2021]
rule full_ilastik_track:
    input: /hps/research1/birney/users/ian/opto_res/videos/20210203/h5s/20210301_2_7dpi4dpi_cabcr5inj2_W50_sp0.6_op80_GW_MMStack_Default.h5, /hps/research1/birney/users/ian/opto_res/videos/20210203/h5s/20210301_2_7dpi4dpi_cabcr5inj2_W50_sp0.6_op80_GW_MMStack_Default_Probabilities.h5
    output: /hps/research1/birney/users/ian/opto_res/videos/20210203/results/pass_1/raw/20210301_2_7dpi4dpi_cabcr5inj2_W50_sp0.6_op80_GW_MMStack_Default_CSV-Table.csv.csv
    jobid: 201
    wildcards: sample=20210301_2_7dpi4dpi_cabcr5inj2_W50_sp0.6_op80_GW_MMStack_Default

/ilastik-release/run_ilastik.sh           --headless           --readonly           --project=../ilastik/projects/20210107_test_anitrack.ilp           --raw_data=/hps/research1/birney/users/ian/opto_res/videos/20210203/h5s/20210301_2_7dpi4dpi_cabcr5inj2_W50_sp0.6_op80_GW_MMStack_Default.h5           --input_axes="tzyxc"           --prediction_maps=/hps/research1/birney/users/ian/opto_res/videos/20210203/h5s/20210301_2_7dpi4dpi_cabcr5inj2_W50_sp0.6_op80_GW_MMStack_Default_Probabilities.h5           --export_source="Plugin"           --export_plugin="CSV-Table"           --output_filename_format=/hps/research1/birney/users/ian/opto_res/videos/20210203/results/pass_1/raw/20210301_2_7dpi4dpi_cabcr5inj2_W50_sp0.6_op80_GW_MMStack_Default_CSV-Table.csv
Submitted job 201 with external jobid 'Job <1133101> is submitted to default queue <research-rh74>.'.

[Sun Mar  7 15:03:12 2021]
rule full_ilastik_track:
    input: /hps/research1/birney/users/ian/opto_res/videos/20210203/h5s/20210301_9_7dpi4dpi_cabcr5inj2_W50_sp0.6_op100_GW_MMStack_Default.h5, /hps/research1/birney/users/ian/opto_res/videos/20210203/h5s/20210301_9_7dpi4dpi_cabcr5inj2_W50_sp0.6_op100_GW_MMStack_Default_Probabilities.h5
    output: /hps/research1/birney/users/ian/opto_res/videos/20210203/results/pass_1/raw/20210301_9_7dpi4dpi_cabcr5inj2_W50_sp0.6_op100_GW_MMStack_Default_CSV-Table.csv.csv
    jobid: 208
    wildcards: sample=20210301_9_7dpi4dpi_cabcr5inj2_W50_sp0.6_op100_GW_MMStack_Default

/ilastik-release/run_ilastik.sh           --headless           --readonly           --project=../ilastik/projects/20210107_test_anitrack.ilp           --raw_data=/hps/research1/birney/users/ian/opto_res/videos/20210203/h5s/20210301_9_7dpi4dpi_cabcr5inj2_W50_sp0.6_op100_GW_MMStack_Default.h5           --input_axes="tzyxc"           --prediction_maps=/hps/research1/birney/users/ian/opto_res/videos/20210203/h5s/20210301_9_7dpi4dpi_cabcr5inj2_W50_sp0.6_op100_GW_MMStack_Default_Probabilities.h5           --export_source="Plugin"           --export_plugin="CSV-Table"           --output_filename_format=/hps/research1/birney/users/ian/opto_res/videos/20210203/results/pass_1/raw/20210301_9_7dpi4dpi_cabcr5inj2_W50_sp0.6_op100_GW_MMStack_Default_CSV-Table.csv
Submitted job 208 with external jobid 'Job <1133102> is submitted to default queue <research-rh74>.'.

[Sun Mar  7 15:03:12 2021]
rule training_ilastik_track:
    input: /hps/research1/birney/users/ian/opto_res/ilastik/training/20210306/h5s/20210226_3_4dpi1dpi_cabcr5inj2_W50_sp1_op50_GW_MMStack_Default.h5, /hps/research1/birney/users/ian/opto_res/ilastik/training/20210306/h5s/20210226_3_4dpi1dpi_cabcr5inj2_W50_sp1_op50_GW_MMStack_Default_Probabilities.h5
    output: /hps/research1/birney/users/ian/opto_res/ilastik/training/20210306/results/pass_1/raw/20210226_3_4dpi1dpi_cabcr5inj2_W50_sp1_op50_GW_MMStack_Default_CSV-Table.csv.csv
    jobid: 159
    wildcards: sample=20210226_3_4dpi1dpi_cabcr5inj2_W50_sp1_op50_GW_MMStack_Default

/ilastik-release/run_ilastik.sh           --headless           --readonly           --project=../ilastik/projects/20210107_test_anitrack.ilp           --raw_data=/hps/research1/birney/users/ian/opto_res/ilastik/training/20210306/h5s/20210226_3_4dpi1dpi_cabcr5inj2_W50_sp1_op50_GW_MMStack_Default.h5           --input_axes="ztyxc"           --prediction_maps=/hps/research1/birney/users/ian/opto_res/ilastik/training/20210306/h5s/20210226_3_4dpi1dpi_cabcr5inj2_W50_sp1_op50_GW_MMStack_Default_Probabilities.h5           --export_source="Plugin"           --export_plugin="CSV-Table"           --output_filename_format=/hps/research1/birney/users/ian/opto_res/ilastik/training/20210306/results/pass_1/raw/20210226_3_4dpi1dpi_cabcr5inj2_W50_sp1_op50_GW_MMStack_Default_CSV-Table.csv
Submitted job 159 with external jobid 'Job <1133103> is submitted to default queue <research-rh74>.'.

[Sun Mar  7 15:03:13 2021]
rule full_ilastik_track:
    input: /hps/research1/birney/users/ian/opto_res/videos/20210203/h5s/20210226_6_4dpi1dpi_cabcr5inj2_W50_sp1_op80_LGG_MMStack_Default.h5, /hps/research1/birney/users/ian/opto_res/videos/20210203/h5s/20210226_6_4dpi1dpi_cabcr5inj2_W50_sp1_op80_LGG_MMStack_Default_Probabilities.h5
    output: /hps/research1/birney/users/ian/opto_res/videos/20210203/results/pass_1/raw/20210226_6_4dpi1dpi_cabcr5inj2_W50_sp1_op80_LGG_MMStack_Default_CSV-Table.csv.csv
    jobid: 188
    wildcards: sample=20210226_6_4dpi1dpi_cabcr5inj2_W50_sp1_op80_LGG_MMStack_Default

/ilastik-release/run_ilastik.sh           --headless           --readonly           --project=../ilastik/projects/20210107_test_anitrack.ilp           --raw_data=/hps/research1/birney/users/ian/opto_res/videos/20210203/h5s/20210226_6_4dpi1dpi_cabcr5inj2_W50_sp1_op80_LGG_MMStack_Default.h5           --input_axes="tzyxc"           --prediction_maps=/hps/research1/birney/users/ian/opto_res/videos/20210203/h5s/20210226_6_4dpi1dpi_cabcr5inj2_W50_sp1_op80_LGG_MMStack_Default_Probabilities.h5           --export_source="Plugin"           --export_plugin="CSV-Table"           --output_filename_format=/hps/research1/birney/users/ian/opto_res/videos/20210203/results/pass_1/raw/20210226_6_4dpi1dpi_cabcr5inj2_W50_sp1_op80_LGG_MMStack_Default_CSV-Table.csv
Submitted job 188 with external jobid 'Job <1133104> is submitted to default queue <research-rh74>.'.

[Sun Mar  7 15:03:13 2021]
rule full_ilastik_track:
    input: /hps/research1/birney/users/ian/opto_res/videos/20210203/h5s/20210301_11_7dpi4dpi_cabcr5inj2_W50_sp0.6_op100_GW_MMStack_Default.h5, /hps/research1/birney/users/ian/opto_res/videos/20210203/h5s/20210301_11_7dpi4dpi_cabcr5inj2_W50_sp0.6_op100_GW_MMStack_Default_Probabilities.h5
    output: /hps/research1/birney/users/ian/opto_res/videos/20210203/results/pass_1/raw/20210301_11_7dpi4dpi_cabcr5inj2_W50_sp0.6_op100_GW_MMStack_Default_CSV-Table.csv.csv
    jobid: 197
    wildcards: sample=20210301_11_7dpi4dpi_cabcr5inj2_W50_sp0.6_op100_GW_MMStack_Default

/ilastik-release/run_ilastik.sh           --headless           --readonly           --project=../ilastik/projects/20210107_test_anitrack.ilp           --raw_data=/hps/research1/birney/users/ian/opto_res/videos/20210203/h5s/20210301_11_7dpi4dpi_cabcr5inj2_W50_sp0.6_op100_GW_MMStack_Default.h5           --input_axes="tzyxc"           --prediction_maps=/hps/research1/birney/users/ian/opto_res/videos/20210203/h5s/20210301_11_7dpi4dpi_cabcr5inj2_W50_sp0.6_op100_GW_MMStack_Default_Probabilities.h5           --export_source="Plugin"           --export_plugin="CSV-Table"           --output_filename_format=/hps/research1/birney/users/ian/opto_res/videos/20210203/results/pass_1/raw/20210301_11_7dpi4dpi_cabcr5inj2_W50_sp0.6_op100_GW_MMStack_Default_CSV-Table.csv
Submitted job 197 with external jobid 'Job <1133105> is submitted to default queue <research-rh74>.'.
[Sun Mar  7 15:06:06 2021]
Finished job 159.
1 of 19 steps (5%) done
[Sun Mar  7 15:10:54 2021]
Error in rule full_ilastik_track:
    jobid: 193
    output: /hps/research1/birney/users/ian/opto_res/videos/20210203/results/pass_1/raw/20210227_5_5dpi2dpi_cabcr5inj2_W50_sp1_op80_LGG_MMStack_Default_CSV-Table.csv.csv
    shell:
        /ilastik-release/run_ilastik.sh           --headless           --readonly           --project=../ilastik/projects/20210107_test_anitrack.ilp           --raw_data=/hps/research1/birney/users/ian/opto_res/videos/20210203/h5s/20210227_5_5dpi2dpi_cabcr5inj2_W50_sp1_op80_LGG_MMStack_Default.h5           --input_axes="tzyxc"           --prediction_maps=/hps/research1/birney/users/ian/opto_res/videos/20210203/h5s/20210227_5_5dpi2dpi_cabcr5inj2_W50_sp1_op80_LGG_MMStack_Default_Probabilities.h5           --export_source="Plugin"           --export_plugin="CSV-Table"           --output_filename_format=/hps/research1/birney/users/ian/opto_res/videos/20210203/results/pass_1/raw/20210227_5_5dpi2dpi_cabcr5inj2_W50_sp1_op80_LGG_MMStack_Default_CSV-Table.csv
        (one of the commands exited with non-zero exit code; note that snakemake uses bash strict mode!)
    cluster_jobid: Job <1133100> is submitted to default queue <research-rh74>.

Error executing rule full_ilastik_track on cluster (jobid: 193, external: Job <1133100> is submitted to default queue <research-rh74>., jobscript: /hps/research1/birney/users/ian/opto_res/cos_opto_res/.snakemake/tmp._uybwsb3/snakejob.full_ilastik_track.193.sh). For error details see the cluster log and the log files of the involved rule(s).
Job failed, going on with independent jobs.
[Sun Mar  7 15:11:48 2021]
Error in rule full_ilastik_track:
    jobid: 200
    output: /hps/research1/birney/users/ian/opto_res/videos/20210203/results/pass_1/raw/20210301_14_7dpi4dpi_cabcr5inj2_W50_sp0.6_op80_LGG_MMStack_Default_CSV-Table.csv.csv
    shell:
        /ilastik-release/run_ilastik.sh           --headless           --readonly           --project=../ilastik/projects/20210107_test_anitrack.ilp           --raw_data=/hps/research1/birney/users/ian/opto_res/videos/20210203/h5s/20210301_14_7dpi4dpi_cabcr5inj2_W50_sp0.6_op80_LGG_MMStack_Default.h5           --input_axes="tzyxc"           --prediction_maps=/hps/research1/birney/users/ian/opto_res/videos/20210203/h5s/20210301_14_7dpi4dpi_cabcr5inj2_W50_sp0.6_op80_LGG_MMStack_Default_Probabilities.h5           --export_source="Plugin"           --export_plugin="CSV-Table"           --output_filename_format=/hps/research1/birney/users/ian/opto_res/videos/20210203/results/pass_1/raw/20210301_14_7dpi4dpi_cabcr5inj2_W50_sp0.6_op80_LGG_MMStack_Default_CSV-Table.csv
        (one of the commands exited with non-zero exit code; note that snakemake uses bash strict mode!)
    cluster_jobid: Job <1133088> is submitted to default queue <research-rh74>.

Error executing rule full_ilastik_track on cluster (jobid: 200, external: Job <1133088> is submitted to default queue <research-rh74>., jobscript: /hps/research1/birney/users/ian/opto_res/cos_opto_res/.snakemake/tmp._uybwsb3/snakejob.full_ilastik_track.200.sh). For error details see the cluster log and the log files of the involved rule(s).
Job failed, going on with independent jobs.
[Sun Mar  7 15:12:10 2021]
Error in rule full_ilastik_track:
    jobid: 198
    output: /hps/research1/birney/users/ian/opto_res/videos/20210203/results/pass_1/raw/20210301_12_7dpi4dpi_cabcr5inj2_W50_sp0.6_op80_LGG_MMStack_Default_CSV-Table.csv.csv
    shell:
        /ilastik-release/run_ilastik.sh           --headless           --readonly           --project=../ilastik/projects/20210107_test_anitrack.ilp           --raw_data=/hps/research1/birney/users/ian/opto_res/videos/20210203/h5s/20210301_12_7dpi4dpi_cabcr5inj2_W50_sp0.6_op80_LGG_MMStack_Default.h5           --input_axes="tzyxc"           --prediction_maps=/hps/research1/birney/users/ian/opto_res/videos/20210203/h5s/20210301_12_7dpi4dpi_cabcr5inj2_W50_sp0.6_op80_LGG_MMStack_Default_Probabilities.h5           --export_source="Plugin"           --export_plugin="CSV-Table"           --output_filename_format=/hps/research1/birney/users/ian/opto_res/videos/20210203/results/pass_1/raw/20210301_12_7dpi4dpi_cabcr5inj2_W50_sp0.6_op80_LGG_MMStack_Default_CSV-Table.csv
        (one of the commands exited with non-zero exit code; note that snakemake uses bash strict mode!)
    cluster_jobid: Job <1133087> is submitted to default queue <research-rh74>.

Error executing rule full_ilastik_track on cluster (jobid: 198, external: Job <1133087> is submitted to default queue <research-rh74>., jobscript: /hps/research1/birney/users/ian/opto_res/cos_opto_res/.snakemake/tmp._uybwsb3/snakejob.full_ilastik_track.198.sh). For error details see the cluster log and the log files of the involved rule(s).
Job failed, going on with independent jobs.
[Sun Mar  7 15:13:28 2021]
Finished job 190.
2 of 19 steps (11%) done
[Sun Mar  7 15:13:39 2021]
Finished job 191.
3 of 19 steps (16%) done
[Sun Mar  7 15:14:23 2021]
Finished job 189.
4 of 19 steps (21%) done
[Sun Mar  7 15:15:18 2021]
Finished job 205.
5 of 19 steps (26%) done
[Sun Mar  7 15:15:18 2021]
Finished job 207.
6 of 19 steps (32%) done
[Sun Mar  7 15:16:00 2021]
Finished job 192.
7 of 19 steps (37%) done
[Sun Mar  7 15:16:00 2021]
Error in rule full_ilastik_track:
    jobid: 187
    output: /hps/research1/birney/users/ian/opto_res/videos/20210203/results/pass_1/raw/20210226_5_4dpi1dpi_cabcr5inj2_W50_sp1_op80_LGG_MMStack_Default_CSV-Table.csv.csv
    shell:
        /ilastik-release/run_ilastik.sh           --headless           --readonly           --project=../ilastik/projects/20210107_test_anitrack.ilp           --raw_data=/hps/research1/birney/users/ian/opto_res/videos/20210203/h5s/20210226_5_4dpi1dpi_cabcr5inj2_W50_sp1_op80_LGG_MMStack_Default.h5           --input_axes="tzyxc"           --prediction_maps=/hps/research1/birney/users/ian/opto_res/videos/20210203/h5s/20210226_5_4dpi1dpi_cabcr5inj2_W50_sp1_op80_LGG_MMStack_Default_Probabilities.h5           --export_source="Plugin"           --export_plugin="CSV-Table"           --output_filename_format=/hps/research1/birney/users/ian/opto_res/videos/20210203/results/pass_1/raw/20210226_5_4dpi1dpi_cabcr5inj2_W50_sp1_op80_LGG_MMStack_Default_CSV-Table.csv
        (one of the commands exited with non-zero exit code; note that snakemake uses bash strict mode!)
    cluster_jobid: Job <1133094> is submitted to default queue <research-rh74>.

Error executing rule full_ilastik_track on cluster (jobid: 187, external: Job <1133094> is submitted to default queue <research-rh74>., jobscript: /hps/research1/birney/users/ian/opto_res/cos_opto_res/.snakemake/tmp._uybwsb3/snakejob.full_ilastik_track.187.sh). For error details see the cluster log and the log files of the involved rule(s).
Job failed, going on with independent jobs.
[Sun Mar  7 15:17:40 2021]
Finished job 204.
8 of 19 steps (42%) done
[Sun Mar  7 15:17:50 2021]
Finished job 208.
9 of 19 steps (47%) done
[Sun Mar  7 15:18:40 2021]
Finished job 201.
10 of 19 steps (53%) done
[Sun Mar  7 15:19:41 2021]
Finished job 197.
11 of 19 steps (58%) done
[Sun Mar  7 15:21:31 2021]
Finished job 186.
12 of 19 steps (63%) done
[Sun Mar  7 15:21:31 2021]
Error in rule full_ilastik_track:
    jobid: 188
    output: /hps/research1/birney/users/ian/opto_res/videos/20210203/results/pass_1/raw/20210226_6_4dpi1dpi_cabcr5inj2_W50_sp1_op80_LGG_MMStack_Default_CSV-Table.csv.csv
    shell:
        /ilastik-release/run_ilastik.sh           --headless           --readonly           --project=../ilastik/projects/20210107_test_anitrack.ilp           --raw_data=/hps/research1/birney/users/ian/opto_res/videos/20210203/h5s/20210226_6_4dpi1dpi_cabcr5inj2_W50_sp1_op80_LGG_MMStack_Default.h5           --input_axes="tzyxc"           --prediction_maps=/hps/research1/birney/users/ian/opto_res/videos/20210203/h5s/20210226_6_4dpi1dpi_cabcr5inj2_W50_sp1_op80_LGG_MMStack_Default_Probabilities.h5           --export_source="Plugin"           --export_plugin="CSV-Table"           --output_filename_format=/hps/research1/birney/users/ian/opto_res/videos/20210203/results/pass_1/raw/20210226_6_4dpi1dpi_cabcr5inj2_W50_sp1_op80_LGG_MMStack_Default_CSV-Table.csv
        (one of the commands exited with non-zero exit code; note that snakemake uses bash strict mode!)
    cluster_jobid: Job <1133104> is submitted to default queue <research-rh74>.

Error executing rule full_ilastik_track on cluster (jobid: 188, external: Job <1133104> is submitted to default queue <research-rh74>., jobscript: /hps/research1/birney/users/ian/opto_res/cos_opto_res/.snakemake/tmp._uybwsb3/snakejob.full_ilastik_track.188.sh). For error details see the cluster log and the log files of the involved rule(s).
Job failed, going on with independent jobs.
Terminating processes on user request, this might take some time.
Will exit after finishing currently running jobs.
Complete log: /hps/research1/birney/users/ian/opto_res/cos_opto_res/.snakemake/log/2021-03-07T150306.898385.snakemake.log
