Building DAG of jobs...
Using shell: /usr/local/bin/bash
Provided cluster nodes: 5000
Job counts:
	count	jobs
	1	all
	26	draw_lanes
	17	extract_training_frames
	17	training_tif2h5
	61

[Mon Mar  8 11:22:57 2021]
rule draw_lanes:
    input: /hps/research1/birney/users/ian/opto_res/videos/20210203/tifs/20210301_6_7dpi4dpi_cabcr5inj2_W50_sp0.6_op20_GW_MMStack_Default.ome.tif
    output: plots/20210203/lane_demarcations/20210301_6_7dpi4dpi_cabcr5inj2_W50_sp0.6_op20_GW_MMStack_Default.png
    jobid: 49
    wildcards: sample=20210301_6_7dpi4dpi_cabcr5inj2_W50_sp0.6_op20_GW_MMStack_Default

Submitted job 49 with external jobid 'Job <1186121> is submitted to default queue <research-rh74>.'.

[Mon Mar  8 11:22:57 2021]
rule extract_training_frames:
    input: /hps/research1/birney/users/ian/opto_res/videos/20210203/tifs/20210227_5_5dpi2dpi_cabcr5inj2_W50_sp1_op80_LGG_MMStack_Default.ome.tif
    output: /hps/research1/birney/users/ian/opto_res/ilastik/training/20210306/pass_2/tifs/20210227_5_5dpi2dpi_cabcr5inj2_W50_sp1_op80_LGG_MMStack_Default.ome.tif
    jobid: 55
    wildcards: sample=20210227_5_5dpi2dpi_cabcr5inj2_W50_sp1_op80_LGG_MMStack_Default

InputFunctionException in line 78 of /hps/research1/birney/users/ian/opto_res/cos_opto_res/code/snakemake/20210203/Snakefile:
Error:
  AttributeError: 'Wildcards' object has no attribute 'training_sample'
Wildcards:
  sample=20210227_5_5dpi2dpi_cabcr5inj2_W50_sp1_op80_LGG_MMStack_Default
Traceback:
  File "/hps/research1/birney/users/ian/opto_res/cos_opto_res/code/snakemake/20210203/Snakefile", line 82, in <lambda>
  File "/nfs/research1/birney/users/brettell/anaconda3/envs/snakemake/lib/python3.9/site-packages/snakemake/executors/__init__.py", line 131, in run_jobs
  File "/nfs/research1/birney/users/brettell/anaconda3/envs/snakemake/lib/python3.9/site-packages/snakemake/executors/__init__.py", line 926, in run
  File "/nfs/research1/birney/users/brettell/anaconda3/envs/snakemake/lib/python3.9/site-packages/snakemake/executors/__init__.py", line 722, in get_jobscript
  File "/nfs/research1/birney/users/brettell/anaconda3/envs/snakemake/lib/python3.9/site-packages/snakemake/executors/__init__.py", line 811, in cluster_wildcards
  File "/nfs/research1/birney/users/brettell/anaconda3/envs/snakemake/lib/python3.9/site-packages/snakemake/executors/__init__.py", line 792, in cluster_params
